query_id,best_hit,best_evalue,best_score,score_mean,score_std,score_gmean
tr|A0A8Q3SIG1|A0A8Q3SIG1_HUMAN,1LSH_A,1.6e-58,545.11,229.19,169.61,178.69
tr|F8VR84|F8VR84_HUMAN,4ZGJ_A,98.0,26.93,nan,nan,nan
tr|C9J2M4|C9J2M4_HUMAN,6FAD_C,4.8e-124,936.21,122.98,58.04,118.35
tr|C9IYQ7|C9IYQ7_HUMAN,7N9F_U,890.0,22.62,nan,nan,nan
tr|A0A1B0GVT3|A0A1B0GVT3_HUMAN,6KIP_B,1.2e-38,265.2,165.30,60.86,155.57
tr|E9PNY7|E9PNY7_HUMAN,4C0B_D,2.7,33.88,nan,nan,nan
sp|Q8NC24|RELL2_HUMAN,6UM1_A,210.0,34.72,nan,nan,nan
sp|Q9ULD6|INTU_HUMAN,4QL6_C,0.45,52.95,nan,nan,nan
tr|H7BZE1|H7BZE1_HUMAN,2H8H_A,3.7,33.04,nan,nan,nan
tr|A0A590UJE9|A0A590UJE9_HUMAN,6B3E_C,2e-14,94.99,60.50,4.58,60.34
tr|Q5W005|Q5W005_HUMAN,6VWU_A,7.1e-06,64.08,59.55,4.54,59.37
tr|J3QKV2|J3QKV2_HUMAN,4YG8_A,170.0,23.55,nan,nan,nan
tr|K4DI97|K4DI97_HUMAN,4W9W_A,3.1e-48,277.09,164.41,13.55,163.92
tr|H7C4M5|H7C4M5_HUMAN,3WOZ_B,8.2,28.12,nan,nan,nan
tr|C9J3C8|C9J3C8_HUMAN,4P02_B,61.0,26.44,nan,nan,nan
tr|J3KT59|J3KT59_HUMAN,5TSA_A,69.0,20.69,nan,nan,nan
tr|V9GYY3|V9GYY3_HUMAN,5A4J_D,1.6e-144,1126.23,389.57,301.67,294.48
sp|Q6P9A1|ZN530_HUMAN,6QNX_C,7.5e-53,428.49,98.00,54.35,87.21
sp|Q13323|BIK_HUMAN,1DDB_A,31.0,28.0,nan,nan,nan
sp|Q9UKT7|FBXL3_HUMAN,4I6J_B,1.6e-37,242.31,101.56,63.17,89.33
tr|M0R0A8|M0R0A8_HUMAN,7CTP_A,1e-85,637.78,637.78,0.00,637.78
tr|E9PAZ4|E9PAZ4_HUMAN,5ZWM_N,2.8,38.98,nan,nan,nan
tr|V9GYI8|V9GYI8_HUMAN,2C7N_K,3.1e-16,90.19,76.77,15.36,75.13
tr|B8ZZ54|B8ZZ54_HUMAN,7EKQ_Q,1.6e-08,60.75,55.19,3.78,55.05
tr|H3BRM7|H3BRM7_HUMAN,6OWT_A,1.3e-16,125.88,82.43,17.20,80.92
tr|A0A7I2V481|A0A7I2V481_HUMAN,4X2M_B,3.7,25.8,nan,nan,nan
tr|A0A286YFF3|A0A286YFF3_HUMAN,6FSW_A,1.6,31.14,nan,nan,nan
sp|P0C025|NUD17_HUMAN,5LF8_A,2.6e-62,408.8,72.51,58.04,65.72
tr|A0A0U1RQV4|A0A0U1RQV4_HUMAN,4YVC_A,1.3e-77,541.42,222.71,33.80,220.86
tr|A0A0U1RQP7|A0A0U1RQP7_HUMAN,1QC6_B,3.2e-11,78.66,63.67,7.19,63.27
sp|A6NJB7|PRR19_HUMAN,6L5D_B,120.0,27.2,nan,nan,nan
tr|C9J5Z8|C9J5Z8_HUMAN,7NFX_v,6.3e-17,103.15,98.84,4.32,98.74
tr|G3V5R3|G3V5R3_HUMAN,5Z58_R,1.8e-54,385.11,328.90,94.32,308.86
sp|Q9Y253|POLH_HUMAN,7M7N_A,3.8e-55,413.24,284.31,85.18,264.07
sp|Q96NJ1|YI001_HUMAN,6H9C_S,740.0,22.01,nan,nan,nan
sp|Q07890|SOS2_HUMAN,3KSY_A,4.4e-153,1216.65,183.24,167.45,147.86
tr|A0A6Q8PHH3|A0A6Q8PHH3_HUMAN,6TED_Z,30.0,27.2,nan,nan,nan
tr|C9JWQ9|C9JWQ9_HUMAN,1N35_A,300.0,29.18,nan,nan,nan
sp|Q7Z406|MYH14_HUMAN,6Z47_G,2.5e-215,1881.3,835.43,462.22,589.98
sp|Q96PQ6|ZN317_HUMAN,6QNX_C,1.7e-51,418.28,98.70,52.57,88.77
tr|E9PGM7|E9PGM7_HUMAN,2KMU_A,1.2,33.12,nan,nan,nan
tr|A0A6Q8PHM6|A0A6Q8PHM6_HUMAN,6PNJ_L,120.0,21.94,nan,nan,nan
tr|M0R008|M0R008_HUMAN,5IV5_FD,130.0,22.99,nan,nan,nan
tr|C9K048|C9K048_HUMAN,3VRP_A,1.3e-43,287.79,175.58,59.21,166.78
tr|C9J5G3|C9J5G3_HUMAN,6U6T_B,2.4e-16,104.58,72.52,5.22,72.34
tr|A0A7P0T9U8|A0A7P0T9U8_HUMAN,6PST_J,53.0,33.45,nan,nan,nan
tr|A0A7P0T953|A0A7P0T953_HUMAN,7NXD_A,33.0,30.37,nan,nan,nan
tr|D6RD89|D6RD89_HUMAN,2VZV_B,20.0,26.98,nan,nan,nan
tr|D6RDK9|D6RDK9_HUMAN,4CHD_A,64.0,25.93,nan,nan,nan
tr|A0A7I2V4R0|A0A7I2V4R0_HUMAN,1MQS_A,1.6e-76,571.5,358.59,78.74,348.15
tr|K7N799|K7N799_HUMAN,3WQZ_B,2.6e-05,64.06,56.85,2.01,56.81
tr|A0A0G2JR26|A0A0G2JR26_HUMAN,4ZO4_D,23.0,28.45,nan,nan,nan
tr|K7ES30|K7ES30_HUMAN,6C9J_A,130.0,21.94,nan,nan,nan
sp|Q9H607|OCEL1_HUMAN,7OKY_M,5.4e-15,136.14,116.47,11.73,115.90
tr|K7EJP8|K7EJP8_HUMAN,7O75_W,17.0,33.56,nan,nan,nan
tr|A0A2R8YGZ0|A0A2R8YGZ0_HUMAN,6NYY_C,4.8e-41,294.79,131.20,70.86,114.56
sp|Q9NY57|ST32B_HUMAN,4FR4_B,5.6e-73,451.14,202.63,20.33,201.79
tr|A0A8I5KUM3|A0A8I5KUM3_HUMAN,5YBJ_A,6.4e-37,248.68,128.35,22.50,126.50
sp|Q16586|SGCA_HUMAN,6SEQ_A,93.0,37.39,nan,nan,nan
tr|B4DPG6|B4DPG6_HUMAN,4Y23_A,5.7e-14,130.09,96.22,19.86,94.35
sp|Q8N8E3|CE112_HUMAN,6SO3_B,0.6,56.43,nan,nan,nan
tr|B7Z7G7|B7Z7G7_HUMAN,6XJL_A,1.4e-22,171.43,128.94,17.87,127.65
sp|Q8N859|ZN713_HUMAN,6QNX_C,1.2e-26,230.41,92.47,41.29,83.77
tr|H7C4J1|H7C4J1_HUMAN,6FML_J,4e-06,78.86,76.23,2.07,76.20
tr|H0YE91|H0YE91_HUMAN,5WUS_A,1.9e-26,173.89,104.00,26.32,100.73
tr|F5GWF3|F5GWF3_HUMAN,3KQ4_D,5.8e-07,67.51,61.13,4.44,60.96
tr|A0A2R8Y7H6|A0A2R8Y7H6_HUMAN,1T98_A,150.0,18.88,nan,nan,nan
sp|Q9BQY6|WFDC6_HUMAN,2W8X_A,0.021,38.5,nan,nan,nan
tr|A0A8I5KXT5|A0A8I5KXT5_HUMAN,5NZV_J,3.3e-20,196.72,115.71,13.13,115.06
tr|F5H2C9|F5H2C9_HUMAN,7KPU_D,0.008,37.09,nan,nan,nan
tr|A0A7P0T947|A0A7P0T947_HUMAN,3IAG_C,7.3e-126,893.51,861.23,26.99,860.80
tr|B7Z7N5|B7Z7N5_HUMAN,7EWR_C,9e-99,716.99,139.62,161.07,106.89
tr|A0A7P0Z4J9|A0A7P0Z4J9_HUMAN,4JHN_D,2e-16,162.33,106.54,17.55,105.17
tr|E5RG65|E5RG65_HUMAN,6BEL_A,0.029,35.09,nan,nan,nan
tr|C9JJ47|C9JJ47_HUMAN,3ML6_C,3.4e-21,155.79,116.81,19.96,115.10
tr|D6RAR3|D6RAR3_HUMAN,5XVX_A,110.0,25.78,nan,nan,nan
tr|F5H2G6|F5H2G6_HUMAN,6HIX_BC,3.3e-24,189.42,138.01,20.12,136.32
tr|A0A7I2PK40|A0A7I2PK40_HUMAN,5Y7Y_A,7e-32,230.22,111.53,36.92,106.72
tr|H9KVA6|H9KVA6_HUMAN,4B1V_M,6.7e-08,53.59,53.59,0.00,53.59
tr|G3XAN0|G3XAN0_HUMAN,5T2A_AQ,2.8e-17,95.15,79.09,10.69,78.28
tr|H3BN84|H3BN84_HUMAN,3MEA_A,1e-22,143.58,132.69,14.34,131.84
tr|D6RD14|D6RD14_HUMAN,4MQW_Z,5.2,26.6,nan,nan,nan
tr|E7EUS6|E7EUS6_HUMAN,2YAD_C,3.3e-06,60.76,60.76,0.00,60.76
tr|E9PPB6|E9PPB6_HUMAN,3DO7_A,60.0,21.05,nan,nan,nan
sp|P61011|SRP54_HUMAN,7OBR_x,1.3e-108,770.7,136.51,129.07,103.67
sp|P34903|GBRA3_HUMAN,6X3T_E,1.9e-45,311.62,210.44,62.82,198.58
sp|A6NFC9|OR2W5_HUMAN,7DDZ_A,7.9e-15,130.3,105.44,8.56,105.06
tr|F8WCX4|F8WCX4_HUMAN,2DUR_A,16.0,23.5,nan,nan,nan
tr|E9PD12|E9PD12_HUMAN,4XI7_A,3.8e-76,552.08,161.32,52.46,155.27
sp|Q92610|ZN592_HUMAN,6QNX_C,2.3e-21,214.63,86.23,30.62,82.24
tr|Q5JXI2|Q5JXI2_HUMAN,2JTN_A,3.5e-14,90.22,65.92,9.79,65.27
sp|Q9Y2I6|NINL_HUMAN,7RRO_t,3.2e-06,96.25,76.14,9.90,75.52
tr|H0Y2P9|H0Y2P9_HUMAN,6IDF_B,120.0,30.38,nan,nan,nan
tr|F6S8Q4|F6S8Q4_HUMAN,6O5F_A,2.5e-74,487.38,207.22,65.33,195.89
tr|I3L369|I3L369_HUMAN,6FNY_A,39.0,20.94,nan,nan,nan
tr|A0A2C9F2M5|A0A2C9F2M5_HUMAN,7BVQ_B,2.3e-22,165.01,137.43,15.74,136.29
tr|A0A0B4J2A8|A0A0B4J2A8_HUMAN,5UX4_B,14.0,26.86,nan,nan,nan
tr|E9PPH8|E9PPH8_HUMAN,7TGQ_A,0.03,39.75,nan,nan,nan
sp|Q9ULZ0|T53G3_HUMAN,7NKS_A,220.0,26.25,nan,nan,nan
tr|S4R3P0|S4R3P0_HUMAN,4XO6_A,9.1e-32,195.29,133.87,16.86,132.89
tr|E9PMA2|E9PMA2_HUMAN,7CUN_K,3.7e-12,84.81,73.63,10.11,72.90
tr|M0R0T8|M0R0T8_HUMAN,1ODF_A,7.1e-08,71.12,57.93,7.19,57.50
tr|H3BRB0|H3BRB0_HUMAN,7C6O_A,550.0,30.18,nan,nan,nan
tr|B4DZU5|B4DZU5_HUMAN,7EGG_H,4.6e-53,357.36,198.20,131.33,154.44
tr|A0A5F9ZHI8|A0A5F9ZHI8_HUMAN,2K5C_A,16.0,32.53,nan,nan,nan
tr|E9PKB6|E9PKB6_HUMAN,6XBW_b,0.00018,46.03,nan,nan,nan
sp|P53539|FOSB_HUMAN,1HJB_D,3.5e-08,65.22,62.91,1.66,62.88
sp|Q96SE0|ABHD1_HUMAN,6NFF_A,2.9e-08,98.04,72.47,6.98,72.14
tr|H3BMR7|H3BMR7_HUMAN,6E7E_A,200.0,21.13,nan,nan,nan
tr|Q3BDU5|Q3BDU5_HUMAN,7D9N_A,3.4e-12,94.61,76.60,10.16,75.94
tr|B7ZBF2|B7ZBF2_HUMAN,3I6U_A,1.6e-17,113.81,80.81,6.49,80.56
sp|P46379|BAG6_HUMAN,7RUC_G,1.9e-28,222.83,158.34,55.11,148.69
sp|P15515|HIS1_HUMAN,5DO7_A,28.0,24.54,nan,nan,nan
tr|B1AR72|B1AR72_HUMAN,5YQZ_R,7.6e-12,108.05,91.12,9.31,90.63
tr|H0YDM4|H0YDM4_HUMAN,6B9H_A,2.7e-31,222.96,178.03,37.98,173.96
tr|A0A087WYF0|A0A087WYF0_HUMAN,6BK8_P,7.9e-07,81.9,81.90,0.00,81.90
tr|F2Z2N1|F2Z2N1_HUMAN,4L9I_B,98.0,25.04,nan,nan,nan
tr|C9JTB1|C9JTB1_HUMAN,1PRT_B,60.0,28.1,nan,nan,nan
sp|Q9Y6H8|CXA3_HUMAN,7JKC_D,1.7e-99,719.25,526.33,151.74,504.07
sp|Q86XK2|FBX11_HUMAN,7O7T_A,7.1e-14,134.81,96.63,12.72,95.84
tr|M0QXZ6|M0QXZ6_HUMAN,7BQQ_A,91.0,22.8,nan,nan,nan
tr|E5RII3|E5RII3_HUMAN,6ZP4_E,9.6e-18,116.8,106.62,9.53,106.19
tr|H0YMU5|H0YMU5_HUMAN,5IV5_HJ,47.0,19.23,nan,nan,nan
tr|E9PR58|E9PR58_HUMAN,6SNI_X,9.3e-41,304.7,304.70,0.00,304.70
sp|P61567|ENK7_HUMAN,6MAR_D,5.4e-11,107.6,107.60,0.00,107.60
tr|A0A2U3TZV8|A0A2U3TZV8_HUMAN,4GNK_D,1.6e-116,1012.11,430.84,386.81,237.41
tr|A0A494C0D5|A0A494C0D5_HUMAN,7P5J_A,68.0,25.39,nan,nan,nan
tr|E5RIH3|E5RIH3_HUMAN,7AQC_R,550.0,22.23,nan,nan,nan
tr|K7EM91|K7EM91_HUMAN,5H7V_A,6.5e-16,122.2,70.95,24.04,67.05
sp|Q49AG3|ZBED5_HUMAN,2BW3_A,1.1e-14,122.09,122.09,0.00,122.09
sp|Q6ZS81|WDFY4_HUMAN,1T77_B,1e-66,570.32,89.41,40.06,86.79
tr|H7C4T1|H7C4T1_HUMAN,6ODM_B,9700.0,22.61,nan,nan,nan
sp|Q8IU85|KCC1D_HUMAN,6T29_AAA,3.5e-86,522.16,246.77,22.80,245.89
tr|A0A087WWA2|A0A087WWA2_HUMAN,6S7T_E,180.0,22.85,nan,nan,nan
tr|C9JF15|C9JF15_HUMAN,3THD_D,3.5e-30,196.81,92.82,45.44,83.67
tr|A0A8I5KZ24|A0A8I5KZ24_HUMAN,5DM6_B,56.0,30.78,nan,nan,nan
sp|O00230|CORT_HUMAN,4GU5_A,190.0,23.5,nan,nan,nan
sp|Q8WVQ1|CANT1_HUMAN,1S1D_A,5.7e-104,729.24,729.24,0.00,729.24
sp|Q4KMZ8|NKAI1_HUMAN,6WVG_B,23.0,30.87,nan,nan,nan
tr|A0A8J9BYE6|A0A8J9BYE6_HUMAN,5YBJ_A,1.4e-35,246.63,129.36,22.60,127.52
tr|H7C3R6|H7C3R6_HUMAN,5YZ1_B,9.1e-31,197.16,154.08,35.49,150.15
sp|O43405|COCH_HUMAN,4CN9_B,3.4e-28,203.72,90.08,23.90,87.60
tr|A0A494C0U2|A0A494C0U2_HUMAN,1XSZ_B,1.5e-26,182.2,138.53,20.74,137.08
tr|A0A7P0T975|A0A7P0T975_HUMAN,6JPL_C,0.0089,55.59,nan,nan,nan
sp|Q86Y46|K2C73_HUMAN,3TNU_A,1.5e-14,97.1,67.31,11.72,66.35
sp|Q9NQW5|PRDM7_HUMAN,4IJD_A,1.9e-32,203.54,105.68,39.80,99.53
tr|A0A0C4DFW7|A0A0C4DFW7_HUMAN,6FMQ_B,2.2e-30,201.1,139.20,30.38,135.51
sp|O60575|ISK4_HUMAN,1HDL_A,3.8e-08,53.9,53.90,0.00,53.90
tr|A0A0G2JLW4|A0A0G2JLW4_HUMAN,2L4W_A,45.0,24.87,nan,nan,nan
sp|P10301|RRAS_HUMAN,7S0Z_D,1e-27,146.16,110.50,12.09,109.82
tr|K7EIL7|K7EIL7_HUMAN,3TJY_A,50.0,24.16,nan,nan,nan
sp|P35914|HMGCL_HUMAN,6NDS_A,7.4e-40,263.18,199.01,35.19,195.12
tr|F6M2K2|F6M2K2_HUMAN,7C4J_I,0.015,71.48,nan,nan,nan
sp|P57738|TCTA_HUMAN,3PVL_B,63.0,21.91,nan,nan,nan
sp|Q2TAZ0|ATG2A_HUMAN,6CBC_B,1e-16,157.97,157.97,0.00,157.97
sp|Q9NZM3|ITSN2_HUMAN,3JZY_A,5.1e-57,433.53,162.54,71.54,145.69
tr|H0YDU7|H0YDU7_HUMAN,7SID_A,6.4e-19,166.4,166.40,0.00,166.40
tr|H0YNG5|H0YNG5_HUMAN,3BVX_A,1.5e-135,1069.4,346.99,305.02,249.03
tr|J3KTJ3|J3KTJ3_HUMAN,4WZD_25,5.9e-19,108.25,92.56,8.09,92.18
tr|A0A087X223|A0A087X223_HUMAN,2L5Y_A,0.007,50.02,nan,nan,nan
tr|A0A494C1K2|A0A494C1K2_HUMAN,4NUT_B,14.0,25.06,nan,nan,nan
sp|Q6RW13|ATRAP_HUMAN,7F9O_9,120.0,23.96,nan,nan,nan
tr|A0A0S2Z3M4|A0A0S2Z3M4_HUMAN,1EFV_A,5.2e-56,358.32,261.44,117.70,222.13
tr|A0A1W2PNP0|A0A1W2PNP0_HUMAN,7W72_T,1.4e-110,805.46,805.46,0.00,805.46
tr|A0A0G2JKT9|A0A0G2JKT9_HUMAN,6Z1P_BR,16.0,16.12,nan,nan,nan
sp|Q9NZ52|GGA3_HUMAN,1OXZ_A,3.6e-34,254.63,126.92,35.28,122.74
tr|A0A075B7E7|A0A075B7E7_HUMAN,1XMH_D,95.0,26.71,nan,nan,nan
tr|E9PIS9|E9PIS9_HUMAN,6PE2_A,3.7e-06,63.06,51.35,10.36,50.29
tr|H3BUI1|H3BUI1_HUMAN,4ZSX_B,4.3,28.25,nan,nan,nan
tr|A0A1B0GVZ7|A0A1B0GVZ7_HUMAN,6ODM_B,10.0,40.13,nan,nan,nan
tr|E7ERH1|E7ERH1_HUMAN,7JVX_A,2.7e-51,380.42,282.77,76.20,263.34
tr|E9PFG9|E9PFG9_HUMAN,7KEK_E,28.0,35.89,nan,nan,nan
sp|Q9UNE7|CHIP_HUMAN,2C2L_A,3.6e-29,175.49,59.44,17.76,57.86
sp|P39210|MPV17_HUMAN,1I8N_B,39.0,28.47,nan,nan,nan
tr|A0A494C0A0|A0A494C0A0_HUMAN,4X4W_A,7.9e-12,94.81,72.90,7.34,72.57
tr|C9J9W0|C9J9W0_HUMAN,7K4E_A,1.6e-13,102.78,91.68,13.25,90.58
sp|Q14242|SELPL_HUMAN,7E5N_B,81.0,30.5,nan,nan,nan
tr|A0A8I5KRS3|A0A8I5KRS3_HUMAN,5VG2_B,48.0,22.38,nan,nan,nan
sp|Q02539|H11_HUMAN,7K63_U,1.1e-22,162.73,85.09,30.01,80.75
tr|A0A2R8Y693|A0A2R8Y693_HUMAN,6WCZ_A,1.4e-31,248.32,187.14,37.16,183.62
sp|Q9Y3T6|R3HC1_HUMAN,3CTR_A,3e-08,78.18,78.18,0.00,78.18
tr|F5H3P3|F5H3P3_HUMAN,1DOA_B,1.7e-40,254.75,223.94,36.31,220.60
sp|Q8WU79|SMAP2_HUMAN,3T9K_A,5e-24,185.11,124.78,31.56,120.38
tr|I3L4T5|I3L4T5_HUMAN,5HGZ_A,0.00022,43.51,nan,nan,nan
tr|H3BR27|H3BR27_HUMAN,7DVQ_4,7e-14,106.66,52.64,12.06,51.42
sp|Q9H0A6|RNF32_HUMAN,6ID1_q,5.4e-06,69.52,64.12,7.64,63.63
sp|Q9BXU9|CABP8_HUMAN,3Q5I_A,3.6e-11,96.72,63.95,12.21,62.75
tr|A0A8V8TMJ9|A0A8V8TMJ9_HUMAN,3L5H_A,6.5e-63,451.24,100.91,39.75,96.13
tr|M0R2G3|M0R2G3_HUMAN,7KZN_A,610.0,29.09,nan,nan,nan
sp|Q68E01|INT3_HUMAN,4OWT_A,1.7e-125,973.89,779.01,137.98,767.64
sp|Q6TCH4|PAQR6_HUMAN,5LX9_A,1.3e-32,228.15,220.54,7.61,220.41
tr|C9JUZ7|C9JUZ7_HUMAN,6N8S_A,3.8e-10,96.99,90.53,9.14,90.04
sp|P29373|RABP2_HUMAN,6I9F_A,1.5e-28,164.96,136.29,8.42,136.03
tr|A0A087WUE5|A0A087WUE5_HUMAN,5LTL_B,3e-16,95.91,72.45,6.20,72.19
tr|A0A590UK81|A0A590UK81_HUMAN,2XKX_B,1.2e-101,735.35,139.85,118.91,115.11
tr|K7EQ16|K7EQ16_HUMAN,6XQJ_A,1.2e-27,187.27,112.40,34.07,107.75
tr|A0A804HHW9|A0A804HHW9_HUMAN,7D5C_A,1.2e-134,1068.84,312.25,222.79,241.32
tr|A0A2R8YFM9|A0A2R8YFM9_HUMAN,6EWP_B,5.2,40.54,nan,nan,nan
tr|A0A8I5QJT4|A0A8I5QJT4_HUMAN,7W72_A,9.8e-05,75.21,nan,nan,nan
tr|R4GMT4|R4GMT4_HUMAN,6ONC_C,110.0,23.25,nan,nan,nan
tr|H0YNF7|H0YNF7_HUMAN,4APF_B,280.0,19.77,nan,nan,nan
tr|H0Y7Q8|H0Y7Q8_HUMAN,7NGQ_E,4.5e-15,147.24,88.85,20.39,86.78
tr|A0A2R8Y5P4|A0A2R8Y5P4_HUMAN,2NU8_B,0.003,47.32,nan,nan,nan
tr|F8W0F8|F8W0F8_HUMAN,6JPA_C,6.4e-26,181.12,108.58,38.62,101.79
sp|P36894|BMR1A_HUMAN,3MDY_C,1.4e-50,309.2,165.76,18.69,164.85
sp|Q9BT67|NFIP1_HUMAN,7JSX_H,17.0,31.5,nan,nan,nan
tr|F8WF11|F8WF11_HUMAN,6HIU_B,1.2,29.0,nan,nan,nan
tr|H0YBB7|H0YBB7_HUMAN,3IIB_A,0.017,44.49,nan,nan,nan
tr|A0A6Q8PGC7|A0A6Q8PGC7_HUMAN,3O4X_F,5.7e-43,342.67,209.17,76.40,193.11
tr|E9PLX2|E9PLX2_HUMAN,6QAJ_B,0.0009,50.7,nan,nan,nan
tr|A0A7P0TA62|A0A7P0TA62_HUMAN,5L78_B,3.4e-40,287.82,168.73,72.92,154.50
tr|A0A8I5KXB6|A0A8I5KXB6_HUMAN,3ZLC_B,5.4e-17,123.47,123.47,0.00,123.47
sp|Q9GZN6|S6A16_HUMAN,6M18_A,3.2e-68,516.6,388.60,63.89,383.63
tr|E5RHW1|E5RHW1_HUMAN,3LRN_B,210.0,17.81,nan,nan,nan
tr|E7EWR7|E7EWR7_HUMAN,6GML_X,8.1e-05,49.92,nan,nan,nan
tr|K7ERQ7|K7ERQ7_HUMAN,4JJJ_A,280.0,27.68,nan,nan,nan
tr|H0YFW5|H0YFW5_HUMAN,6Q9V_B,8.4e-29,176.68,149.47,15.46,148.55
tr|A0A3B3ITL6|A0A3B3ITL6_HUMAN,6V3F_A,670.0,21.97,nan,nan,nan
sp|Q96LC7|SIG10_HUMAN,5LFU_A,1.2e-27,208.63,108.85,21.69,106.90
tr|F8WCZ6|F8WCZ6_HUMAN,1ELV_A,8.7e-63,393.15,148.10,50.34,139.16
tr|B7Z4G6|B7Z4G6_HUMAN,6B3O_C,110.0,33.12,nan,nan,nan
sp|A6NDV4|TMM8B_HUMAN,6YXH_A,0.00083,59.25,nan,nan,nan
tr|H7C5C1|H7C5C1_HUMAN,5LC5_h,9.5e-16,107.53,102.41,2.76,102.37
tr|C9JD74|C9JD74_HUMAN,2PYQ_C,120.0,15.18,nan,nan,nan
tr|E5RG64|E5RG64_HUMAN,7KGV_B,3.2,30.2,nan,nan,nan
tr|A0A7I2V5G3|A0A7I2V5G3_HUMAN,6C9D_A,6.1e-76,511.03,216.82,22.54,215.91
tr|E9PKJ2|E9PKJ2_HUMAN,2ZVC_A,3.2,27.24,nan,nan,nan
sp|Q96QF0|RAB3I_HUMAN,4UJ5_C,3.4e-50,340.29,153.74,101.51,129.55
tr|S4R469|S4R469_HUMAN,7DVQ_4,1.6e-11,109.49,58.60,11.74,57.53
sp|P09661|RU2A_HUMAN,7DCO_o,3.2e-41,255.79,115.31,75.56,96.63
sp|Q9UJX4|APC5_HUMAN,7QE7_O,3.7e-69,494.64,388.55,150.03,350.75
tr|L0B1S6|L0B1S6_HUMAN,6QNX_C,1.8e-12,125.63,61.79,15.11,60.16
tr|F8WDY8|F8WDY8_HUMAN,2A1S_C,23.0,26.7,nan,nan,nan
tr|H0YN94|H0YN94_HUMAN,7RRO_H3,49.0,30.35,nan,nan,nan
sp|P12004|PCNA_HUMAN,5HAC_F,2e-34,227.9,182.83,21.34,181.47
tr|E9PQQ8|E9PQQ8_HUMAN,3L0S_C,1.1e-09,80.87,61.29,4.36,61.13
sp|A0A1B0GUA9|CM046_HUMAN,7ANE_BM,380.0,27.81,nan,nan,nan
tr|G3XAD3|G3XAD3_HUMAN,5KUH_A,2.1e-23,173.94,103.21,24.29,100.33
tr|A0A6Q8PG68|A0A6Q8PG68_HUMAN,7KAM_G,17.0,38.89,nan,nan,nan
tr|A0A994J6T4|A0A994J6T4_HUMAN,5HOU_A,1.5e-19,152.24,105.67,23.04,103.21
tr|A0A499FJL5|A0A499FJL5_HUMAN,5MSQ_A,2.5e-43,347.89,206.38,42.51,201.90
tr|C9J249|C9J249_HUMAN,4GS4_A,120.0,26.43,nan,nan,nan
tr|A0A0D9SGI5|A0A0D9SGI5_HUMAN,6BZ1_B,9.4e-15,87.98,64.04,12.67,62.91
tr|H0Y830|H0Y830_HUMAN,1WSP_B,9.2e-07,50.96,49.86,1.56,49.84
tr|A0A8I5KV85|A0A8I5KV85_HUMAN,6Y6E_A,5.3e-26,199.64,114.06,52.66,103.31
sp|Q9Y6D6|BIG1_HUMAN,5HAS_B,1.3e-52,436.33,288.25,38.97,286.04
tr|F8W7S1|F8W7S1_HUMAN,7NRC_A,44.0,40.23,nan,nan,nan
tr|H3BQX0|H3BQX0_HUMAN,5NW7_A,3.6e-32,224.37,169.09,44.10,162.79
tr|G3V5F5|G3V5F5_HUMAN,2JTN_A,6.2e-08,51.82,47.11,3.46,46.99
sp|Q86SG5|S1A7A_HUMAN,1PSR_B,1.1e-07,49.57,49.57,0.00,49.57
sp|O75159|SOCS5_HUMAN,2N34_A,5.4e-29,199.45,105.24,48.81,96.16
tr|H3BNZ3|H3BNZ3_HUMAN,2F05_A,13.0,24.88,nan,nan,nan
tr|J3QRL1|J3QRL1_HUMAN,5XV6_A,3.3e-08,61.63,56.62,3.54,56.52
sp|Q7Z4S6|KI21A_HUMAN,5MM7_K,5.7e-57,456.59,171.81,71.30,161.44
tr|A0A494C133|A0A494C133_HUMAN,6TMK_Q,170.0,26.5,nan,nan,nan
tr|A0A994J4X0|A0A994J4X0_HUMAN,7DL2_D,1.4,45.4,nan,nan,nan
tr|E9PS11|E9PS11_HUMAN,7KAM_G,190.0,25.1,nan,nan,nan
sp|P07204|TRBM_HUMAN,3M0C_C,1.6e-09,107.67,84.56,13.30,83.47
sp|Q6ZU52|K0408_HUMAN,7N9F_z,160.0,33.34,nan,nan,nan
sp|Q8NH50|OR8K5_HUMAN,7BVQ_B,1.1e-23,171.03,136.42,18.04,134.92
tr|F5GZ00|F5GZ00_HUMAN,5NCL_A,1.7e-27,203.38,160.48,11.56,160.07
tr|A0A7P0PE46|A0A7P0PE46_HUMAN,2VP4_D,7.3e-19,116.51,69.17,14.54,67.87
sp|Q9H3Z4|DNJC5_HUMAN,7KAM_D,1.5e-11,107.87,69.87,17.84,67.65
sp|Q9NX36|DJC28_HUMAN,3LZ8_B,0.00016,61.56,nan,nan,nan
sp|Q00604|NDP_HUMAN,5CL1_A,9.9e-14,99.36,76.66,15.59,75.13
sp|Q92911|SC5A5_HUMAN,7SL9_A,7.3e-69,519.12,209.88,132.31,175.94
tr|A6PVH9|A6PVH9_HUMAN,6KXU_C,1.7e-74,510.57,184.55,153.26,139.18
sp|Q96KF7|SMIM8_HUMAN,6LO8_B,170.0,25.63,nan,nan,nan
sp|O00479|HMGN4_HUMAN,6PX3_S,1300.0,21.85,nan,nan,nan
tr|A0A8I5KR00|A0A8I5KR00_HUMAN,3J09_A,0.00045,70.03,56.82,5.14,56.59
tr|A0A0A0MQS1|A0A0A0MQS1_HUMAN,3TRI_A,4.6e-37,235.49,95.49,38.32,89.54
tr|H0Y4Y2|H0Y4Y2_HUMAN,4QN9_B,5.9e-35,227.57,177.56,70.72,158.95
tr|F5GYM3|F5GYM3_HUMAN,4JVH_A,1.3e-45,281.02,192.79,47.51,186.29
sp|Q16762|THTR_HUMAN,1RHS_A,1.1e-35,228.8,130.66,50.77,119.70
sp|Q9HCM2|PLXA4_HUMAN,6VXK_B,1.1e-239,2090.83,635.66,449.18,494.54
tr|A0A1Y8EM58|A0A1Y8EM58_HUMAN,5CCB_B,350.0,13.33,nan,nan,nan
sp|Q9UKS6|PACN3_HUMAN,4BNE_B,3.8e-39,268.53,160.53,44.77,154.94
tr|F8VVJ1|F8VVJ1_HUMAN,6XYW_Bv,190.0,23.09,nan,nan,nan
tr|K7ESG6|K7ESG6_HUMAN,4LAY_A,2.6e-19,129.15,69.96,18.03,68.14
tr|A0A804HL50|A0A804HL50_HUMAN,7MN6_A,3e-27,289.63,201.57,64.45,190.80
tr|A0A1W2PS44|A0A1W2PS44_HUMAN,4A8J_D,1.2e-12,101.73,101.09,0.64,101.09
tr|K7EJJ2|K7EJJ2_HUMAN,6I4Y_B,60.0,16.5,nan,nan,nan
tr|A0A494C167|A0A494C167_HUMAN,6NT9_B,2.2e-143,1100.38,145.21,92.77,137.89
tr|E9PLV3|E9PLV3_HUMAN,6Q0X_D,16.0,34.37,nan,nan,nan
tr|A0A6Q8PG99|A0A6Q8PG99_HUMAN,6U42_7E,200.0,21.03,nan,nan,nan
tr|A0A7I2V3F6|A0A7I2V3F6_HUMAN,7RRO_R,71.0,31.03,nan,nan,nan
tr|A0A6Q8PG92|A0A6Q8PG92_HUMAN,6FUL_A,1.4e-89,716.18,114.88,79.71,105.27
tr|R4GN15|R4GN15_HUMAN,3A8P_B,1.3e-19,145.96,88.60,16.73,87.27
tr|Q49AN9|Q49AN9_HUMAN,5YZG_i,3.2e-09,73.09,55.66,6.60,55.27
tr|D3YTF2|D3YTF2_HUMAN,6QNX_C,2e-48,397.17,94.92,50.67,85.54
tr|S4R3G2|S4R3G2_HUMAN,6VGR_A,44.0,28.87,nan,nan,nan
sp|Q15661|TRYB1_HUMAN,6VVU_B,2.5e-56,302.52,176.52,62.45,162.22
tr|H0YLB1|H0YLB1_HUMAN,1ZAE_A,21.0,22.38,nan,nan,nan
sp|Q9NYB0|TE2IP_HUMAN,3K6G_B,6e-20,148.41,105.16,35.36,99.55
sp|O60266|ADCY3_HUMAN,6R4P_A,1.2e-78,689.59,151.76,149.55,121.57
sp|Q96RP8|KCNA7_HUMAN,7EJ1_D,5.2e-69,487.84,121.73,69.06,109.24
sp|P43004|EAA2_HUMAN,6MPB_A,2.1e-75,563.43,453.46,54.98,450.28
tr|H0Y2X4|H0Y2X4_HUMAN,3EGA_A,120.0,23.99,nan,nan,nan
tr|E9PN50|E9PN50_HUMAN,6FVT_M,4.8e-33,222.58,87.24,23.23,84.64
tr|E9PH71|E9PH71_HUMAN,6RO1_B,3e-13,95.62,79.09,16.53,77.35
sp|P01210|PENK_HUMAN,5AC4_A,79.0,29.93,nan,nan,nan
sp|Q8WXF1|PSPC1_HUMAN,6WMZ_A,8.2e-59,410.16,91.24,48.35,83.65
tr|D6RE72|D6RE72_HUMAN,7JRP_J,110.0,17.51,nan,nan,nan
sp|Q9NYI0|PSD3_HUMAN,4D7R_A,5e-50,407.67,200.24,82.03,184.15
tr|K7ELF6|K7ELF6_HUMAN,5AKO_C,81.0,23.97,nan,nan,nan
tr|C9J3D9|C9J3D9_HUMAN,4RER_A,1.7,38.22,nan,nan,nan
tr|A0A8I5KXQ2|A0A8I5KXQ2_HUMAN,6QAJ_B,2.3e-14,115.07,98.09,14.39,96.80
tr|J3KP36|J3KP36_HUMAN,6J4Z_W,350.0,34.95,nan,nan,nan
tr|D6R9A4|D6R9A4_HUMAN,2QIY_B,0.00073,34.64,nan,nan,nan
tr|H0YNE7|H0YNE7_HUMAN,3F1R_A,5.1e-25,162.27,137.26,26.34,133.48
sp|Q92567|F168A_HUMAN,5D1F_A,470.0,26.61,nan,nan,nan
tr|A0A494C040|A0A494C040_HUMAN,6YWY_7,9.7,27.01,nan,nan,nan
tr|A0A3B3IS41|A0A3B3IS41_HUMAN,5M0J_H,36.0,33.29,nan,nan,nan
tr|E9PS29|E9PS29_HUMAN,7T7C_H,0.00061,60.64,52.71,0.00,52.71
tr|A6NMQ3|A6NMQ3_HUMAN,6CB1_s,54.0,26.4,nan,nan,nan
tr|F8WFE7|F8WFE7_HUMAN,7MQA_LY,3.3e-07,59.6,59.60,0.00,59.60
tr|A0A1W2PQK2|A0A1W2PQK2_HUMAN,6NE6_A,6.3e-09,67.62,54.94,6.63,54.54
tr|F8W8W4|F8W8W4_HUMAN,6FJH_B,8.3e-13,105.34,78.65,10.12,77.99
sp|O95394|AGM1_HUMAN,2DKD_A,1.2e-87,617.17,201.49,144.39,173.43
tr|B4E3S5|B4E3S5_HUMAN,3Q2U_A,8.1e-18,104.41,80.64,11.18,79.85
sp|Q8IVW8|SPNS2_HUMAN,1PW4_A,7.5e-22,160.82,127.83,12.63,127.20
tr|A0A2R8YCL0|A0A2R8YCL0_HUMAN,6Z1P_BK,1.7e-11,102.05,84.14,6.77,83.87
sp|Q8N912|NRAC_HUMAN,1O5H_B,42.0,26.52,nan,nan,nan
tr|A0A3B3IRV2|A0A3B3IRV2_HUMAN,6X3M_I,7.5e-05,57.64,nan,nan,nan
tr|A0A2R8YGI6|A0A2R8YGI6_HUMAN,6UD5_B,75.0,32.51,nan,nan,nan
tr|J3KTJ7|J3KTJ7_HUMAN,6TBM_C,6.7,39.5,nan,nan,nan
tr|A0A087X203|A0A087X203_HUMAN,4B9D_B,1.1e-45,276.37,232.11,12.66,231.77
tr|F5GXF0|F5GXF0_HUMAN,7KW7_F,4.3e-38,324.38,125.71,53.37,115.38
tr|H0Y9S3|H0Y9S3_HUMAN,4FHG_A,25.0,27.6,nan,nan,nan
tr|E9PKF5|E9PKF5_HUMAN,1SZH_A,24.0,25.16,nan,nan,nan
tr|A0A3B3IS42|A0A3B3IS42_HUMAN,1ZCB_A,5.8e-07,53.79,52.02,1.78,51.99
tr|K7ENE1|K7ENE1_HUMAN,7CCS_A,2.3,35.96,nan,nan,nan
tr|K7EQL0|K7EQL0_HUMAN,7DVQ_4,0.0013,51.59,nan,nan,nan
tr|G3V4K3|G3V4K3_HUMAN,5BUZ_E,6.4e-31,233.35,172.11,66.05,156.68
sp|Q8NDY6|BHE23_HUMAN,4AYA_B,1.6e-06,60.41,60.41,0.00,60.41
tr|C9IYB4|C9IYB4_HUMAN,2PNR_B,1.8e-30,209.23,161.33,46.13,152.78
tr|E5RFU4|E5RFU4_HUMAN,4B90_A,2.4e-16,128.03,67.91,11.22,67.18
tr|A0A0G2JHL3|A0A0G2JHL3_HUMAN,5YZ0_C,3.9,41.74,nan,nan,nan
sp|Q9P0I2|EMC3_HUMAN,7ADO_C,2.7e-71,468.39,439.66,40.64,437.69
sp|Q99677|LPAR4_HUMAN,5XSZ_A,1.4e-35,237.68,179.40,27.98,176.47
sp|Q9NV92|NFIP2_HUMAN,6PVP_B,10.0,36.64,nan,nan,nan
tr|F2Z2X3|F2Z2X3_HUMAN,6D0T_A,89.0,22.21,nan,nan,nan
tr|A0A087X0W0|A0A087X0W0_HUMAN,5HZH_A,7.4,22.44,nan,nan,nan
tr|M0QYX4|M0QYX4_HUMAN,7N9F_x,12.0,37.63,nan,nan,nan
sp|A8MWD9|RUXGL_HUMAN,5YZG_i,1.1e-09,77.48,57.68,7.08,57.25
tr|A0A087WTE4|A0A087WTE4_HUMAN,4WRM_A,1e-39,282.35,190.52,34.96,187.48
sp|P27540|ARNT_HUMAN,5V0L_A,7.4e-38,277.8,141.55,62.91,127.26
sp|P17029|ZKSC1_HUMAN,6QNX_C,6.6e-31,267.23,98.84,44.31,90.03
sp|Q8IWZ6|BBS7_HUMAN,6VBV_7,1.9e-108,794.67,357.03,288.66,257.49
tr|A0A2R8YDA3|A0A2R8YDA3_HUMAN,6WUD_B,9.3e-09,74.59,74.59,0.00,74.59
sp|Q9HAP6|LIN7B_HUMAN,3UIT_D,3.4e-16,121.71,59.34,20.38,56.50
tr|B1APF7|B1APF7_HUMAN,2UZV_A,3.6e-29,172.41,116.07,10.61,115.63
tr|E9PKA1|E9PKA1_HUMAN,7DVQ_4,0.00025,52.38,nan,nan,nan
tr|A0A3B3ISX6|A0A3B3ISX6_HUMAN,1JR2_A,7.2e-13,94.02,73.30,8.26,72.89
tr|A0A804HK86|A0A804HK86_HUMAN,1X9D_A,2.7e-96,724.97,460.60,85.91,453.92
tr|H0Y4Y6|H0Y4Y6_HUMAN,3V33_B,6.7e-36,212.19,143.69,42.68,138.13
sp|Q9NQT6|FSCN3_HUMAN,6B0T_B,1.9e-44,308.32,231.78,93.92,206.62
tr|C9J7L2|C9J7L2_HUMAN,3H32_D,170.0,22.18,nan,nan,nan
tr|H0YAA6|H0YAA6_HUMAN,2H5F_A,0.00015,38.28,nan,nan,nan
tr|A0A8V8TMF8|A0A8V8TMF8_HUMAN,6XJL_A,6.2e-68,502.15,365.96,76.15,353.24
tr|A0A994J588|A0A994J588_HUMAN,7YXX_A,7.5e-79,651.05,93.39,102.51,79.33
tr|C9JIF9|C9JIF9_HUMAN,7EP9_G,2.4e-32,242.77,109.74,30.33,106.61
sp|P22310|UD14_HUMAN,7BV3_B,3.5e-32,218.83,132.00,40.48,125.41
sp|O43809|CPSF5_HUMAN,2CL3_A,7.1e-53,333.92,244.66,63.12,237.29
tr|F5H7J4|F5H7J4_HUMAN,3IZ3_E,72.0,24.25,nan,nan,nan
tr|A0A6Q8PGP9|A0A6Q8PGP9_HUMAN,4B8C_K,0.03,57.49,nan,nan,nan
tr|H0YCQ6|H0YCQ6_HUMAN,6OFB_B,5.1e-24,190.02,120.81,36.79,115.23
tr|H0YM40|H0YM40_HUMAN,7K7M_B,200.0,22.47,nan,nan,nan
tr|A0A0G2JM25|A0A0G2JM25_HUMAN,7VTQ_K,1.5e-77,617.0,132.54,121.50,105.08
tr|E9PJ34|E9PJ34_HUMAN,1USY_C,98.0,23.06,nan,nan,nan
sp|Q9P0L2|MARK1_HUMAN,6C9D_A,4.2e-89,604.28,251.32,24.46,250.42
sp|Q9Y4M8|CH071_HUMAN,4LRX_B,360.0,23.84,nan,nan,nan
tr|C9JRQ8|C9JRQ8_HUMAN,7FH1_B,2.2e-182,1472.44,1472.44,0.00,1472.44
tr|J3KRP4|J3KRP4_HUMAN,6VKL_B,96.0,29.1,nan,nan,nan
tr|C9JAA7|C9JAA7_HUMAN,6SWY_5,2.2e-17,151.74,63.68,13.98,62.72
tr|A0A3B3IS51|A0A3B3IS51_HUMAN,6GJE_A,9.1,34.53,nan,nan,nan
sp|O43493|TGON2_HUMAN,6M0S_C,33.0,30.93,nan,nan,nan
tr|D6REQ0|D6REQ0_HUMAN,7D59_Q,4.3e-12,77.4,77.40,0.00,77.40
tr|H3BVB7|H3BVB7_HUMAN,6KHF_A,34.0,26.05,nan,nan,nan
tr|H7C3G6|H7C3G6_HUMAN,6F1U_X,13.0,36.67,nan,nan,nan
tr|C9J066|C9J066_HUMAN,1IJ5_A,0.0001,74.47,nan,nan,nan
tr|F8VXI8|F8VXI8_HUMAN,7ANE_e,380.0,31.58,nan,nan,nan
tr|A0A1B0GUZ8|A0A1B0GUZ8_HUMAN,6QVC_A,1.5e-90,702.78,334.71,168.99,301.78
tr|H0YAY4|H0YAY4_HUMAN,2PR9_A,0.00015,51.7,nan,nan,nan
sp|Q96QU1|PCD15_HUMAN,6C13_A,1.2e-59,471.02,152.88,58.78,144.10
sp|A0A075B6S2|KVD29_HUMAN,4OJD_H,9.4e-11,99.46,60.11,7.55,59.66
tr|C9JCI2|C9JCI2_HUMAN,7DRT_A,1.2e-12,98.08,80.54,13.34,79.42
tr|F8WC31|F8WC31_HUMAN,7CCS_A,1.4,30.45,nan,nan,nan
sp|O60231|DHX16_HUMAN,7DVQ_x,6.1e-208,1654.09,233.03,262.00,170.10
tr|A0A5F9ZHR8|A0A5F9ZHR8_HUMAN,4RLV_A,1.3e-111,925.39,300.28,131.35,281.46
tr|A0A2R8Y574|A0A2R8Y574_HUMAN,6W6W_A,1.5e-54,437.3,437.30,0.00,437.30
tr|C9JSR2|C9JSR2_HUMAN,6PCV_A,0.0013,67.27,50.87,7.88,50.26
tr|A0A8I5KU89|A0A8I5KU89_HUMAN,7DVQ_z,1.9e-65,442.91,140.69,59.47,133.08
tr|A0A087WYS8|A0A087WYS8_HUMAN,2X24_A,2.7e-06,72.27,71.10,0.68,71.10
sp|Q86XP1|DGKH_HUMAN,1R79_A,1e-19,143.06,91.51,16.32,90.20
tr|A0A0C4DGL7|A0A0C4DGL7_HUMAN,7C6O_A,550.0,30.18,nan,nan,nan
tr|D6R908|D6R908_HUMAN,7JLG_B,8.8e-19,137.29,136.14,1.63,136.13
tr|C9JAI0|C9JAI0_HUMAN,4E6S_A,1.6e-07,46.24,43.29,1.88,43.25
tr|M0R364|M0R364_HUMAN,4BHX_B,4e-06,43.69,43.69,0.00,43.69
sp|O95672|ECEL1_HUMAN,3ZUK_B,2.3e-90,644.67,624.21,8.96,624.14
tr|A0A0A6YYJ5|A0A0A6YYJ5_HUMAN,1SJJ_A,1.2e-13,143.43,106.00,23.18,103.47
tr|A0A087X0M4|A0A087X0M4_HUMAN,4H87_B,1.1e-14,115.08,84.52,12.17,83.70
sp|Q9NRP7|STK36_HUMAN,5UPL_A,1.7e-36,296.87,249.89,14.78,249.46
tr|E7ES00|E7ES00_HUMAN,7EWR_C,7.6e-12,127.19,92.44,14.12,91.44
tr|H3BVE4|H3BVE4_HUMAN,1CF7_A,5.3e-19,111.09,103.51,8.79,103.12
tr|A0A2R8YEH4|A0A2R8YEH4_HUMAN,6NYY_C,2.2e-33,251.82,127.56,55.79,116.40
sp|O95528|GTR10_HUMAN,4ZW9_A,7.6e-30,208.56,139.65,20.62,138.24
tr|J3KNR0|J3KNR0_HUMAN,6C9D_A,1.3e-82,561.5,237.78,24.54,236.81
tr|B4DHY3|B4DHY3_HUMAN,2C3E_A,340.0,21.2,nan,nan,nan
sp|Q9UL40|ZN346_HUMAN,6QX9_A2,1e-05,68.46,57.45,3.89,57.32
tr|K7EJT0|K7EJT0_HUMAN,3SVI_A,26.0,25.04,nan,nan,nan
tr|G5E9G1|G5E9G1_HUMAN,5ZX5_D,9.7e-172,1427.3,325.34,376.64,201.50
tr|H0YCH7|H0YCH7_HUMAN,6X0V_H,90.0,31.53,nan,nan,nan
tr|J3KQ61|J3KQ61_HUMAN,6T9K_K,1.6e-09,119.99,67.06,15.71,65.53
tr|H0YFP3|H0YFP3_HUMAN,3NKS_A,7.9e-24,162.25,89.37,42.11,81.75
tr|C9JZD8|C9JZD8_HUMAN,1QGR_A,6.4e-05,51.87,nan,nan,nan
tr|H0YJ41|H0YJ41_HUMAN,7NRC_A,110.0,37.69,nan,nan,nan
tr|A0A2R8YCW7|A0A2R8YCW7_HUMAN,6TL1_B,0.037,37.33,nan,nan,nan
tr|F8VYH9|F8VYH9_HUMAN,6Z4X_E,4.3e-26,169.1,135.36,9.26,135.06
tr|J3QL55|J3QL55_HUMAN,3F5C_C,270.0,21.55,nan,nan,nan
tr|E9PFL9|E9PFL9_HUMAN,1S7A_A,6.4e-23,130.47,105.54,18.78,103.60
tr|A6NFM0|A6NFM0_HUMAN,5XOG_K,2.4e-23,138.69,120.77,12.67,120.12
tr|F8WDK3|F8WDK3_HUMAN,7PTY_B,100.0,27.61,nan,nan,nan
tr|A0A8V8TKY5|A0A8V8TKY5_HUMAN,3HUF_C,5.6e-24,188.76,97.53,47.38,88.75
tr|E5RH77|E5RH77_HUMAN,7QEP_C4,2.1e-22,134.52,94.11,14.71,93.07
tr|G3V230|G3V230_HUMAN,7NRC_A,33.0,40.01,nan,nan,nan
tr|A0A0G2JNH5|A0A0G2JNH5_HUMAN,6VVO_A,2.9e-09,103.66,100.39,3.92,100.31
tr|H3BT37|H3BT37_HUMAN,3RF2_A,1.6e-05,51.05,47.41,0.84,47.41
sp|Q7RTT4|SSX8_HUMAN,7D59_Q,110.0,25.04,nan,nan,nan
tr|A0A590UK23|A0A590UK23_HUMAN,5XSY_A,4.9e-15,127.71,115.27,10.85,114.75
tr|D6RCP1|D6RCP1_HUMAN,6WMW_B,17.0,24.63,nan,nan,nan
tr|A0A087WZF9|A0A087WZF9_HUMAN,7ANE_at,100.0,19.93,nan,nan,nan
sp|Q8N8Q9|NIPA2_HUMAN,6UKJ_A,0.00011,62.13,nan,nan,nan
tr|C9JYQ2|C9JYQ2_HUMAN,5W78_B,12.0,31.74,nan,nan,nan
tr|C9K0A2|C9K0A2_HUMAN,6ZQE_JJ,0.52,31.92,nan,nan,nan
tr|A0A7I2V2T6|A0A7I2V2T6_HUMAN,7K9T_B,4e-31,222.04,133.67,77.45,110.41
tr|F8WB76|F8WB76_HUMAN,7PTX_A,3.1e-07,82.42,59.66,8.35,59.08
tr|M0QXE1|M0QXE1_HUMAN,6WCQ_C,4.6e-14,110.03,75.54,11.73,74.61
sp|Q96K49|TM87B_HUMAN,4DX7_B,140.0,31.67,nan,nan,nan
tr|A0A5F9ZH73|A0A5F9ZH73_HUMAN,5L04_A,0.061,42.13,nan,nan,nan
tr|A0A3B3ITD4|A0A3B3ITD4_HUMAN,6VAB_B,0.00021,52.4,nan,nan,nan
tr|X6R7Q1|X6R7Q1_HUMAN,6EM3_x,6.2e-12,96.07,96.07,0.00,96.07
tr|F2Z2P5|F2Z2P5_HUMAN,6U0O_B,17.0,24.62,nan,nan,nan
tr|A0A087WY05|A0A087WY05_HUMAN,6CRI_M,2.3,29.22,nan,nan,nan
tr|A0A6Q8PHS3|A0A6Q8PHS3_HUMAN,7NRC_A,21.0,41.19,nan,nan,nan
tr|D6R9C0|D6R9C0_HUMAN,6QNX_C,1.1e-09,98.05,56.11,10.56,55.23
tr|F8WDR9|F8WDR9_HUMAN,6OA9_G,100.0,24.31,nan,nan,nan
tr|A0A8I5KQK7|A0A8I5KQK7_HUMAN,4CJA_A,1.9e-51,390.27,226.44,59.36,219.43
tr|A0A0G2JQN5|A0A0G2JQN5_HUMAN,5I8Y_A,2.2e-19,118.01,109.76,12.20,109.01
tr|C9JY48|C9JY48_HUMAN,6J8J_C,7.1e-07,56.78,51.06,4.08,50.90
tr|A0A087X0X7|A0A087X0X7_HUMAN,5KHE_B,40.0,24.92,nan,nan,nan
sp|O75935|DCTN3_HUMAN,6ZNL_O,6.5e-28,172.88,172.88,0.00,172.88
tr|D6RBL3|D6RBL3_HUMAN,6ZMW_y,470.0,26.49,nan,nan,nan
sp|Q9Y6B7|AP4B1_HUMAN,7P3Z_B,4.7e-36,298.13,148.23,62.36,136.04
tr|A0A0G2JKQ6|A0A0G2JKQ6_HUMAN,6ZPN_B,170.0,18.43,nan,nan,nan
sp|Q9NPE3|NOP10_HUMAN,7BGB_J,3e-20,108.69,70.97,21.53,68.07
tr|A0A7P0TB09|A0A7P0TB09_HUMAN,6F38_p,36.0,27.96,nan,nan,nan
tr|A0A1W2PQZ2|A0A1W2PQZ2_HUMAN,2QWU_B,92.0,25.23,nan,nan,nan
tr|K7EL76|K7EL76_HUMAN,6SWU_D,1.4e-17,126.52,84.51,12.86,83.56
tr|A6NDZ7|A6NDZ7_HUMAN,5EDM_A,3.3e-10,81.62,58.15,16.61,55.96
tr|J3KT87|J3KT87_HUMAN,7CK6_I,22.0,23.6,nan,nan,nan
tr|V9GYE8|V9GYE8_HUMAN,3L6B_A,3.2e-15,102.66,62.21,9.67,61.63
sp|Q8NEV8|EXPH5_HUMAN,3BC1_F,1.5e-06,66.29,66.29,0.00,66.29
tr|Q6ZSX4|Q6ZSX4_HUMAN,6EUX_A,82.0,28.59,nan,nan,nan
tr|A0A8I5QJV7|A0A8I5QJV7_HUMAN,4D0U_B,2.2e-18,132.41,110.02,12.43,109.36
tr|G3V4U2|G3V4U2_HUMAN,7M2W_B,2.2e-06,55.91,54.12,1.90,54.09
tr|A0A6Q8PG02|A0A6Q8PG02_HUMAN,6HLU_A,9.5e-09,104.84,77.93,9.13,77.40
sp|Q53GD3|CTL4_HUMAN,4XZC_A,150.0,33.97,nan,nan,nan
tr|E9PIG5|E9PIG5_HUMAN,2WKP_A,1.8e-12,85.6,62.97,6.44,62.65
tr|A0A669KAV7|A0A669KAV7_HUMAN,6QNX_C,1.9e-12,150.25,90.82,34.33,85.63
tr|A0A804HIE2|A0A804HIE2_HUMAN,6DS5_A,1.7e-31,226.96,122.89,52.33,114.67
tr|J3QLU5|J3QLU5_HUMAN,6FEC_w,110.0,27.01,nan,nan,nan
tr|F8W8F9|F8W8F9_HUMAN,6XP5_D,73.0,34.99,nan,nan,nan
sp|Q12913|PTPRJ_HUMAN,3I36_A,2.4e-56,405.37,186.37,98.70,158.34
tr|H0YHR8|H0YHR8_HUMAN,2JC9_A,1.8e-23,177.66,137.57,26.73,135.14
tr|A6NC89|A6NC89_HUMAN,3POY_A,3.9e-31,262.76,109.62,47.39,101.05
tr|H0YEN1|H0YEN1_HUMAN,6BML_A,0.015,42.99,nan,nan,nan
tr|A0A0U1RRF3|A0A0U1RRF3_HUMAN,3J92_1,0.12,25.9,nan,nan,nan
tr|V9GYU7|V9GYU7_HUMAN,4LL1_A,1.3e-25,168.86,146.29,17.43,145.08
tr|A0A0A0MSP7|A0A0A0MSP7_HUMAN,5L04_A,5.4e-26,244.34,132.34,39.74,127.49
sp|P15260|INGR1_HUMAN,3BES_R,4.5e-22,169.86,86.70,30.27,82.81
sp|Q14318|FKBP8_HUMAN,5MGX_G,2.7e-35,223.13,104.70,55.56,92.79
sp|Q8N755|S66A3_HUMAN,5XPD_A,4.4e-12,95.4,75.10,14.35,73.83
sp|Q8N3C0|ASCC3_HUMAN,7DCO_D,2e-228,2073.06,245.78,283.85,204.91
tr|D6RG23|D6RG23_HUMAN,7LHW_A,2.3e-08,97.02,70.04,7.15,69.67
tr|A0A087WXI2|A0A087WXI2_HUMAN,7KWO_V,1.4e-132,1226.17,697.35,431.71,535.91
sp|Q5EBN2|TRI61_HUMAN,6QAJ_B,5.6e-16,116.86,80.77,21.96,77.91
sp|P62979|RS27A_HUMAN,4V5O_A9,7.4e-43,244.15,71.77,31.56,67.73
tr|G3V4T5|G3V4T5_HUMAN,1Q8K_A,6e-42,277.42,208.04,62.67,195.92
tr|C9JH95|C9JH95_HUMAN,3QOW_A,1.2e-39,271.69,213.56,42.45,209.23
tr|A0A5F9ZHN2|A0A5F9ZHN2_HUMAN,6CGA_D,7.6e-19,143.46,140.36,4.38,140.29
tr|A0A3B3IUD4|A0A3B3IUD4_HUMAN,7EVZ_D,9.5e-26,175.19,91.19,10.55,90.68
sp|Q86UD3|MARH3_HUMAN,2M6M_A,3.6e-07,55.4,55.40,0.00,55.40
tr|H0YM93|H0YM93_HUMAN,7KOG_A,7.4e-30,209.88,171.42,19.21,170.28
sp|Q9Y272|RASD1_HUMAN,3J8G_X,2.3e-14,113.08,87.92,8.83,87.46
tr|A0A804HKY7|A0A804HKY7_HUMAN,3WI3_C,45.0,22.31,nan,nan,nan
tr|K7ELC3|K7ELC3_HUMAN,1QBK_B,2e-05,60.19,nan,nan,nan
tr|A0A0G2JM05|A0A0G2JM05_HUMAN,5OR7_C,2e-08,71.05,65.31,5.74,65.06
sp|Q9NRR5|UBQL4_HUMAN,1OQY_A,6.3e-09,94.23,94.23,0.00,94.23
tr|S4R3C5|S4R3C5_HUMAN,3EPJ_B,1.3e-11,91.21,54.57,6.86,54.23
tr|H0YIS4|H0YIS4_HUMAN,2KJY_A,5.9e-12,89.66,89.66,0.00,89.66
tr|Q5SWX3|Q5SWX3_HUMAN,5U6Y_J,5.7e-70,431.21,236.99,21.55,236.14
tr|E9PHR9|E9PHR9_HUMAN,2Q4M_A,1.6e-07,69.27,69.27,0.00,69.27
tr|A0A0G2JPY8|A0A0G2JPY8_HUMAN,1NKR_A,2.2e-19,118.57,87.06,16.65,85.45
sp|Q56VL3|OCAD2_HUMAN,3EBE_A,86.0,24.54,nan,nan,nan
tr|A0A096LP59|A0A096LP59_HUMAN,5GRQ_D,0.88,31.24,nan,nan,nan
tr|A0A087WXB3|A0A087WXB3_HUMAN,6BRH_B,0.76,50.18,nan,nan,nan
sp|Q5HYW2|NHSL2_HUMAN,3P8C_D,7.7e-08,94.22,91.91,2.31,91.88
sp|P48730|KC1D_HUMAN,6PXN_B,1.9e-81,520.79,153.18,27.59,151.66
sp|Q8N5I4|DHRSX_HUMAN,6RNV_A,1.3e-26,174.25,104.74,13.81,103.96
tr|H0Y9W4|H0Y9W4_HUMAN,6MSB_f,390.0,21.28,nan,nan,nan
tr|G5E931|G5E931_HUMAN,6TML_i6,51.0,26.47,nan,nan,nan
tr|F8W1G5|F8W1G5_HUMAN,6WM2_T,2.3e-20,124.06,124.06,0.00,124.06
tr|U3KPT8|U3KPT8_HUMAN,2V42_B,42.0,17.44,nan,nan,nan
sp|Q9ULI0|ATD2B_HUMAN,6JPU_E,4.3e-69,621.32,125.42,50.32,118.98
tr|R4GN25|R4GN25_HUMAN,6YXY_Bf,110.0,24.07,nan,nan,nan
tr|F5GWR7|F5GWR7_HUMAN,2FH7_A,1e-91,673.95,196.21,110.84,176.20
sp|Q9BZD7|TMG3_HUMAN,5EDM_A,1.7e-11,99.28,66.75,18.53,64.43
tr|C9J2B6|C9J2B6_HUMAN,3G5B_A,4e-38,284.91,93.91,53.57,85.25
tr|F8VQZ7|F8VQZ7_HUMAN,1KQ9_A,2.8e-112,793.55,138.68,121.38,115.39
tr|A0A2R8Y4C5|A0A2R8Y4C5_HUMAN,6LTJ_I,6.9e-185,1538.42,212.15,189.02,173.02
tr|F2Z371|F2Z371_HUMAN,6PE2_A,2.3e-05,57.6,nan,nan,nan
tr|F2Z3N8|F2Z3N8_HUMAN,5J9U_G,0.00019,60.36,nan,nan,nan
tr|E9PGU0|E9PGU0_HUMAN,6PTL_A,1.9e-13,97.11,83.70,9.17,83.21
sp|P0CG23|ZN853_HUMAN,6QNX_C,2.8e-25,230.3,100.39,37.35,93.61
tr|A0A8V8TLW6|A0A8V8TLW6_HUMAN,7SGL_D,8.6e-166,1262.88,157.73,181.56,128.48
tr|C9JZ61|C9JZ61_HUMAN,6PW5_D,4.8e-14,141.27,94.15,13.88,93.09
sp|Q86WA9|S2611_HUMAN,7S9B_B,4e-60,464.49,265.28,139.75,216.11
tr|A0A0G2JI85|A0A0G2JI85_HUMAN,6BSD_A,1.9e-56,401.51,205.10,23.31,204.03
tr|E9PQF6|E9PQF6_HUMAN,4L44_A,1e-07,63.63,58.92,3.87,58.79
sp|O60890|OPHN1_HUMAN,4H8S_C,7.1e-25,192.54,131.96,25.58,129.37
tr|E9PQK3|E9PQK3_HUMAN,5VYC_Z1,1.5e-08,58.69,52.20,4.67,52.00
tr|M0R0M1|M0R0M1_HUMAN,4FKB_B,210.0,21.98,nan,nan,nan
tr|H0YD49|H0YD49_HUMAN,7KEK_D,1.1e-06,71.29,71.29,0.00,71.29
tr|A0A499FJ16|A0A499FJ16_HUMAN,4HZS_D,6.3e-69,470.75,210.72,24.59,209.57
tr|A6PVS0|A6PVS0_HUMAN,2R5G_A,4.5e-13,88.61,68.22,14.56,66.78
sp|Q9Y2P4|S27A6_HUMAN,2VSQ_A,3e-34,274.89,197.54,36.85,193.30
tr|A0A3B3ISV1|A0A3B3ISV1_HUMAN,6CAJ_B,1.5e-55,391.96,124.33,91.98,105.40
tr|A0A8Q3SIA3|A0A8Q3SIA3_HUMAN,7BAM_A,1.8e-257,2299.44,218.32,425.63,137.88
tr|E9PRG5|E9PRG5_HUMAN,2QKW_A,130.0,24.78,nan,nan,nan
sp|Q8N2S1|LTBP4_HUMAN,4XBM_B,3.2e-19,181.21,103.21,40.96,96.26
tr|C9J266|C9J266_HUMAN,5L1D_C,7.4e-13,163.2,123.59,33.52,118.46
sp|Q9Y2Q1|ZN257_HUMAN,6QNX_C,2e-50,408.29,96.21,51.12,86.58
tr|H0YIC5|H0YIC5_HUMAN,3TNU_A,7.9e-16,95.36,65.87,14.38,64.40
tr|A0A9L9PXZ7|A0A9L9PXZ7_HUMAN,6Z47_G,8.3e-17,198.53,153.24,28.92,150.45
tr|A0A8I5KNX5|A0A8I5KNX5_HUMAN,5NZZ_D,5.2e-20,177.64,115.79,29.44,112.16
tr|C9JMI6|C9JMI6_HUMAN,4JVZ_D,7.9,24.95,nan,nan,nan
tr|A0A2R8Y893|A0A2R8Y893_HUMAN,7BVQ_B,2.8e-22,163.09,132.43,15.40,131.33
sp|Q14168|MPP2_HUMAN,2XKX_B,4.5e-48,357.51,161.16,84.63,140.94
tr|E5RHH6|E5RHH6_HUMAN,5HJM_A,4.4,33.53,nan,nan,nan
tr|F8WEK3|F8WEK3_HUMAN,7D10_A,1.7,35.16,nan,nan,nan
tr|E5RG45|E5RG45_HUMAN,6ELZ_m,0.069,40.83,nan,nan,nan
tr|A4QPB6|A4QPB6_HUMAN,7A0N_A,110.0,28.25,nan,nan,nan
tr|Q5VZZ6|Q5VZZ6_HUMAN,7PY2_C,2.9e-26,202.76,87.72,31.97,82.38
tr|A0A6Q8JT31|A0A6Q8JT31_HUMAN,6QP6_A,0.0084,54.19,nan,nan,nan
sp|Q15155|NOMO1_HUMAN,2XHN_B,0.068,58.7,nan,nan,nan
tr|J3KRL0|J3KRL0_HUMAN,7KOG_A,7.8e-94,708.0,584.13,51.72,581.78
tr|E9PNX8|E9PNX8_HUMAN,6FPZ_B,0.0023,58.44,nan,nan,nan
tr|A0A3B3ITE5|A0A3B3ITE5_HUMAN,5MM7_K,3.5e-57,459.42,304.19,81.20,287.07
tr|C9JEW3|C9JEW3_HUMAN,4L3A_A,7.1e-06,73.67,69.83,3.84,69.72
tr|F8VV52|F8VV52_HUMAN,5FU6_B,5.1e-46,318.35,188.13,76.96,173.93
tr|E5RH17|E5RH17_HUMAN,6Z8J_B,87.0,21.91,nan,nan,nan
sp|A0A1B0GTU2|CTXD1_HUMAN,6FTI_1,4.8,30.02,nan,nan,nan
tr|B1AKN8|B1AKN8_HUMAN,6LTJ_I,320.0,32.89,nan,nan,nan
tr|F5H680|F5H680_HUMAN,7BQB_A,37.0,24.39,nan,nan,nan
tr|H3BRT3|H3BRT3_HUMAN,7DVQ_4,0.11,45.79,nan,nan,nan
tr|A0A1W2PPQ7|A0A1W2PPQ7_HUMAN,7W72_T,6.4e-59,429.78,429.78,0.00,429.78
sp|P40818|UBP8_HUMAN,3N3K_A,2e-64,447.1,275.16,60.66,266.14
sp|O43318|M3K7_HUMAN,4O91_A,6e-56,346.88,240.16,15.97,239.67
tr|B7ZLR4|B7ZLR4_HUMAN,3J09_A,7.1e-98,791.6,227.89,178.49,164.39
tr|A0A7P0T9T8|A0A7P0T9T8_HUMAN,7LUV_M,2.6e-45,319.12,185.94,54.35,176.50
tr|H3BTX3|H3BTX3_HUMAN,6HIZ_CS,23.0,25.19,nan,nan,nan
tr|A0A0G2JRV3|A0A0G2JRV3_HUMAN,6LTJ_M,8e-119,806.24,345.39,227.60,276.32
tr|E9PN11|E9PN11_HUMAN,7LHW_A,7.4e-08,96.6,67.98,6.69,67.65
tr|A0A7I2V3E1|A0A7I2V3E1_HUMAN,4OQA_F,1.6e-81,611.13,202.46,142.24,166.18
sp|Q01484|ANK2_HUMAN,4RLV_A,4.7e-112,929.2,300.05,131.40,281.25
sp|Q8TD26|CHD6_HUMAN,7TN2_W,2.8e-131,1166.29,208.50,150.61,178.92
tr|E7EMS9|E7EMS9_HUMAN,7DVQ_V,120.0,31.36,nan,nan,nan
tr|J3KRY5|J3KRY5_HUMAN,1XK5_A,230.0,19.12,nan,nan,nan
tr|A0A096LP51|A0A096LP51_HUMAN,5EXR_F,1e-27,184.83,140.28,32.78,136.22
tr|A0A140T9L3|A0A140T9L3_HUMAN,6AT5_A,6.7e-36,224.85,145.70,52.12,134.56
tr|A0A499FIV4|A0A499FIV4_HUMAN,3E00_D,3.1e-33,204.64,77.82,51.90,64.57
tr|C9JRX8|C9JRX8_HUMAN,7V2H_p,1.4e-09,76.43,64.69,6.13,64.39
tr|A0A0C4DGE8|A0A0C4DGE8_HUMAN,7NGQ_E,1.2e-17,160.97,91.92,26.46,88.49
tr|A0A804HKM5|A0A804HKM5_HUMAN,6X9O_A,1300.0,28.07,nan,nan,nan
tr|M0R178|M0R178_HUMAN,4S28_A,19.0,29.66,nan,nan,nan
sp|P00748|FA12_HUMAN,7MO7_A,2.4e-42,334.93,161.58,53.18,151.41
tr|A0A7P0T8X4|A0A7P0T8X4_HUMAN,3MUU_A,200.0,34.98,nan,nan,nan
tr|J3QRY2|J3QRY2_HUMAN,3PYC_A,3.8e-08,53.66,53.66,0.00,53.66
tr|A0A994J417|A0A994J417_HUMAN,7ARR_B,21.0,19.83,nan,nan,nan
tr|H0YF15|H0YF15_HUMAN,5ID3_A,130.0,21.65,nan,nan,nan
sp|Q8NGZ6|OR6F1_HUMAN,7JOZ_R,1.2e-23,173.58,134.44,18.11,132.96
tr|B0QYJ7|B0QYJ7_HUMAN,5YVG_X,2.9e-27,211.47,168.82,31.61,165.97
tr|H0Y7Y3|H0Y7Y3_HUMAN,3V69_A,7.6e-05,69.83,nan,nan,nan
sp|Q6P4R8|NFRKB_HUMAN,4UF5_B,4.8e-26,208.45,167.43,40.87,162.06
sp|Q9H3W5|LRRN3_HUMAN,2ID5_A,8.7e-32,225.57,129.04,24.97,126.76
tr|A0A494C060|A0A494C060_HUMAN,4D1E_A,5.6e-54,393.34,82.56,52.29,74.88
tr|A0A494C187|A0A494C187_HUMAN,7RYC_O,8.7e-15,115.15,97.96,8.01,97.61
tr|A0A6Q8PHP9|A0A6Q8PHP9_HUMAN,4L9M_A,2.3e-12,121.64,109.43,7.64,109.16
tr|A0A590UK27|A0A590UK27_HUMAN,6IUQ_B,2.9e-06,55.92,55.92,0.00,55.92
tr|D6RA56|D6RA56_HUMAN,7V2H_N,0.00049,44.67,nan,nan,nan
tr|D6RCE4|D6RCE4_HUMAN,4AK1_A,5.6e-15,133.86,77.44,16.99,75.88
sp|P37059|DHB2_HUMAN,1FDV_C,1.1e-20,164.08,96.65,11.86,96.01
tr|A0A8Q3WLY9|A0A8Q3WLY9_HUMAN,6XR0_M,1.5e-92,695.64,415.06,154.64,368.44
sp|Q96PE3|INP4A_HUMAN,6PCV_A,2.1e-98,842.76,842.76,0.00,842.76
tr|A0A087X1F5|A0A087X1F5_HUMAN,2XKX_B,3.7e-12,101.15,60.49,13.76,59.15
tr|A0A6I8PRR4|A0A6I8PRR4_HUMAN,6Y8K_AAA,1.7e-13,85.7,62.03,10.12,61.25
tr|K7ELW5|K7ELW5_HUMAN,7DVQ_4,1.3,36.99,nan,nan,nan
tr|M0QYU9|M0QYU9_HUMAN,6YNY_S,42.0,24.93,nan,nan,nan
tr|A0A0C4DFU5|A0A0C4DFU5_HUMAN,7BVQ_B,5e-22,162.07,128.21,15.52,127.07
tr|A0A494C007|A0A494C007_HUMAN,1R3S_A,4.7e-08,70.92,68.59,2.33,68.55
sp|O75626|PRDM1_HUMAN,6QNX_C,6.1e-22,210.41,96.89,30.81,92.26
tr|A0A0D9SF18|A0A0D9SF18_HUMAN,2MH0_A,0.31,29.43,nan,nan,nan
tr|H0YJ71|H0YJ71_HUMAN,4B4O_C,3.8e-17,113.35,90.51,13.19,89.64
tr|A0A994J4N5|A0A994J4N5_HUMAN,4D1E_A,0.58,43.39,nan,nan,nan
tr|A0A7I2YQA8|A0A7I2YQA8_HUMAN,4WXX_B,6.3e-187,1549.93,194.97,235.93,146.76
tr|H7C1D5|H7C1D5_HUMAN,5NV8_A,55.0,29.62,nan,nan,nan
sp|A6NFN9|ANKUB_HUMAN,3J9P_D,0.031,58.98,nan,nan,nan
tr|E5RHB3|E5RHB3_HUMAN,7RRO_I2,0.21,43.54,nan,nan,nan
sp|P20963|CD3Z_HUMAN,6JXR_a,2.8e-51,315.42,154.53,113.89,119.77
tr|C9JDX0|C9JDX0_HUMAN,6Y7C_j,210.0,21.82,nan,nan,nan
sp|Q96GE5|ZN799_HUMAN,6QNX_C,1.5e-48,400.11,95.79,50.98,86.43
sp|P78426|NKX61_HUMAN,6T90_K,1.3e-06,86.5,65.77,9.87,65.08
tr|H7C1K5|H7C1K5_HUMAN,4XOI_D,1.1e-36,243.11,240.13,4.21,240.10
sp|P0CL85|ST3L3_HUMAN,6QNX_A,5.5e-34,256.3,187.38,29.41,185.40
tr|H0Y5L4|H0Y5L4_HUMAN,2IS6_B,18.0,33.95,nan,nan,nan
sp|Q15828|CYTM_HUMAN,4N6O_B,7.6e-19,113.17,78.22,14.66,76.90
tr|E9PHT6|E9PHT6_HUMAN,2Q40_A,8.2e-45,344.04,192.17,65.73,182.53
tr|H3BQZ8|H3BQZ8_HUMAN,3PS9_A,21.0,29.2,nan,nan,nan
tr|A0A7I2V3X0|A0A7I2V3X0_HUMAN,4RPU_A,2.6e-66,497.65,184.83,93.13,168.85
tr|A0A140T9G9|A0A140T9G9_HUMAN,4CVZ_A,8.1e-12,85.91,64.57,8.25,63.99
sp|Q8WV15|T255B_HUMAN,6VJA_D,0.21,42.49,nan,nan,nan
tr|H0YCD2|H0YCD2_HUMAN,3IKM_D,3.2e-11,99.84,99.84,0.00,99.84
tr|F5H6P3|F5H6P3_HUMAN,7ETW_A,1.9e-18,135.16,126.16,9.01,125.84
tr|A0A494C1N5|A0A494C1N5_HUMAN,6NT9_D,6.6e-15,115.97,84.41,18.50,82.50
tr|A0A087WUJ8|A0A087WUJ8_HUMAN,2LOQ_A,2.9e-10,76.73,76.73,0.00,76.73
tr|A0A8V8TP62|A0A8V8TP62_HUMAN,2ERJ_B,2.6e-15,111.72,74.89,14.99,73.56
sp|Q9H2S9|IKZF4_HUMAN,6QNX_C,8.2e-17,166.08,75.89,21.45,73.12
tr|A0A0A0MRJ7|A0A0A0MRJ7_HUMAN,7KVF_B,1.6e-317,2868.86,218.84,349.17,138.30
tr|A0A8I5QKJ5|A0A8I5QKJ5_HUMAN,6QK7_A,1.3e-19,199.84,113.78,12.51,113.19
tr|E7ES28|E7ES28_HUMAN,6VYH_A,2.8e-07,76.82,76.82,0.00,76.82
tr|S4R3G7|S4R3G7_HUMAN,2FD6_A,4.8e-15,84.45,63.55,12.13,62.53
tr|H3BMZ9|H3BMZ9_HUMAN,1PMI_A,1.1e-40,285.09,210.13,57.30,201.78
tr|A0A8I5KSM9|A0A8I5KSM9_HUMAN,6TA7_G,2.9e-07,66.13,66.13,0.00,66.13
tr|B4DTL1|B4DTL1_HUMAN,6ND4_Q,2.2e-11,110.96,87.55,6.47,87.31
tr|I3L4N0|I3L4N0_HUMAN,6A70_B,0.0052,46.17,nan,nan,nan
tr|A0A994J5W4|A0A994J5W4_HUMAN,5MTV_A,1.1e-13,122.95,87.16,17.05,85.63
tr|A0A8I5QKT9|A0A8I5QKT9_HUMAN,3W2I_A,5.1e-24,153.23,102.77,17.80,101.20
tr|C9IZN3|C9IZN3_HUMAN,6FML_J,1.7e-14,134.14,90.54,17.19,89.00
tr|C9J877|C9J877_HUMAN,4F9L_B,2.6e-16,91.84,56.20,5.59,55.96
sp|P61580|NP10_HUMAN,7RJF_A,55.0,21.24,nan,nan,nan
tr|E5RGV1|E5RGV1_HUMAN,4CYL_A,210.0,24.83,nan,nan,nan
tr|A0A087WZL3|A0A087WZL3_HUMAN,7NX4_A,8.3e-60,469.61,208.08,35.07,205.86
tr|E9PQQ2|E9PQQ2_HUMAN,6ID1_L,9.1e-24,214.21,124.49,44.46,116.28
sp|A0A096LP55|QCR6L_HUMAN,5OKD_H,2.1e-19,117.3,99.96,13.56,98.96
tr|F8WCN1|F8WCN1_HUMAN,5F2S_D,1.7e-96,648.07,377.39,152.42,343.01
sp|O15049|N4BP3_HUMAN,7PER_H,13.0,41.69,nan,nan,nan
tr|H0Y2X3|H0Y2X3_HUMAN,4Z2C_B,140.0,22.19,nan,nan,nan
tr|A0A2R8Y553|A0A2R8Y553_HUMAN,6GCI_A,3.1e-37,240.14,208.29,17.75,207.56
tr|E9PRY0|E9PRY0_HUMAN,6ZP4_M,0.00081,46.47,nan,nan,nan
tr|E7EQ18|E7EQ18_HUMAN,4Q2S_A,120.0,22.91,nan,nan,nan
tr|A0A0J9YX41|A0A0J9YX41_HUMAN,1J1J_D,5.3,24.93,nan,nan,nan
tr|E5RJT3|E5RJT3_HUMAN,7CYM_B,1.2e-11,84.81,65.27,8.91,64.69
tr|D6R967|D6R967_HUMAN,7BTN_A,7.3e-40,271.62,154.13,63.48,142.47
tr|I3L426|I3L426_HUMAN,7KEK_E,9.1e-08,82.5,63.01,5.57,62.77
sp|Q01668|CAC1D_HUMAN,6JP8_A,0.0,2913.56,315.68,485.78,193.55
tr|A0A8V8TR40|A0A8V8TR40_HUMAN,5XMC_A,4.4e-06,63.59,63.59,0.00,63.59
tr|E7EP17|E7EP17_HUMAN,7KZN_A,0.0,5151.02,1440.31,1877.64,455.30
tr|Q5JYG3|Q5JYG3_HUMAN,1URJ_B,280.0,29.16,nan,nan,nan
tr|G5E9C2|G5E9C2_HUMAN,1K3Z_D,2.6e-27,157.61,94.90,16.37,93.48
tr|B1AH72|B1AH72_HUMAN,4RGJ_A,5.2e-06,56.95,51.89,3.21,51.79
tr|A0A7I2V3E8|A0A7I2V3E8_HUMAN,6CZS_A,4.9e-61,387.36,179.32,67.25,168.63
sp|P05089|ARGI1_HUMAN,2AEB_B,2.5e-51,334.85,266.25,32.38,264.33
sp|O75896|TUSC2_HUMAN,6K3I_EA,110.0,24.5,nan,nan,nan
tr|H7C1P2|H7C1P2_HUMAN,5DSE_C,2e-08,81.07,81.07,0.00,81.07
sp|Q9BVG3|TRI62_HUMAN,4CFG_B,1.6e-34,242.14,91.90,44.43,84.15
tr|K7EIE5|K7EIE5_HUMAN,6NO7_D,3.5e-17,118.51,81.26,25.12,76.85
tr|A0A6Q8PHJ6|A0A6Q8PHJ6_HUMAN,6DV5_X,3.1e-21,135.01,84.15,26.70,80.56
tr|C9J1D1|C9J1D1_HUMAN,6F9O_A,7e-21,142.26,105.89,14.26,104.90
sp|Q8NBR0|P5I13_HUMAN,7V2H_o,130.0,26.14,nan,nan,nan
tr|A0A8I5QKX0|A0A8I5QKX0_HUMAN,6Y6E_A,4.9e-26,199.99,101.89,46.45,93.88
tr|A0A3B3IRY2|A0A3B3IRY2_HUMAN,7BQ9_A,7.2,30.31,nan,nan,nan
tr|A0A7I2V3I0|A0A7I2V3I0_HUMAN,7ASE_E,9.6e-87,592.65,169.21,137.43,132.72
tr|Q5JRC6|Q5JRC6_HUMAN,4NN2_B,2.4e-10,76.02,69.59,6.99,69.22
tr|A0A6Q8PFT0|A0A6Q8PFT0_HUMAN,4WNH_A,3.7e-18,139.97,109.90,18.85,108.23
tr|J3KQE5|J3KQE5_HUMAN,3GJ0_B,3.7e-31,175.91,111.57,11.04,111.04
tr|H0YC80|H0YC80_HUMAN,2FC6_A,5.1,23.48,nan,nan,nan
tr|F5GX87|F5GX87_HUMAN,5ZLG_A,1e-12,94.36,92.58,1.45,92.57
tr|V9GY02|V9GY02_HUMAN,6NOY_A,73.0,20.36,nan,nan,nan
tr|G3V4D1|G3V4D1_HUMAN,6YWD_C,0.57,27.83,nan,nan,nan
tr|A0A7P0T8C7|A0A7P0T8C7_HUMAN,3DYU_A,5.1e-38,263.64,130.63,72.54,112.68
tr|A0A8Q3WM30|A0A8Q3WM30_HUMAN,6HG4_B,4.3e-60,460.29,222.21,160.44,163.86
tr|J3QLH0|J3QLH0_HUMAN,7VOP_A,3.9e-63,445.88,371.46,76.76,362.45
sp|Q9Y263|PLAP_HUMAN,3PSP_A,1.5e-64,489.85,104.51,38.08,101.50
tr|A0A7I2YQU6|A0A7I2YQU6_HUMAN,4JHD_C,0.21,47.16,nan,nan,nan
tr|A0A087X282|A0A087X282_HUMAN,3DJ1_A,3.2e-07,52.5,52.50,0.00,52.50
tr|A0A1B0GTY3|A0A1B0GTY3_HUMAN,6QIG_A,1.8e-84,630.82,179.04,98.91,157.42
tr|A0A8V8TLL2|A0A8V8TLL2_HUMAN,4B8J_A,4.1e-59,396.4,157.87,69.78,145.52
sp|Q9BYV1|AGT2_HUMAN,6TOR_B,1.5e-56,400.5,142.04,52.87,134.38
tr|A0A994J6N3|A0A994J6N3_HUMAN,6WM3_R,6.4e-108,856.34,620.45,213.23,566.65
tr|F5GYU9|F5GYU9_HUMAN,6UUR_C,8.6,28.7,nan,nan,nan
tr|A0A7I2V5Z0|A0A7I2V5Z0_HUMAN,6O8C_A,0.066,39.2,nan,nan,nan
tr|K7EPQ1|K7EPQ1_HUMAN,6X9O_A,420.0,31.21,nan,nan,nan
tr|A0A2R8Y817|A0A2R8Y817_HUMAN,6BXS_B,99.0,22.95,nan,nan,nan
sp|O15069|NACAD_HUMAN,7QWR_t,1.9e-33,271.8,136.53,68.93,123.78
tr|U3KQB8|U3KQB8_HUMAN,7B02_A,0.26,33.99,nan,nan,nan
tr|F2Z2W5|F2Z2W5_HUMAN,6KKN_A,170.0,23.38,nan,nan,nan
tr|A0A0G2JRA4|A0A0G2JRA4_HUMAN,1Q5C_B,8.3e-58,418.35,96.69,38.96,92.12
tr|A0A3B3IRT4|A0A3B3IRT4_HUMAN,3LWT_X,13.0,29.56,nan,nan,nan
tr|A0A0G2JN43|A0A0G2JN43_HUMAN,6AED_A,9.6e-38,237.89,77.39,25.23,74.62
tr|A0A6Q8PH93|A0A6Q8PH93_HUMAN,6NQC_A,15.0,24.88,nan,nan,nan
tr|F8WBM3|F8WBM3_HUMAN,2BRF_A,3.2e-06,48.17,48.17,0.00,48.17
sp|Q9H479|FN3K_HUMAN,3JR1_A,5.1e-24,159.25,81.98,16.10,80.79
sp|O96015|DNAL4_HUMAN,7K58_I,5.8e-18,102.64,92.16,5.56,91.99
tr|H3BST1|H3BST1_HUMAN,6IAN_D,32.0,31.59,nan,nan,nan
tr|S4R440|S4R440_HUMAN,7ET0_C,190.0,27.45,nan,nan,nan
sp|P47869|GBRA2_HUMAN,6HUJ_A,2.3e-48,326.49,217.19,63.30,205.59
tr|B1AKR3|B1AKR3_HUMAN,5TJ6_A,120.0,26.51,nan,nan,nan
tr|F8WCQ3|F8WCQ3_HUMAN,6R5K_O,5.6e-22,178.3,134.56,9.94,134.20
sp|Q9BUH6|PAXX_HUMAN,3WTF_B,1e-51,326.96,268.81,41.22,265.84
tr|H3BRQ0|H3BRQ0_HUMAN,1QZU_D,7.5e-31,188.54,145.11,19.25,143.85
tr|A0A0G2JN23|A0A0G2JN23_HUMAN,7OKY_M,2.3e-08,100.76,89.87,8.06,89.51
sp|Q9Y6F7|CDY2_HUMAN,6J1F_A,2.9e-21,180.58,152.30,22.02,149.99
tr|H0YBT7|H0YBT7_HUMAN,5D5V_D,5e-18,111.75,96.89,9.89,96.36
tr|Q5JU07|Q5JU07_HUMAN,1OHC_A,4.9e-45,286.13,277.65,4.25,277.62
tr|A0A994J840|A0A994J840_HUMAN,1S94_B,3.6e-19,121.51,90.86,11.23,90.23
tr|A0A0A0MT91|A0A0A0MT91_HUMAN,7D3R_H,3.1e-06,38.9,38.90,0.00,38.90
tr|G3V245|G3V245_HUMAN,2J3S_B,1.1,30.4,nan,nan,nan
tr|A0A6Q8PFK2|A0A6Q8PFK2_HUMAN,5N4A_A,1.4e-11,120.45,79.88,7.32,79.55
tr|U3KQM2|U3KQM2_HUMAN,5CK3_E,210.0,20.83,nan,nan,nan
sp|P54577|SYYC_HUMAN,5THL_A,8.9e-53,364.29,190.16,58.89,178.77
tr|A0A7I2V2S2|A0A7I2V2S2_HUMAN,7CRO_I,1.8e-54,364.72,91.39,43.51,85.32
sp|P49336|CDK8_HUMAN,5ICP_A,2e-76,472.19,180.31,26.64,179.00
sp|Q5T619|ZN648_HUMAN,6QNX_C,4e-49,399.2,96.83,52.00,86.66
tr|A0A8Q3WLG9|A0A8Q3WLG9_HUMAN,4H87_B,6.3e-15,115.44,83.60,12.53,82.73
tr|D6RB88|D6RB88_HUMAN,1XK5_A,410.0,20.57,nan,nan,nan
tr|Q5TG78|Q5TG78_HUMAN,3LUT_A,6.1e-22,139.89,78.71,10.96,78.08
tr|H0YEZ1|H0YEZ1_HUMAN,6Z11_H,0.011,44.27,nan,nan,nan
tr|J3KMW3|J3KMW3_HUMAN,2KGJ_A,0.0024,35.78,nan,nan,nan
tr|K7ER83|K7ER83_HUMAN,2KJY_A,4.2e-13,92.71,92.71,0.00,92.71
sp|O43683|BUB1_HUMAN,6TLJ_S,9.3e-71,594.38,91.88,36.24,89.49
tr|E9PQT9|E9PQT9_HUMAN,2XKX_B,7.4e-17,118.2,85.46,17.50,83.69
sp|Q8N9W4|GG6L2_HUMAN,7DL2_D,0.00095,77.92,61.74,0.00,61.74
sp|Q71RC9|SMIM5_HUMAN,7SBP_A,1.5,41.26,nan,nan,nan
tr|E9PRB0|E9PRB0_HUMAN,4L8N_A,7.2e-05,56.34,nan,nan,nan
tr|A0A087WV72|A0A087WV72_HUMAN,7CCS_A,0.22,34.74,nan,nan,nan
sp|O95628|CNOT4_HUMAN,7D5K_B,5.7e-11,126.98,89.45,26.30,85.39
sp|Q9H4I0|RD21L_HUMAN,6QNX_B,7.3e-68,523.24,303.80,171.97,247.20
tr|H0Y5D0|H0Y5D0_HUMAN,5IJN_Y,1.9,42.84,nan,nan,nan
tr|E7EX90|E7EX90_HUMAN,6ZNL_Z,2.8e-152,1263.29,168.96,294.79,100.73
tr|A0A6I8PU73|A0A6I8PU73_HUMAN,2Y4U_A,2.4e-29,202.59,107.16,17.57,105.80
sp|P52815|RM12_HUMAN,7O9M_t6,6.4e-41,267.52,116.04,60.89,104.83
tr|A0A3B3IRJ8|A0A3B3IRJ8_HUMAN,7AO8_B,2.4e-40,280.81,189.26,38.87,185.68
tr|A0A7N4I3A5|A0A7N4I3A5_HUMAN,7KRJ_C,6.4e-16,98.85,75.46,23.39,71.74
sp|Q9NS23|RASF1_HUMAN,3DDC_B,2.4e-34,229.82,97.35,45.53,90.67
tr|H0Y5A9|H0Y5A9_HUMAN,4OVE_A,8.2e-13,104.2,88.61,9.20,88.13
tr|H0YLX8|H0YLX8_HUMAN,6IKO_A,1.8e-20,147.02,128.74,9.57,128.38
tr|H0YFK7|H0YFK7_HUMAN,2YGQ_A,1.2e-13,94.94,65.11,9.65,64.48
tr|J3QRS3|J3QRS3_HUMAN,5T9R_G,7.6e-21,199.8,77.33,13.42,76.31
tr|E9PS57|E9PS57_HUMAN,4OR9_A,460.0,27.23,nan,nan,nan
tr|A0A2R8Y746|A0A2R8Y746_HUMAN,5IKN_F,1.4e-05,61.28,nan,nan,nan
tr|H0YNH8|H0YNH8_HUMAN,6PW5_D,6.9e-22,218.55,143.73,23.53,141.72
tr|H0Y8P3|H0Y8P3_HUMAN,2JTN_A,0.0032,48.94,nan,nan,nan
tr|J3QLE9|J3QLE9_HUMAN,2QXL_A,2.6e-48,357.84,166.25,81.96,148.36
sp|Q13049|TRI32_HUMAN,6QAJ_B,1.9e-15,131.76,81.00,16.39,79.49
tr|M0QZ75|M0QZ75_HUMAN,6X32_E,420.0,29.6,nan,nan,nan
tr|A0A7P0TBE7|A0A7P0TBE7_HUMAN,7RRO_f,5.8e-32,253.25,139.65,28.13,137.26
tr|A0A7I2YQQ8|A0A7I2YQQ8_HUMAN,5FW5_A,0.69,26.14,nan,nan,nan
tr|K7ERZ4|K7ERZ4_HUMAN,2LKM_A,2e-11,78.89,78.89,0.00,78.89
tr|F8WCG2|F8WCG2_HUMAN,7JZV_B,9.8e-05,38.24,nan,nan,nan
tr|A0A0J9YXH5|A0A0J9YXH5_HUMAN,7LGC_A,2.2e-10,88.32,88.32,0.00,88.32
tr|F5H2L1|F5H2L1_HUMAN,6V55_A,1.2e-23,177.16,74.13,21.62,71.73
tr|H3BTD1|H3BTD1_HUMAN,7OBR_u,130.0,24.84,nan,nan,nan
sp|Q9H2F5|EPC1_HUMAN,5J9U_G,1.9e-49,382.16,326.64,55.52,321.89
sp|P15863|PAX1_HUMAN,6YOV_K,4.3e-08,100.39,81.28,10.32,80.67
tr|G3V3S8|G3V3S8_HUMAN,1L2W_I,82.0,21.41,nan,nan,nan
sp|Q9UQM7|KCC2A_HUMAN,5U6Y_J,7.1e-77,466.13,237.18,22.64,236.27
tr|F8W8F7|F8W8F7_HUMAN,7D76_R,1.2e-82,567.17,143.37,61.35,137.18
sp|O14986|PI51B_HUMAN,6CN2_A,2e-70,508.7,433.15,60.98,428.48
tr|C9JCC0|C9JCC0_HUMAN,6AO5_A,1.1e-33,199.82,151.09,10.51,150.74
sp|Q9ULW6|NP1L2_HUMAN,2AYU_A,5e-44,337.88,228.89,44.31,224.93
tr|A0A7P0TBG2|A0A7P0TBG2_HUMAN,4XBM_B,1.5e-37,291.06,111.63,54.87,102.24
tr|H0YJF2|H0YJF2_HUMAN,6O9L_3,4e-19,133.43,99.60,24.86,96.55
sp|Q9H9T3|ELP3_HUMAN,6IA8_A,2.1e-82,581.84,279.12,191.17,199.55
sp|P35443|TSP4_HUMAN,1YO8_A,8.4e-108,781.65,223.44,243.83,143.41
sp|Q8NER1|TRPV1_HUMAN,6BBJ_A,1.9e-107,808.47,148.18,132.40,115.86
tr|H0YBK5|H0YBK5_HUMAN,6GF6_B,3.9e-08,85.8,85.80,0.00,85.80
tr|D6RFJ4|D6RFJ4_HUMAN,6C14_C,0.27,40.5,nan,nan,nan
tr|H0YMK1|H0YMK1_HUMAN,2A2A_B,1.7e-08,62.24,58.10,5.53,57.83
tr|A0A087WV42|A0A087WV42_HUMAN,2W5W_A,3.1,30.81,nan,nan,nan
tr|F8WCP2|F8WCP2_HUMAN,6KVG_A,16.0,26.6,nan,nan,nan
sp|O00189|AP4M1_HUMAN,7P3X_M,1.1e-45,337.28,190.29,87.86,170.86
tr|C9JTV2|C9JTV2_HUMAN,7K58_E,0.81,36.84,nan,nan,nan
tr|A0A804HI13|A0A804HI13_HUMAN,7ABF_A4,32.0,44.65,nan,nan,nan
sp|Q8N1A0|KT222_HUMAN,6UUI_C,4.8e-08,59.61,53.22,4.74,53.01
sp|O75373|ZN737_HUMAN,6QNX_C,7.5e-52,416.4,97.26,53.41,86.90
tr|A0A0C4DH56|A0A0C4DH56_HUMAN,1Q79_A,4.6e-21,170.14,163.13,7.01,162.98
sp|Q76M96|CCD80_HUMAN,2PFF_A,900.0,32.76,nan,nan,nan
tr|F8WCH7|F8WCH7_HUMAN,6OJ1_A,10.0,28.28,nan,nan,nan
tr|A0A0G2JRY5|A0A0G2JRY5_HUMAN,7EGG_D,3.5e-121,951.95,358.00,380.36,198.83
tr|K7EMA1|K7EMA1_HUMAN,6I3H_B,6.0,30.07,nan,nan,nan
sp|P35240|MERL_HUMAN,4RM9_A,2.5e-105,750.11,231.30,150.08,203.52
tr|A0A7P0Z427|A0A7P0Z427_HUMAN,6ICI_A,3.2e-09,80.96,63.90,6.64,63.58
tr|A0A7I2V3N1|A0A7I2V3N1_HUMAN,6PWV_D,3.7e-21,188.11,173.65,11.28,173.27
tr|A6NCR4|A6NCR4_HUMAN,5W5C_F,4.1e-26,162.16,74.08,27.47,70.28
sp|Q5MJ10|SPXN2_HUMAN,7NSB_a,230.0,29.29,nan,nan,nan
tr|H3BSQ2|H3BSQ2_HUMAN,2DEN_A,3.9e-06,59.63,54.95,4.69,54.74
tr|C9JYP7|C9JYP7_HUMAN,2O61_A,4.7e-21,146.82,129.79,6.79,129.62
sp|P48735|IDHP_HUMAN,1ITW_D,4.3e-55,445.04,236.34,80.72,224.94
tr|A2A326|A2A326_HUMAN,3W5K_B,0.016,38.65,nan,nan,nan
tr|B1AHM9|B1AHM9_HUMAN,5HCE_A,150.0,27.86,nan,nan,nan
tr|E9PMW3|E9PMW3_HUMAN,4HSU_A,47.0,30.08,nan,nan,nan
sp|P0DL12|SIM17_HUMAN,7Q21_h,26.0,28.13,nan,nan,nan
tr|A0A994J7T3|A0A994J7T3_HUMAN,6MDN_D,1.6e-118,858.16,105.47,68.66,97.90
tr|E9PQT8|E9PQT8_HUMAN,5XFO_A,1.5e-52,338.45,149.42,103.87,118.80
tr|H0YHG9|H0YHG9_HUMAN,5D3A_B,6.3e-09,68.41,68.06,0.35,68.06
tr|D6RB50|D6RB50_HUMAN,4XXV_A,51.0,23.41,nan,nan,nan
tr|A0A804HIG5|A0A804HIG5_HUMAN,5V46_A,4e-37,263.16,262.26,0.90,262.26
tr|A0A0B4J2C9|A0A0B4J2C9_HUMAN,6B1T_X,85.0,28.16,nan,nan,nan
tr|D6RBM2|D6RBM2_HUMAN,6Y7F_B,3.3e-41,254.52,254.52,0.00,254.52
tr|H7C2F4|H7C2F4_HUMAN,4WNH_A,0.022,37.67,nan,nan,nan
sp|Q9NVP4|DZAN1_HUMAN,7VOP_V,0.018,70.92,nan,nan,nan
tr|A0A2R8Y712|A0A2R8Y712_HUMAN,5EJS_A,1.5e-40,304.97,169.58,97.17,142.06
tr|A0A2R8Y5U3|A0A2R8Y5U3_HUMAN,4BX8_B,2.4e-26,190.7,147.20,28.16,144.58
tr|A0A804HJ06|A0A804HJ06_HUMAN,3REG_A,8.5e-24,131.86,106.50,10.45,105.97
tr|H7C4N8|H7C4N8_HUMAN,6BXJ_A,5.2e-20,137.5,111.05,22.48,108.39
tr|U3KQ61|U3KQ61_HUMAN,4I2Y_A,61.0,21.55,nan,nan,nan
tr|A0A7I2V3T7|A0A7I2V3T7_HUMAN,6K4J_A,2.6e-27,163.31,109.23,36.87,102.54
sp|P78332|RBM6_HUMAN,4PKD_B,1.4e-08,91.04,72.34,10.80,71.61
tr|H3BRM0|H3BRM0_HUMAN,7O1B_B,5.2e-16,100.15,67.12,13.45,65.91
tr|K7EPW0|K7EPW0_HUMAN,2LYC_A,4.6e-25,148.27,141.75,6.53,141.59
tr|A8MTF8|A8MTF8_HUMAN,2YOQ_C,3.3e-32,210.76,149.88,40.06,144.65
tr|M0R3J0|M0R3J0_HUMAN,4HPQ_B,230.0,22.41,nan,nan,nan
tr|E7EMW5|E7EMW5_HUMAN,2RUH_A,2.4e-17,123.13,82.40,17.28,80.67
sp|Q15131|CDK10_HUMAN,3N9X_A,1.5e-43,289.11,206.31,17.02,205.65
tr|A0A7P0Z4E4|A0A7P0Z4E4_HUMAN,2HYE_C,0.0014,51.04,nan,nan,nan
tr|A0A5K1VW60|A0A5K1VW60_HUMAN,3E4G_A,2.8e-24,149.34,149.34,0.00,149.34
tr|A0A7I2V4J1|A0A7I2V4J1_HUMAN,7MK1_A,70.0,19.45,nan,nan,nan
tr|H0YL29|H0YL29_HUMAN,6FYY_i,64.0,22.95,nan,nan,nan
sp|O00267|SPT5H_HUMAN,6TED_Z,6.6e-231,1899.86,491.50,577.28,262.14
tr|H7BY95|H7BY95_HUMAN,7DWO_B,20.0,22.79,nan,nan,nan
sp|Q9BSC4|NOL10_HUMAN,7MQ9_NW,2.8e-123,908.22,92.69,118.33,77.81
tr|H3BNY7|H3BNY7_HUMAN,1LS6_A,8.3e-13,79.12,59.03,6.90,58.66
tr|H0YGU5|H0YGU5_HUMAN,2H8R_A,14.0,26.62,nan,nan,nan
tr|H0Y9L4|H0Y9L4_HUMAN,6LTJ_Q,0.018,48.95,nan,nan,nan
tr|E7EMH2|E7EMH2_HUMAN,2ARH_A,110.0,25.97,nan,nan,nan
sp|Q8N3X6|LCORL_HUMAN,5AE2_A,170.0,32.21,nan,nan,nan
sp|Q8IZS8|CA2D3_HUMAN,6JPA_F,6.7e-133,1067.97,89.20,121.79,76.60
sp|P62328|TYB4_HUMAN,4PL7_B,5e-14,84.82,73.55,11.97,72.45
tr|H0YIV9|H0YIV9_HUMAN,2Y69_T,1.3e-12,91.87,75.74,9.83,75.08
sp|O60235|TM11D_HUMAN,7MO7_A,1.5e-36,282.1,181.27,64.07,166.86
sp|P01700|LV147_HUMAN,6HDC_A,3.7e-13,95.13,58.24,7.98,57.73
tr|A0A075B6X4|A0A075B6X4_HUMAN,6TYL_J,0.0026,25.87,nan,nan,nan
tr|A8MQ10|A8MQ10_HUMAN,1XHH_A,0.27,33.53,nan,nan,nan
tr|A0A494C057|A0A494C057_HUMAN,1C7C_A,1.9e-06,51.78,44.97,1.98,44.93
sp|Q5T2T1|MPP7_HUMAN,3TSZ_A,1.5e-50,362.16,164.43,87.33,143.05
tr|F6VFW0|F6VFW0_HUMAN,6N8S_A,3.3e-31,254.37,91.74,17.29,90.80
sp|Q02446|SP4_HUMAN,6QNX_C,3.5e-11,129.01,72.08,13.07,71.00
tr|H3BMM3|H3BMM3_HUMAN,5IED_A,1.1e-13,117.09,106.34,6.89,106.11
tr|A0A994J506|A0A994J506_HUMAN,6DNH_C,1.6e-07,78.31,68.87,8.03,68.36
sp|Q9Y679|AUP1_HUMAN,2EKF_A,2.1e-08,73.01,67.98,2.92,67.92
tr|C9JNU6|C9JNU6_HUMAN,2LON_A,2.3e-17,107.34,84.49,15.88,82.98
tr|F8WC80|F8WC80_HUMAN,5ESH_A,0.00061,45.66,nan,nan,nan
tr|A0A0G2JNL0|A0A0G2JNL0_HUMAN,2CV8_B,1.1e-12,98.84,81.69,16.36,79.95
tr|E9PIC5|E9PIC5_HUMAN,6WVG_B,34.0,34.08,nan,nan,nan
sp|P36537|UDB10_HUMAN,6KVJ_A,1.1e-36,237.32,135.00,47.96,126.10
sp|P41235|HNF4A_HUMAN,3E00_A,9.1e-54,377.39,143.48,64.40,130.90
tr|J3QLW3|J3QLW3_HUMAN,2MBM_A,18.0,20.64,nan,nan,nan
sp|Q8TBC3|SHKB1_HUMAN,3DRY_C,2.7e-14,123.9,81.88,19.58,79.74
tr|E9PML7|E9PML7_HUMAN,3QYQ_C,6.7e-15,124.12,92.87,18.27,91.05
tr|E9PJT3|E9PJT3_HUMAN,7DVQ_2,5.9e-50,393.48,242.27,151.21,189.29
tr|A0A096LNK4|A0A096LNK4_HUMAN,4MT7_A,3e-21,137.0,79.73,13.13,78.76
tr|D6RAA3|D6RAA3_HUMAN,5H78_B,0.00043,47.48,46.82,0.00,46.82
tr|F6XBY7|F6XBY7_HUMAN,6B3B_A,0.00021,62.37,56.74,0.00,56.74
tr|A0A1W2PRR6|A0A1W2PRR6_HUMAN,6BW6_A,4.2e-06,65.61,65.61,0.00,65.61
tr|H0YB32|H0YB32_HUMAN,1KZ7_A,37.0,22.32,nan,nan,nan
tr|F5H467|F5H467_HUMAN,6Z1S_A,7.1,25.88,nan,nan,nan
tr|E5RFP2|E5RFP2_HUMAN,2MKI_A,3.6e-23,143.57,69.12,16.58,67.67
tr|K7ERH2|K7ERH2_HUMAN,4Y93_A,9.5,27.13,nan,nan,nan
sp|Q9BTZ2|DHRS4_HUMAN,4V59_A,3.4e-28,250.44,159.38,18.98,158.36
tr|H0YJ53|H0YJ53_HUMAN,7ONU_F,57.0,25.55,nan,nan,nan
tr|A0A8I5KTJ8|A0A8I5KTJ8_HUMAN,3A3K_B,1.2e-30,203.98,111.65,26.92,108.67
tr|U3KQC6|U3KQC6_HUMAN,6X9O_A,120.0,31.62,nan,nan,nan
tr|J3KSQ5|J3KSQ5_HUMAN,6M17_D,3.3e-11,108.55,98.99,10.33,98.40
sp|A4D2G3|O2A25_HUMAN,7BVQ_B,2.2e-28,198.43,157.66,22.43,155.66
sp|Q9H892|TTC12_HUMAN,4I2Z_A,1.1e-08,102.13,79.47,10.10,78.82
tr|A0A2R8Y6U8|A0A2R8Y6U8_HUMAN,6DEE_A,59.0,27.62,nan,nan,nan
sp|Q9Y5H5|PCDA9_HUMAN,5SZP_A,8e-43,315.54,148.81,54.75,139.56
tr|A0A0U1RQC3|A0A0U1RQC3_HUMAN,4H3S_A,0.0048,48.92,nan,nan,nan
tr|H0YBU4|H0YBU4_HUMAN,1R18_A,0.0023,40.98,nan,nan,nan
tr|B5MDS5|B5MDS5_HUMAN,1M5I_A,2.2e-34,255.08,93.44,36.56,88.89
tr|H3BPR6|H3BPR6_HUMAN,6Z7N_S,100.0,22.37,nan,nan,nan
tr|E9PCT3|E9PCT3_HUMAN,7NXD_B,130.0,25.88,nan,nan,nan
tr|H0Y590|H0Y590_HUMAN,2WAC_A,0.57,32.75,nan,nan,nan
tr|A0A7I2V3Z5|A0A7I2V3Z5_HUMAN,6QX9_K,3.2e-10,93.77,68.46,5.94,68.21
tr|E9PLK2|E9PLK2_HUMAN,7KZN_E,4.7e-17,139.93,137.50,2.63,137.47
sp|Q13418|ILK_HUMAN,4OAV_B,8.2e-32,251.19,133.30,12.67,132.79
sp|Q9ULK4|MED23_HUMAN,6H02_A,0.0,2786.74,2786.22,0.52,2786.21
tr|A0A0G2JJL1|A0A0G2JJL1_HUMAN,7MQA_LW,6.6e-51,368.19,75.23,26.16,73.45
sp|Q9Y6I0|VPK6_HUMAN,2RSP_A,1e-08,65.87,52.95,9.69,52.08
tr|H0YJ19|H0YJ19_HUMAN,6TXQ_AAA,8.7e-14,97.9,74.85,12.93,73.80
tr|M0R2L8|M0R2L8_HUMAN,5F4T_A,8.1e-26,170.94,151.18,15.83,150.35
tr|F5H0F1|F5H0F1_HUMAN,7MFD_A,63.0,26.45,nan,nan,nan
tr|B7WPH3|B7WPH3_HUMAN,6LTJ_I,4e-11,142.03,74.11,16.77,72.66
tr|A0A804HJ82|A0A804HJ82_HUMAN,2RF4_F,57.0,22.66,nan,nan,nan
tr|A0A8Q3SIJ5|A0A8Q3SIJ5_HUMAN,6PA7_N,3.5e-81,615.12,114.06,112.54,91.01
sp|P04732|MT1E_HUMAN,4MT2_A,5e-32,164.22,94.60,34.81,89.77
tr|A2A2E0|A2A2E0_HUMAN,6XMS_A,120.0,25.45,nan,nan,nan
tr|E9PDB7|E9PDB7_HUMAN,4JOD_A,2e-32,228.99,198.35,11.45,198.03
tr|R4GNC9|R4GNC9_HUMAN,6LPF_B,8.3,35.41,nan,nan,nan
tr|U3KQ69|U3KQ69_HUMAN,7PD3_z,7.7e-52,330.79,129.15,68.07,114.02
tr|B3KVN2|B3KVN2_HUMAN,2H6H_A,1.7e-22,157.32,107.11,38.15,100.46
tr|C9JKA9|C9JKA9_HUMAN,7DL2_D,0.0065,72.14,nan,nan,nan
tr|E5RFT4|E5RFT4_HUMAN,2FIY_A,0.16,44.5,nan,nan,nan
tr|A0A0G2JRW6|A0A0G2JRW6_HUMAN,2VP4_D,200.0,28.75,nan,nan,nan
tr|A0A1B0GTY7|A0A1B0GTY7_HUMAN,7N9F_z,14.0,32.77,nan,nan,nan
tr|A0A6I8PU93|A0A6I8PU93_HUMAN,5KYY_B,71.0,24.16,nan,nan,nan
tr|H0YL10|H0YL10_HUMAN,4I0K_A,9.5e-14,88.02,61.71,4.42,61.56
tr|A0A0G2JNS3|A0A0G2JNS3_HUMAN,1UCT_A,3.6e-18,111.48,74.40,12.95,73.31
sp|Q4W5P6|SIM43_HUMAN,6J40_m,13.0,27.28,nan,nan,nan
tr|Q2Z197|Q2Z197_HUMAN,2DL6_A,44.0,20.18,nan,nan,nan
tr|A0A087WVH0|A0A087WVH0_HUMAN,4YUU_M1,25.0,19.34,nan,nan,nan
sp|Q9H2M9|RBGPR_HUMAN,7PMN_H,35.0,41.3,nan,nan,nan
sp|Q7L8L6|FAKD5_HUMAN,6Z1P_AS,9.6e-18,175.08,129.18,41.23,122.44
tr|U3KQL3|U3KQL3_HUMAN,4OWT_A,90.0,22.09,nan,nan,nan
tr|H7BZC7|H7BZC7_HUMAN,6CW1_B,2.6e-27,180.7,95.20,33.14,90.41
sp|Q9HCM4|E41L5_HUMAN,6D21_A,7e-55,377.96,194.06,58.56,185.99
tr|F8VVT7|F8VVT7_HUMAN,3FRT_B,1.1e-16,114.82,90.12,20.70,87.53
tr|U3KPU0|U3KPU0_HUMAN,6ZXG_z,39.0,22.2,nan,nan,nan
tr|H7C3K8|H7C3K8_HUMAN,5JCP_A,1.3e-10,88.47,69.54,8.34,69.06
tr|E9PEG3|E9PEG3_HUMAN,7KW7_F,1.9e-07,98.53,80.57,8.08,80.20
tr|K7EPN8|K7EPN8_HUMAN,4QO2_A,1.3e-07,58.43,54.93,2.09,54.89
tr|B4DTQ9|B4DTQ9_HUMAN,3GHG_H,7.6e-48,349.58,264.54,48.72,259.95
tr|U3KQ21|U3KQ21_HUMAN,4P02_B,87.0,27.58,nan,nan,nan
tr|F8WEY1|F8WEY1_HUMAN,7ESX_B,1100.0,21.39,nan,nan,nan
sp|O00507|USP9Y_HUMAN,7YXX_A,0.0,4538.72,317.91,537.84,257.72
tr|J3KR13|J3KR13_HUMAN,5JKA_B,2.9e-57,365.32,291.34,84.53,273.34
tr|Q5JVZ5|Q5JVZ5_HUMAN,7DPA_C,3e-123,930.08,407.06,297.02,313.64
tr|H0YCN2|H0YCN2_HUMAN,6RYU_W,2.4e-06,102.88,79.21,11.41,78.47
sp|P01213|PDYN_HUMAN,6FZ6_B,47.0,27.41,nan,nan,nan
sp|Q8N3R9|PALS1_HUMAN,2XKX_B,4.1e-48,364.22,169.03,86.99,149.15
tr|E5RIF8|E5RIF8_HUMAN,5FW5_A,3.1e-13,81.87,64.89,8.12,64.39
tr|C9J5A4|C9J5A4_HUMAN,4BVL_B,1.7,36.93,nan,nan,nan
tr|A0A0A0MRF8|A0A0A0MRF8_HUMAN,4V9F_R,7.3e-31,194.43,129.95,36.63,125.04
sp|Q7RTU7|SCX_HUMAN,4AYA_B,4.2e-09,71.99,61.21,9.79,60.41
tr|C9JGF3|C9JGF3_HUMAN,6QVM_A,1.1,27.25,nan,nan,nan
tr|J3QKV8|J3QKV8_HUMAN,1ZVR_A,0.17,40.47,nan,nan,nan
tr|A0A8Q3WL00|A0A8Q3WL00_HUMAN,2VO1_A,1.5e-21,126.59,71.25,26.02,67.63
tr|H7C5G0|H7C5G0_HUMAN,3J8G_X,1.4e-06,65.09,65.09,0.00,65.09
tr|A0A994J489|A0A994J489_HUMAN,5TBY_A,0.00053,78.68,nan,nan,nan
tr|B9ZVU2|B9ZVU2_HUMAN,6PEV_F,1.3e-50,377.06,254.29,59.77,247.90
tr|Q6NX70|Q6NX70_HUMAN,1UTR_B,5.6e-17,105.8,86.85,13.54,85.86
tr|H0YD00|H0YD00_HUMAN,5DV7_C,0.00012,54.5,nan,nan,nan
sp|Q8TF44|C2C4C_HUMAN,7T7C_H,0.0015,66.35,nan,nan,nan
tr|H0YA82|H0YA82_HUMAN,7LMB_H,1.2e-27,236.03,89.45,36.13,83.95
tr|J3KRC5|J3KRC5_HUMAN,5X89_A,3.3e-08,80.13,67.75,5.65,67.52
tr|A0A8I5KQW2|A0A8I5KQW2_HUMAN,7DVQ_z,9.8e-66,443.09,141.26,59.45,133.66
sp|Q8WYP3|RIN2_HUMAN,2OT3_A,1.3e-16,145.67,124.15,9.23,123.83
sp|Q9BRK3|MXRA8_HUMAN,6NK3_B,1.1e-25,172.75,65.81,16.27,64.72
tr|B1AQK6|B1AQK6_HUMAN,7MIY_A,0.0,3762.81,312.87,486.39,194.81
tr|A0A096LNK2|A0A096LNK2_HUMAN,6N1G_C,1e-06,63.01,59.82,3.19,59.73
tr|A0A3B3ISY0|A0A3B3ISY0_HUMAN,7AO8_B,2.9e-40,282.7,192.20,38.66,188.70
tr|X6RIP6|X6RIP6_HUMAN,2Z5B_B,260.0,21.38,nan,nan,nan
tr|A0A8I5KRC0|A0A8I5KRC0_HUMAN,7DVQ_8,16.0,43.08,nan,nan,nan
tr|A0A0C4ZNX4|A0A0C4ZNX4_HUMAN,3VH8_G,1.6e-28,180.99,76.48,19.66,74.72
sp|P35325|SPR2B_HUMAN,1ZLG_A,61.0,23.07,nan,nan,nan
tr|G3V1R2|G3V1R2_HUMAN,2VN8_A,3.6e-18,124.91,74.62,8.02,74.22
tr|H0YJI9|H0YJI9_HUMAN,6C9D_A,1.6e-83,568.29,251.16,24.52,250.23
sp|Q5BKX5|ACTMP_HUMAN,7DCO_A,27.0,43.0,nan,nan,nan
tr|D6RHY9|D6RHY9_HUMAN,4ILO_B,8.7,26.4,nan,nan,nan
tr|D6RGG7|D6RGG7_HUMAN,1OOE_B,1.6e-07,62.29,62.29,0.00,62.29
sp|Q9UGU0|TCF20_HUMAN,4NN2_B,3.4e-09,86.97,80.02,7.00,79.71
sp|Q86UQ5|GTSC1_HUMAN,7KIS_A,52.0,28.2,nan,nan,nan
sp|P04070|PROC_HUMAN,4BXW_B,4.6e-53,347.36,164.93,60.58,151.44
tr|J3KPU9|J3KPU9_HUMAN,6QNX_C,1.4e-09,100.84,57.29,10.09,56.50
tr|H7C1I8|H7C1I8_HUMAN,6CFW_E,76.0,24.61,nan,nan,nan
tr|C9JYJ8|C9JYJ8_HUMAN,6QNX_C,4.5e-26,223.53,77.69,31.86,72.10
tr|D6RCR8|D6RCR8_HUMAN,7LEP_G,6.2e-17,112.88,97.07,8.11,96.73
tr|J3QQQ6|J3QQQ6_HUMAN,6QES_A,49.0,20.24,nan,nan,nan
tr|A0A7P0TAG8|A0A7P0TAG8_HUMAN,2O8N_A,1.8e-38,256.54,207.74,32.64,205.28
tr|Q9H1R6|Q9H1R6_HUMAN,2ME8_A,8.6e-48,294.75,158.83,42.54,153.93
tr|H7BXZ6|H7BXZ6_HUMAN,5KU1_A,1.5e-46,314.75,68.91,40.95,64.38
tr|K7EN61|K7EN61_HUMAN,5XSY_A,85.0,30.18,nan,nan,nan
sp|Q5MJ09|SPXN3_HUMAN,6RM3_LNN,510.0,22.47,nan,nan,nan
tr|H7C4D4|H7C4D4_HUMAN,5OGS_A,170.0,24.39,nan,nan,nan
tr|A0A7P0T9I6|A0A7P0T9I6_HUMAN,3SZR_A,7.5e-74,521.81,232.36,140.09,191.43
sp|P10599|THIO_HUMAN,6TMG_F,3.7e-18,118.03,76.06,12.92,74.95
tr|F8WBD3|F8WBD3_HUMAN,6YBU_K,17.0,24.54,nan,nan,nan
tr|C9JZG1|C9JZG1_HUMAN,6ZP4_B,4.5e-43,309.65,178.75,87.36,153.61
tr|A0A7P0T9V9|A0A7P0T9V9_HUMAN,3FL7_A,2.1e-105,742.08,113.98,113.68,94.33
sp|Q9UL25|RAB21_HUMAN,7LHW_A,1.7e-14,152.17,121.15,13.21,120.41
tr|Q5SVM6|Q5SVM6_HUMAN,6R5K_O,1.5e-13,122.61,85.29,7.51,84.98
sp|P51571|SSRD_HUMAN,4HD5_A,24.0,28.27,nan,nan,nan
sp|Q8NDA2|HMCN2_HUMAN,3DMK_A,1.1e-45,408.66,222.47,47.17,218.04
tr|H0YMD4|H0YMD4_HUMAN,5FIY_D,0.49,36.63,nan,nan,nan
tr|A0A0A0MSY9|A0A0A0MSY9_HUMAN,7KSR_A,5.9e-171,1306.44,208.65,282.63,138.12
sp|Q92600|CNOT9_HUMAN,4CV5_D,2.2e-84,569.51,551.26,18.25,550.96
tr|F6V115|F6V115_HUMAN,3HMX_B,11.0,23.02,nan,nan,nan
tr|A0A8V8TPM0|A0A8V8TPM0_HUMAN,2KZ5_A,9.8e-16,127.39,102.56,22.96,99.81
sp|Q96LJ7|DHRS1_HUMAN,2QQ5_A,3.5e-33,194.33,98.97,12.66,98.28
