query_id,best_hit,best_evalue,best_score,score_mean,score_std,score_gmean
tr|A0A8I5KV89|A0A8I5KV89_HUMAN,2GHP_F,44.0,21.05,nan,nan,nan
sp|P19075|TSN8_HUMAN,5TCX_A,1.2e-28,172.74,97.36,52.34,84.83
tr|H0YKL0|H0YKL0_HUMAN,5IJN_Y,51.0,32.0,nan,nan,nan
tr|D6RGG3|D6RGG3_HUMAN,4CN9_B,2.3e-29,253.77,117.13,32.03,113.28
sp|Q8IWA0|WDR75_HUMAN,7MQA_LH,2e-157,1168.24,108.26,93.05,100.67
tr|A0A8Q3WM52|A0A8Q3WM52_HUMAN,2MTN_A,140.0,24.61,nan,nan,nan
sp|Q96LM9|CT173_HUMAN,2WNF_A,0.0055,46.44,nan,nan,nan
sp|P25791|RBTN2_HUMAN,1RUT_X,7.4e-14,84.91,58.39,13.10,57.06
tr|A0A804HHR7|A0A804HHR7_HUMAN,6NFA_A,9.3,28.41,nan,nan,nan
tr|A0A0C4DGL4|A0A0C4DGL4_HUMAN,7DSL_B,2.3e-28,193.57,121.92,23.00,120.00
tr|C9J2L7|C9J2L7_HUMAN,4V2A_A,0.00097,41.99,nan,nan,nan
tr|I7HFW6|I7HFW6_HUMAN,6IX5_B,1.3e-12,97.34,74.93,7.73,74.54
sp|Q8N4E4|PDCL2_HUMAN,7NVM_P,2.9e-39,246.19,134.73,54.67,125.41
tr|F8VPI5|F8VPI5_HUMAN,4XQ7_A,3.6e-28,208.19,108.35,39.00,102.65
tr|C9JDW1|C9JDW1_HUMAN,4XUU_C,9.9,27.63,nan,nan,nan
sp|Q92529|SHC3_HUMAN,1N3H_A,1.4e-22,169.09,83.83,19.20,82.12
tr|J3KSA6|J3KSA6_HUMAN,4GZC_A,2.9e-13,84.24,68.81,9.44,68.17
tr|H0YHY1|H0YHY1_HUMAN,3KCU_C,60.0,27.08,nan,nan,nan
tr|A0A0J9YW29|A0A0J9YW29_HUMAN,1QJS_A,3.7e-10,79.32,65.37,6.94,64.99
tr|H0YMG5|H0YMG5_HUMAN,1DCE_A,9.2e-14,113.99,113.99,0.00,113.99
tr|E9PNC8|E9PNC8_HUMAN,5JPO_E,0.001,35.77,nan,nan,nan
tr|E7EVG6|E7EVG6_HUMAN,5A2V_B,0.0012,69.95,nan,nan,nan
sp|P25440|BRD2_HUMAN,6DNE_B,5.7e-34,254.28,84.28,34.76,79.77
tr|A0A2R8YHH4|A0A2R8YHH4_HUMAN,3Q87_A,2.3,30.06,nan,nan,nan
tr|F8W050|F8W050_HUMAN,4N78_B,1.3e-66,518.51,518.51,0.00,518.51
tr|E5RGC5|E5RGC5_HUMAN,7NKY_Z,160.0,26.17,nan,nan,nan
sp|Q8NDZ2|SIMC1_HUMAN,7NRC_A,43.0,41.31,nan,nan,nan
sp|O95977|S1PR4_HUMAN,3V2Y_A,4.6e-25,185.46,132.36,19.08,130.77
tr|Q5T249|Q5T249_HUMAN,1FDV_C,2e-09,76.93,52.34,5.11,52.11
sp|P0DPK3|NT2NB_HUMAN,6ZYA_A,1.6e-22,167.97,82.59,30.87,77.75
tr|E5RFS5|E5RFS5_HUMAN,2H8H_A,8.4e-31,210.76,79.45,33.74,73.66
tr|A0A0G2JP53|A0A0G2JP53_HUMAN,5MFA_A,2e-113,878.19,548.43,185.47,496.07
tr|A8MSM7|A8MSM7_HUMAN,1Q5C_B,360.0,23.89,nan,nan,nan
sp|Q13241|KLRD1_HUMAN,6INN_A,5.6e-11,96.4,61.16,8.68,60.61
tr|H0YAI7|H0YAI7_HUMAN,7VPK_A,3.1e-23,183.07,148.77,35.38,144.35
sp|P26010|ITB7_HUMAN,7NXD_B,1.9e-121,914.0,446.74,282.17,321.69
tr|F6W5V1|F6W5V1_HUMAN,6ICZ_x,82.0,27.47,nan,nan,nan
sp|Q8N126|CADM3_HUMAN,3J8F_7,4.7e-26,175.69,100.99,18.82,99.34
sp|P29972|AQP1_HUMAN,6POJ_A,1.6e-53,340.5,226.44,29.59,224.72
tr|A0A994J7L5|A0A994J7L5_HUMAN,5W5C_F,3.7e-39,226.83,90.29,36.96,84.93
tr|A0A7I2V4Z0|A0A7I2V4Z0_HUMAN,6ES4_B,6.5e-29,194.43,96.71,35.09,90.83
sp|P49589|SYCC_HUMAN,6UJD_A,1.7e-57,417.86,150.76,64.88,142.17
tr|Q5JRS0|Q5JRS0_HUMAN,4P22_B,6.2e-48,324.8,152.68,84.40,134.01
sp|Q9YNA8|GAK19_HUMAN,6SSL_B,2.3e-33,229.71,125.71,43.32,118.23
sp|P0CE67|CC079_HUMAN,2UXV_B,32.0,25.87,nan,nan,nan
sp|Q6P087|RUSD3_HUMAN,5UBA_A,1.2e-22,165.86,114.06,27.87,110.61
tr|A0A7P0Z419|A0A7P0Z419_HUMAN,6Z1Q_BBB,3.4e-45,276.76,163.09,12.06,162.69
tr|A0A8I5KTG4|A0A8I5KTG4_HUMAN,6AHD_X,8.7,27.07,nan,nan,nan
tr|A0A6Q8PFW0|A0A6Q8PFW0_HUMAN,4WNH_A,2.2e-18,140.21,110.01,19.02,108.32
tr|H0YAQ2|H0YAQ2_HUMAN,6DHS_B,1.8e-05,46.48,nan,nan,nan
tr|E9PKK7|E9PKK7_HUMAN,2H9F_A,1.7e-08,81.35,77.81,3.79,77.71
tr|C9JUM4|C9JUM4_HUMAN,5B4X_B,3.5,29.64,nan,nan,nan
tr|Q5H909|Q5H909_HUMAN,6R7T_B,1.1e-40,293.11,276.56,7.70,276.46
sp|Q96FE5|LIGO1_HUMAN,2ID5_A,4.9e-58,376.49,148.55,36.39,145.02
sp|P41180|CASR_HUMAN,7DD7_A,2.8e-149,1143.88,233.15,195.57,186.51
tr|A0A096LP23|A0A096LP23_HUMAN,6N1G_C,7.4e-06,59.32,59.32,0.00,59.32
tr|E7ESY4|E7ESY4_HUMAN,7AOA_A,1.2e-179,1358.04,163.16,283.24,106.56
tr|H0YDN5|H0YDN5_HUMAN,7YXX_A,0.0033,59.11,nan,nan,nan
sp|Q5VUD6|DIK1B_HUMAN,4IL1_D,100.0,31.16,nan,nan,nan
tr|F8VW93|F8VW93_HUMAN,1PWH_C,7.8e-05,50.17,nan,nan,nan
sp|O15347|HMGB3_HUMAN,3TMM_A,5.9e-18,124.9,67.67,25.79,63.80
sp|Q14206|RCAN2_HUMAN,1WEY_A,5e-20,124.59,109.96,14.63,108.98
sp|O60566|BUB1B_HUMAN,5KHU_Q,1.2e-147,1185.22,345.73,368.85,232.21
tr|H0YMZ8|H0YMZ8_HUMAN,7D3F_D,3.5e-38,266.79,256.23,10.56,256.01
sp|Q9UJF2|NGAP_HUMAN,3BXJ_B,7.5e-54,406.79,261.14,81.12,247.36
tr|H0YCY5|H0YCY5_HUMAN,7EF9_A,3e-14,115.82,85.99,20.45,83.33
tr|C9JKI3|C9JKI3_HUMAN,6QP6_A,49.0,31.64,nan,nan,nan
tr|I3L3Y1|I3L3Y1_HUMAN,2I99_A,1e-11,86.38,72.45,5.40,72.26
tr|A0A7P0T8E8|A0A7P0T8E8_HUMAN,7DVQ_9,9.2e-99,718.49,141.96,69.55,134.21
tr|A0A7I2V2B1|A0A7I2V2B1_HUMAN,3MW2_B,1.3e-15,116.73,92.20,18.00,90.37
tr|F5H7L7|F5H7L7_HUMAN,5HJQ_A,1.4e-06,59.93,59.87,0.08,59.87
tr|F5H765|F5H765_HUMAN,4KTY_A,150.0,25.29,nan,nan,nan
sp|P33947|ERD22_HUMAN,7RXC_K,4.4e-56,358.94,329.90,20.56,329.28
tr|H7BZ78|H7BZ78_HUMAN,3GHG_J,190.0,29.56,nan,nan,nan
tr|A0A8V8TPI5|A0A8V8TPI5_HUMAN,3WN7_M,4.8e-10,69.16,69.16,0.00,69.16
tr|A0A7I2V376|A0A7I2V376_HUMAN,6BTC_A,59.0,24.07,nan,nan,nan
tr|F8W0V8|F8W0V8_HUMAN,4OR9_A,5.7e-08,70.03,60.02,5.63,59.76
tr|D6R911|D6R911_HUMAN,3PMQ_A,110.0,24.39,nan,nan,nan
sp|Q8NF86|PRS33_HUMAN,2B9L_A,2.9e-39,261.7,168.58,57.35,155.62
sp|Q8NEZ4|KMT2C_HUMAN,6UH5_M,3.1e-22,218.11,123.74,35.50,118.67
tr|A0A0A0MT38|A0A0A0MT38_HUMAN,7DPA_D,4e-45,417.87,250.09,127.19,211.85
tr|J3QLK1|J3QLK1_HUMAN,1FDV_C,0.48,35.17,nan,nan,nan
sp|Q8NGE1|OR6C4_HUMAN,7JOZ_R,4.1e-26,188.14,147.15,20.11,145.44
tr|A0A087X0G5|A0A087X0G5_HUMAN,7C4J_I,6.4e-06,98.23,98.23,0.00,98.23
tr|A0A2R8YCE3|A0A2R8YCE3_HUMAN,3K21_A,90.0,24.16,nan,nan,nan
tr|I3L1D1|I3L1D1_HUMAN,5E6U_A,62.0,23.03,nan,nan,nan
sp|Q9H2F3|3BHS7_HUMAN,6X89_A9,1.6e-18,147.7,89.11,16.79,87.65
tr|C9J4C4|C9J4C4_HUMAN,6ULG_L,1.7e-47,325.8,324.97,0.84,324.96
tr|C9J915|C9J915_HUMAN,3V69_A,3.7e-09,70.5,70.50,0.00,70.50
tr|Q5TG81|Q5TG81_HUMAN,3LUT_A,4e-19,127.37,98.08,9.04,97.69
sp|P0DKB5|TPBGL_HUMAN,7C77_A,2.9e-07,81.48,72.33,5.38,72.13
sp|Q9UN72|PCDA7_HUMAN,5SZP_A,2.6e-42,311.79,147.15,52.63,138.42
sp|Q14722|KCAB1_HUMAN,3LUT_A,2.3e-45,297.98,193.53,25.83,192.05
tr|D3DR41|D3DR41_HUMAN,6SJV_A,100.0,22.31,nan,nan,nan
tr|M0QZ47|M0QZ47_HUMAN,7CCS_A,0.1,42.36,nan,nan,nan
sp|P50479|PDLI4_HUMAN,6PCV_A,0.069,57.78,47.60,6.04,47.23
sp|Q9UKJ3|GPTC8_HUMAN,5Y88_U,1.3e-07,105.52,105.52,0.00,105.52
tr|I3L378|I3L378_HUMAN,3JR1_A,3.8e-13,89.3,74.12,10.57,73.38
sp|Q9Y264|ANGP4_HUMAN,3GHG_H,1.3e-45,354.92,260.86,48.44,256.32
sp|Q96T83|SL9A7_HUMAN,7DSX_A,1.8e-43,336.24,167.27,71.24,152.90
tr|A0A7I2V666|A0A7I2V666_HUMAN,7BX7_A,7.3e-14,85.21,70.47,14.74,68.91
tr|A0A1D5RMQ8|A0A1D5RMQ8_HUMAN,7ARD_K,9.9,16.27,nan,nan,nan
sp|Q8NA70|FA47B_HUMAN,7RRO_H9,340.0,30.85,nan,nan,nan
tr|A0A0D9SG74|A0A0D9SG74_HUMAN,5C65_A,3.5e-13,92.88,65.76,7.61,65.37
tr|A0A8I5KVA5|A0A8I5KVA5_HUMAN,5GGI_B,5.5e-89,641.79,267.63,199.01,216.30
tr|J3QKY4|J3QKY4_HUMAN,6DEW_E,74.0,23.09,nan,nan,nan
sp|P28749|RBL1_HUMAN,4ELJ_A,3.5e-119,941.11,465.46,196.26,428.34
tr|Q6IMJ6|Q6IMJ6_HUMAN,7ANE_af,5.4,39.88,nan,nan,nan
tr|A0A087WT04|A0A087WT04_HUMAN,5T58_B,1.3e-05,58.75,nan,nan,nan
tr|H0YED6|H0YED6_HUMAN,5YA2_B,180.0,26.51,nan,nan,nan
tr|A0A7I2V538|A0A7I2V538_HUMAN,1C96_A,1.1e-70,537.11,369.87,84.72,358.69
tr|A0A3B3IS45|A0A3B3IS45_HUMAN,3DRY_C,2.2e-13,99.65,64.35,16.71,62.43
tr|G3V3J3|G3V3J3_HUMAN,1IC8_B,6.3e-11,89.79,63.85,13.83,62.46
tr|X6RCV0|X6RCV0_HUMAN,6YXX_E8,190.0,25.35,nan,nan,nan
tr|F8WF93|F8WF93_HUMAN,6YXY_At,94.0,23.7,nan,nan,nan
sp|P98171|RHG04_HUMAN,5I6R_A,1.4e-69,531.19,136.47,53.21,131.34
tr|A0A994J7W5|A0A994J7W5_HUMAN,2CJS_C,5.1e-23,168.13,78.93,26.72,75.58
tr|A0A2R8Y6Y6|A0A2R8Y6Y6_HUMAN,2HGS_A,3.6e-05,56.86,nan,nan,nan
tr|F8WCI9|F8WCI9_HUMAN,7OKY_O,1.7e-16,116.34,116.34,0.00,116.34
tr|M0R2T5|M0R2T5_HUMAN,7MT7_c,42.0,24.3,nan,nan,nan
tr|A0A087WXH5|A0A087WXH5_HUMAN,4XBM_B,6.2e-10,87.69,66.01,15.02,64.23
tr|A0A0G2JM97|A0A0G2JM97_HUMAN,6NU2_AY,43.0,21.08,nan,nan,nan
tr|J3QQM2|J3QQM2_HUMAN,5NNP_C,8.4,22.58,nan,nan,nan
tr|K7EKA2|K7EKA2_HUMAN,6U3G_A,5.6e-32,195.74,147.64,14.11,147.03
sp|Q96FX8|PERP_HUMAN,6C14_D,3.6e-12,94.26,81.65,4.80,81.52
tr|H0YK18|H0YK18_HUMAN,3FM6_A,200.0,21.7,nan,nan,nan
tr|A6NEM5|A6NEM5_HUMAN,7W72_K,1.2e-72,491.97,228.19,71.27,220.49
tr|A0A286YFA6|A0A286YFA6_HUMAN,7KSI_A,6e-85,542.08,208.83,26.41,207.61
tr|E9PJQ7|E9PJQ7_HUMAN,2NDJ_A,0.037,27.71,nan,nan,nan
tr|H0YAH7|H0YAH7_HUMAN,3TBI_A,390.0,23.58,nan,nan,nan
sp|A6NN06|U633A_HUMAN,1WC1_C,72.0,19.51,nan,nan,nan
tr|C9JGL9|C9JGL9_HUMAN,3TUO_A,4.9e-33,201.39,193.53,7.86,193.37
tr|B8ZZ86|B8ZZ86_HUMAN,7KGV_B,1.7e-24,193.05,137.88,56.17,124.61
tr|H7C481|H7C481_HUMAN,7MEX_A,2.2e-06,93.65,93.65,0.00,93.65
sp|A8MXV4|NUD19_HUMAN,3QSJ_A,4.4e-15,124.29,124.29,0.00,124.29
tr|A0A0A0MSH6|A0A0A0MSH6_HUMAN,2Y6V_C,6.4e-07,70.31,60.70,3.39,60.60
tr|K7EPZ7|K7EPZ7_HUMAN,5IMU_A,560.0,20.62,nan,nan,nan
tr|A0A0G2JH31|A0A0G2JH31_HUMAN,6PY2_B,1.4e-31,190.57,105.21,35.42,98.10
tr|A0A0G2JQ38|A0A0G2JQ38_HUMAN,7OKY_M,7e-17,157.63,141.22,11.37,140.76
tr|A0A0U1RQJ1|A0A0U1RQJ1_HUMAN,3L0Q_B,2.7e-20,155.35,103.87,18.73,102.31
tr|C9JTR0|C9JTR0_HUMAN,4NFU_A,6.6,29.65,nan,nan,nan
tr|A0A7P0T9R9|A0A7P0T9R9_HUMAN,1NM8_A,2.8e-111,812.96,692.46,50.08,690.74
sp|Q14164|IKKE_HUMAN,6NT9_B,3.2e-148,1142.41,178.41,95.68,171.31
tr|H0YCZ8|H0YCZ8_HUMAN,3SKQ_A,27.0,26.18,nan,nan,nan
tr|A0A0C4DGR6|A0A0C4DGR6_HUMAN,5XMG_A,210.0,24.79,nan,nan,nan
sp|Q96NX9|DACH2_HUMAN,1L8R_A,2e-19,140.26,131.09,6.06,130.95
sp|Q9NVV2|CS073_HUMAN,4HBE_A,240.0,23.87,nan,nan,nan
tr|A0A0G2JM13|A0A0G2JM13_HUMAN,6ULC_L,11.0,29.19,nan,nan,nan
tr|A0A0C4DFN6|A0A0C4DFN6_HUMAN,5NZV_H,730.0,28.0,nan,nan,nan
tr|A0A804HK73|A0A804HK73_HUMAN,7PY2_C,92.0,27.18,nan,nan,nan
tr|A0A6Q8PHF8|A0A6Q8PHF8_HUMAN,6OB7_A,5.1e-05,67.79,nan,nan,nan
tr|A0A2R8Y6L2|A0A2R8Y6L2_HUMAN,4WWU_H,0.001,54.95,nan,nan,nan
tr|A0A2R8Y2H5|A0A2R8Y2H5_HUMAN,2KXE_A,250.0,22.5,nan,nan,nan
tr|E7EW89|E7EW89_HUMAN,6ID1_q,2.5e-12,94.89,69.48,15.34,67.94
tr|H0YK11|H0YK11_HUMAN,6FYY_m,1e-28,177.09,92.54,33.83,87.65
tr|I3L233|I3L233_HUMAN,5C3L_A,320.0,29.5,nan,nan,nan
sp|P25100|ADA1D_HUMAN,5ZTY_A,5.7e-41,292.74,223.98,41.41,218.67
tr|H0Y6Y6|H0Y6Y6_HUMAN,2H26_A,1.6e-26,169.95,116.20,29.14,112.16
sp|Q9NZH7|IL36B_HUMAN,6HPI_A,1.4e-14,105.11,86.89,8.40,86.47
tr|H3BTA9|H3BTA9_HUMAN,5TUB_B,7e-17,125.12,114.29,7.61,114.04
tr|H0YN61|H0YN61_HUMAN,6HFG_B,7.3,23.69,nan,nan,nan
sp|Q9Y458|TBX22_HUMAN,5BQD_A,6.8e-50,344.2,270.53,22.93,269.65
tr|A0A804HLK0|A0A804HLK0_HUMAN,7FH1_B,3.6e-145,1153.25,1153.25,0.00,1153.25
tr|R4GNF5|R4GNF5_HUMAN,4QKV_C,110.0,22.61,nan,nan,nan
tr|A0A0G2JPD1|A0A0G2JPD1_HUMAN,7AOH_C,570.0,22.56,nan,nan,nan
sp|Q16891|MIC60_HUMAN,7VOP_f,11.0,43.76,nan,nan,nan
sp|Q9UM13|APC10_HUMAN,1GQP_B,6.3e-38,243.39,202.68,31.45,200.27
sp|P54132|BLM_HUMAN,4CGZ_A,2e-93,698.12,193.53,78.63,179.83
tr|E5RFX8|E5RFX8_HUMAN,7KPV_B,4.8e-21,142.67,93.99,23.30,91.17
tr|A0A3B3ITL7|A0A3B3ITL7_HUMAN,7DVQ_4,1.2e-11,114.19,61.01,11.80,59.96
tr|F6UGA0|F6UGA0_HUMAN,1DP7_P,4.4e-07,51.01,51.01,0.00,51.01
sp|Q14681|KCTD2_HUMAN,3DRY_C,1.2e-50,309.16,88.94,56.61,79.67
tr|G3V5Z7|G3V5Z7_HUMAN,6TCZ_e,4.4e-31,216.62,114.37,32.15,110.06
tr|A0A7P0T971|A0A7P0T971_HUMAN,5FTJ_B,3e-14,100.93,66.18,19.96,63.39
tr|A0A1W2PQN6|A0A1W2PQN6_HUMAN,4WZI_B,3.4e-28,203.66,203.66,0.00,203.66
sp|Q92556|ELMO1_HUMAN,7DPA_C,4.8e-135,1016.19,426.26,322.43,324.24
sp|Q9BTN0|LRFN3_HUMAN,5XNQ_A,1.5e-31,218.63,89.17,24.85,86.62
tr|C9JWH0|C9JWH0_HUMAN,4NN2_B,4e-06,49.6,49.60,0.00,49.60
tr|K7EKQ8|K7EKQ8_HUMAN,6DU4_A,9.1e-13,94.56,94.56,0.00,94.56
tr|F5H026|F5H026_HUMAN,7D3F_D,23.0,32.88,nan,nan,nan
sp|A4QMS7|CFA90_HUMAN,6U42_8B,0.48,39.23,nan,nan,nan
tr|A6NIW2|A6NIW2_HUMAN,6TGB_A,2.7e-114,1050.52,479.05,256.01,417.31
tr|A0A140T9T7|A0A140T9T7_HUMAN,5U1D_A,3e-151,1127.55,201.36,113.02,177.65
tr|H0YEW9|H0YEW9_HUMAN,3LQC_A,2.4e-30,198.87,195.59,2.92,195.57
tr|K7ESK7|K7ESK7_HUMAN,6XOG_B,4.5e-46,323.83,162.14,78.99,145.89
tr|A0A286YFJ5|A0A286YFJ5_HUMAN,6FMR_A,5.5,25.93,nan,nan,nan
tr|J3QQH9|J3QQH9_HUMAN,7RFP_A,49.0,28.21,nan,nan,nan
tr|C9JSA6|C9JSA6_HUMAN,7MQA_SW,0.00012,51.82,47.72,0.00,47.72
tr|A0A804HI14|A0A804HI14_HUMAN,6YXY_Ao,4.3e-13,162.03,113.63,22.08,111.45
tr|K7ELH8|K7ELH8_HUMAN,6S7T_A,1e-06,87.69,83.84,3.85,83.75
tr|F8VR76|F8VR76_HUMAN,2PSQ_A,140.0,19.18,nan,nan,nan
tr|H7BZ81|H7BZ81_HUMAN,4DGK_A,4.5e-13,108.45,108.45,0.00,108.45
sp|Q9Y265|RUVB1_HUMAN,4WW4_B,6.8e-58,413.97,91.58,42.25,86.64
tr|A0A0C4DG59|A0A0C4DG59_HUMAN,1H8B_B,0.023,41.65,nan,nan,nan
sp|Q9Y6V0|PCLO_HUMAN,7T7C_H,1.9e-08,128.31,84.85,15.93,83.51
tr|G8JLH2|G8JLH2_HUMAN,1QB0_A,5.3e-38,260.69,113.49,67.47,98.44
tr|A0A0U1RQQ4|A0A0U1RQQ4_HUMAN,3JTC_B,5.4e-10,75.82,64.89,6.79,64.54
tr|D6RAD9|D6RAD9_HUMAN,5J34_C,57.0,22.36,nan,nan,nan
tr|D6RD26|D6RD26_HUMAN,6NFW_A,26.0,27.18,nan,nan,nan
tr|H0YIY5|H0YIY5_HUMAN,6E2H_F,4.4e-07,64.09,55.82,5.19,55.59
sp|Q9NZY2|FA30A_HUMAN,4BUP_B,1.6,32.6,nan,nan,nan
tr|A0A2R8Y5Y7|A0A2R8Y5Y7_HUMAN,7OLD_LH,3.6e-32,216.53,154.22,33.24,150.40
tr|C9JUE0|C9JUE0_HUMAN,1OEY_K,5.3e-17,115.28,60.59,18.58,58.49
tr|K7EIZ7|K7EIZ7_HUMAN,6NE6_A,25.0,27.21,nan,nan,nan
tr|H7C433|H7C433_HUMAN,7EGG_D,310.0,31.54,nan,nan,nan
sp|Q8N196|SIX5_HUMAN,4EGC_A,6.5e-21,172.45,119.08,53.36,106.46
tr|H0Y936|H0Y936_HUMAN,7QE7_U,0.46,34.51,nan,nan,nan
tr|A0A994J561|A0A994J561_HUMAN,5JXT_K,7.1,27.53,nan,nan,nan
sp|O75792|RNH2A_HUMAN,3PUF_M,1e-68,452.08,254.85,87.85,243.21
tr|A0A0G2JIT5|A0A0G2JIT5_HUMAN,6AHU_K,4.8e-38,228.19,125.64,43.98,119.88
tr|A0A8V8TP26|A0A8V8TP26_HUMAN,6YXX_E3,130.0,28.72,nan,nan,nan
tr|F8WDQ4|F8WDQ4_HUMAN,1A73_B,51.0,21.45,nan,nan,nan
tr|E5RI90|E5RI90_HUMAN,1R9D_B,100.0,29.53,nan,nan,nan
sp|H3BPF8|GOG8S_HUMAN,6K06_A,3.9e-10,80.85,78.23,2.61,78.19
tr|Q4W8S1|Q4W8S1_HUMAN,4IJD_A,1.3e-24,161.22,62.05,19.59,59.89
tr|A0A2R8Y8C0|A0A2R8Y8C0_HUMAN,7F2O_R,250.0,22.8,nan,nan,nan
sp|O15514|RPB4_HUMAN,7OL0_D,1.2e-29,189.3,130.60,31.36,127.00
sp|Q9Y592|CEP83_HUMAN,6SO3_B,0.0041,71.32,nan,nan,nan
tr|M0QZH1|M0QZH1_HUMAN,7PW5_C,8.2e-30,201.42,201.42,0.00,201.42
tr|A6NFW1|A6NFW1_HUMAN,7AO8_B,1.2e-73,519.22,321.61,86.39,311.59
tr|A0A1B0GTQ7|A0A1B0GTQ7_HUMAN,5U81_A,7e-07,59.23,59.23,0.00,59.23
sp|Q712K3|UB2R2_HUMAN,6ZHU_H,8.7e-40,256.35,97.69,25.18,95.24
tr|A0A0A0MS16|A0A0A0MS16_HUMAN,2JUL_A,4.6e-28,177.77,71.69,21.21,69.16
sp|Q05901|ACHB3_HUMAN,6Y5A_D,3e-66,468.03,262.36,96.86,243.29
tr|K7EKM3|K7EKM3_HUMAN,1YTZ_T,8.8e-31,176.45,117.95,33.30,113.52
tr|A0A804HI24|A0A804HI24_HUMAN,3GTD_B,1.4e-83,589.81,315.13,108.62,298.49
tr|F8WF35|F8WF35_HUMAN,5JDK_A,57.0,25.28,nan,nan,nan
tr|H0YMC6|H0YMC6_HUMAN,7PUA_F5,150.0,28.09,nan,nan,nan
tr|B4DR12|B4DR12_HUMAN,7VGQ_B,1.5e-06,71.75,71.75,0.00,71.75
tr|E7EVD6|E7EVD6_HUMAN,6VHH_B,5.9e-166,1332.35,191.81,149.82,155.28
tr|A0A0A6YYN8|A0A0A6YYN8_HUMAN,6GCI_A,9.3e-13,86.16,72.77,6.58,72.49
tr|A0A7P0T9W4|A0A7P0T9W4_HUMAN,4H8S_C,3.4e-25,189.62,130.21,25.82,127.48
sp|Q9P2P6|STAR9_HUMAN,5MM7_K,7.1e-47,422.34,275.30,83.42,255.95
sp|Q96HB5|CC120_HUMAN,7N9F_z,350.0,30.5,nan,nan,nan
tr|J3QL40|J3QL40_HUMAN,7CKO_A,4e-28,197.78,134.40,18.91,133.06
tr|A0A7P0TBD0|A0A7P0TBD0_HUMAN,4LS9_B,73.0,20.07,nan,nan,nan
sp|Q96R08|OR5BC_HUMAN,7JOZ_R,5.7e-25,181.81,140.31,19.62,138.60
tr|A0A7P0Z405|A0A7P0Z405_HUMAN,5ULS_A,3.1e-08,81.49,74.13,4.64,73.99
tr|C9JG98|C9JG98_HUMAN,6GKM_A,1.4e-42,318.68,117.71,33.61,114.54
sp|Q9Y2M5|KLH20_HUMAN,6WCQ_C,5.3e-67,466.04,142.28,64.71,130.26
tr|E7EVE9|E7EVE9_HUMAN,7O4J_0,5.3e-126,931.26,189.34,225.47,124.33
tr|A0A0A0MSN4|A0A0A0MSN4_HUMAN,6M17_D,6.9e-100,813.66,332.23,180.60,296.16
tr|A0A804HL58|A0A804HL58_HUMAN,7MIT_E,2.7e-44,315.22,294.22,19.85,293.54
tr|H3BNC1|H3BNC1_HUMAN,7DVQ_4,0.0042,42.8,nan,nan,nan
tr|B0QZ55|B0QZ55_HUMAN,6FEC_w,33.0,37.47,nan,nan,nan
tr|A0A7I2V4M8|A0A7I2V4M8_HUMAN,4IM0_A,8.4e-06,56.6,56.52,0.08,56.52
tr|H7BZ91|H7BZ91_HUMAN,5DGO_A,1.4e-16,127.59,93.15,15.64,92.03
tr|A0A7I2YQR6|A0A7I2YQR6_HUMAN,6WQK_B,9.8,27.66,nan,nan,nan
tr|C9J7X6|C9J7X6_HUMAN,5IJN_Y,29.0,37.99,nan,nan,nan
tr|F6S4E6|F6S4E6_HUMAN,7APK_h,2.8e-38,238.51,120.52,24.09,118.28
tr|Q5TB16|Q5TB16_HUMAN,6KMH_D,170.0,21.23,nan,nan,nan
sp|P28069|PIT1_HUMAN,6T90_K,4.6e-21,180.06,127.32,32.10,122.94
tr|A0A8I5KSP1|A0A8I5KSP1_HUMAN,5V87_B,1.4e-47,348.11,134.08,96.66,112.79
sp|O15394|NCAM2_HUMAN,4LIQ_E,1.5e-38,275.18,185.58,36.23,182.25
sp|Q6IN84|MRM1_HUMAN,1GZ0_F,7.2e-33,223.98,143.55,28.28,141.13
tr|E5RHM4|E5RHM4_HUMAN,7MQA_LU,6.6e-17,116.18,102.59,18.82,100.68
tr|A0A087WV39|A0A087WV39_HUMAN,1Z3I_X,2.8e-10,85.78,65.46,10.17,64.77
sp|Q86WN2|IFNE_HUMAN,7E0E_A,4.5e-30,191.51,177.30,9.24,177.05
tr|G3V2L2|G3V2L2_HUMAN,6UX2_A,7.4e-08,73.23,63.04,6.45,62.72
tr|A0A8Q3SJ74|A0A8Q3SJ74_HUMAN,5OR7_C,5.2e-09,77.14,59.24,7.93,58.73
tr|K7EQ50|K7EQ50_HUMAN,7TBW_A,10.0,32.13,nan,nan,nan
tr|A0A7I2YQB7|A0A7I2YQB7_HUMAN,7B5M_T,7.3e-22,149.51,73.63,11.95,72.81
tr|A0A0A0MQS3|A0A0A0MQS3_HUMAN,3LCC_A,150.0,18.94,nan,nan,nan
tr|C9JI91|C9JI91_HUMAN,6QAJ_B,3.6e-25,174.45,101.65,36.90,95.09
tr|H0YNN2|H0YNN2_HUMAN,7KEK_E,480.0,23.71,nan,nan,nan
sp|Q8IWB4|S31A7_HUMAN,6DS5_A,180.0,34.48,nan,nan,nan
tr|A0A087WZD4|A0A087WZD4_HUMAN,6DLP_A,4.3,33.96,nan,nan,nan
tr|H0YFP7|H0YFP7_HUMAN,2Z15_C,50.0,20.81,nan,nan,nan
sp|P25106|ACKR3_HUMAN,7BR3_A,3.8e-30,221.9,174.33,27.41,171.46
tr|A0A494C199|A0A494C199_HUMAN,6N2P_G,2.9e-09,82.13,82.13,0.00,82.13
tr|A0A8I5KPF5|A0A8I5KPF5_HUMAN,6VTK_B,4.1e-70,478.44,366.52,58.20,362.25
tr|D6RIW8|D6RIW8_HUMAN,7A5P_p,1e-59,423.95,75.26,31.00,73.36
sp|Q96FM1|PGAP3_HUMAN,6YXH_A,1.3e-10,95.94,95.94,0.00,95.94
sp|A2RUT3|TMM89_HUMAN,4OJD_H,320.0,26.15,nan,nan,nan
sp|P43304|GPDM_HUMAN,2RGO_B,1.6e-77,572.26,108.61,81.90,97.21
sp|Q8N7X8|SIGL1_HUMAN,5A2F_A,0.0014,50.61,nan,nan,nan
tr|E7ES21|E7ES21_HUMAN,5N0K_A,1.4e-139,1084.61,241.33,252.19,181.89
tr|A0A8V8TKX7|A0A8V8TKX7_HUMAN,6NZ0_Z,3.6e-18,134.96,86.60,22.02,84.36
tr|K7EIR2|K7EIR2_HUMAN,4Y4Y_W,140.0,23.55,nan,nan,nan
tr|F5H248|F5H248_HUMAN,4D18_G,2.1e-27,186.58,125.98,39.25,120.35
tr|F8WFA3|F8WFA3_HUMAN,2DK6_A,0.049,28.18,nan,nan,nan
tr|H7C4D0|H7C4D0_HUMAN,3BJC_A,1.9e-73,531.97,255.21,82.49,233.86
sp|Q9Y5U4|INSI2_HUMAN,7ETW_A,5.2e-56,354.18,289.11,65.07,281.69
sp|Q5GH73|XKR6_HUMAN,7DCE_X,2.3e-65,486.38,466.07,20.31,465.63
tr|F8WCE2|F8WCE2_HUMAN,7QWS_O,11.0,30.98,nan,nan,nan
tr|H3BVE7|H3BVE7_HUMAN,3DAD_A,1.5e-22,154.14,142.87,11.27,142.42
tr|A0A3B3ISR3|A0A3B3ISR3_HUMAN,6X9O_A,3.2e-13,129.57,129.57,0.00,129.57
sp|A0A0A0MT76|LJ01_HUMAN,3MUU_A,78.0,26.73,nan,nan,nan
tr|A0A0A0MT79|A0A0A0MT79_HUMAN,4OM3_D,2.6e-21,120.71,120.71,0.00,120.71
sp|Q96JA3|PKHA8_HUMAN,5KDI_A,2.1e-36,252.94,171.60,71.95,148.98
sp|Q9P2J8|ZN624_HUMAN,6QNX_C,2.8e-51,432.47,100.52,54.61,90.10
tr|K7ERT1|K7ERT1_HUMAN,1V0D_A,2.2e-11,101.85,85.58,7.11,85.30
tr|G3V380|G3V380_HUMAN,6VEC_g,1.3e-06,59.64,55.37,4.27,55.21
tr|A0A994J5F6|A0A994J5F6_HUMAN,4WPX_F,150.0,27.15,nan,nan,nan
tr|K7EJC4|K7EJC4_HUMAN,5H4Z_A,3.5e-05,45.31,nan,nan,nan
tr|F8VYZ9|F8VYZ9_HUMAN,1M0F_4,110.0,23.65,nan,nan,nan
sp|O75365|TP4A3_HUMAN,1R6H_A,5.1e-28,166.79,69.65,16.71,68.17
tr|E9PJX4|E9PJX4_HUMAN,6NFA_A,6.3e-46,328.7,178.39,75.92,161.01
tr|C9J0J5|C9J0J5_HUMAN,5O7H_F,11.0,33.16,nan,nan,nan
tr|F8VUB9|F8VUB9_HUMAN,1FDV_C,0.00036,47.06,nan,nan,nan
tr|E5RHM3|E5RHM3_HUMAN,5ZB2_B,1.5e-05,42.19,nan,nan,nan
tr|A0A7I2V5B8|A0A7I2V5B8_HUMAN,7B5M_T,2e-58,361.62,83.56,34.12,79.79
tr|H0YI74|H0YI74_HUMAN,6PW5_D,8.6e-15,126.56,89.86,12.66,88.92
tr|F5GZW1|F5GZW1_HUMAN,6QJA_B,1.4e-18,121.97,121.97,0.00,121.97
sp|Q14032|BAAT_HUMAN,3HLK_B,2.3e-57,396.11,80.17,60.27,72.59
sp|P0C672|TSN19_HUMAN,6WVG_B,7.8e-19,147.3,89.23,39.48,81.44
tr|A0A0G2JRN8|A0A0G2JRN8_HUMAN,5TUY_A,1.8e-58,397.65,183.94,50.76,178.20
tr|A0A087WWH3|A0A087WWH3_HUMAN,6IGM_H,75.0,46.04,nan,nan,nan
tr|A0A8V8TN42|A0A8V8TN42_HUMAN,6W6W_C,7.9e-60,401.4,172.34,113.57,142.40
sp|Q9BQ16|TICN3_HUMAN,1BMO_A,3.5e-15,117.77,96.33,21.39,93.68
sp|Q96RM1|SPR2F_HUMAN,1ZLG_A,8.3,27.17,nan,nan,nan
sp|Q15047|SETB1_HUMAN,4QEO_A,1.5e-33,285.33,158.07,68.62,143.23
sp|Q8NBF2|NHLC2_HUMAN,6GC1_C,8.7e-54,374.8,71.62,25.02,69.97
sp|A6PVS8|LRIQ3_HUMAN,4LXR_A,2.6e-05,74.74,71.00,0.06,71.00
tr|F8W1D1|F8W1D1_HUMAN,6FG9_B,110.0,29.46,nan,nan,nan
tr|Q8NG42|Q8NG42_HUMAN,7KW7_F,4.8e-39,338.32,90.38,47.20,82.26
tr|H3BUD0|H3BUD0_HUMAN,2F42_A,8.4e-17,106.76,99.91,6.86,99.67
tr|C9J2Z5|C9J2Z5_HUMAN,6OCN_A,1.6e-09,75.53,65.33,7.97,64.86
tr|A0A087WV90|A0A087WV90_HUMAN,1EG4_A,5e-33,267.88,121.78,44.70,115.32
tr|A0A1B0GW53|A0A1B0GW53_HUMAN,7N9F_z,4.7,40.31,nan,nan,nan
sp|Q96DV4|RM38_HUMAN,7NQH_Bb,3.5e-106,737.23,191.88,177.02,147.69
tr|F5H4H1|F5H4H1_HUMAN,3B0U_Y,150.0,21.74,nan,nan,nan
tr|A0A8Q3SIY4|A0A8Q3SIY4_HUMAN,3TJE_F,3.4e-21,129.0,73.68,14.43,72.48
tr|J3QRZ0|J3QRZ0_HUMAN,6LHM_D,7.6e-12,83.69,62.51,7.01,62.14
sp|Q6UW10|SFTA2_HUMAN,6BTC_A,9.1,27.26,nan,nan,nan
tr|A0A994J6I1|A0A994J6I1_HUMAN,2ZOP_B,320.0,18.3,nan,nan,nan
tr|E9PNA0|E9PNA0_HUMAN,4IAO_B,2.1e-21,153.92,99.19,20.93,97.22
tr|A0A286YFJ7|A0A286YFJ7_HUMAN,6R4P_A,19.0,33.17,nan,nan,nan
sp|Q9UPQ0|LIMC1_HUMAN,1P5S_A,7e-09,91.22,74.22,10.48,73.47
sp|P61583|NP5_HUMAN,2MZ8_A,170.0,22.38,nan,nan,nan
tr|A0A087X220|A0A087X220_HUMAN,5YRX_A,5.5e-07,58.66,58.66,0.00,58.66
tr|A0A8I5KSX7|A0A8I5KSX7_HUMAN,7CEE_A,6.1e-07,59.9,59.90,0.00,59.90
tr|R4GN48|R4GN48_HUMAN,4AKR_C,21.0,23.95,nan,nan,nan
tr|A0A0G2JQB7|A0A0G2JQB7_HUMAN,6PW5_D,2.5e-25,214.17,141.14,24.69,138.83
tr|A0A2R8Y211|A0A2R8Y211_HUMAN,6DDU_A,9.6e-38,286.49,147.94,75.51,129.80
tr|H3BM83|H3BM83_HUMAN,2XMS_A,3.1e-08,60.89,52.28,4.89,52.05
tr|J3KSC1|J3KSC1_HUMAN,4E6S_A,0.00022,34.62,nan,nan,nan
sp|Q9UBF8|PI4KB_HUMAN,4WAE_A,8e-108,808.62,270.03,124.57,247.05
tr|H7C528|H7C528_HUMAN,7DJT_E,0.22,41.11,nan,nan,nan
tr|A0A2R8Y885|A0A2R8Y885_HUMAN,6Z47_G,9.7e-09,119.74,103.39,11.33,102.76
tr|H7C2M7|H7C2M7_HUMAN,3C2G_A,41.0,32.72,nan,nan,nan
sp|Q96K80|ZC3HA_HUMAN,6DNH_C,4.4e-05,65.02,nan,nan,nan
tr|F8WEQ3|F8WEQ3_HUMAN,3E56_A,6.6,23.01,nan,nan,nan
tr|J3KRX0|J3KRX0_HUMAN,4AKM_B,6.5e-07,60.41,60.27,0.14,60.27
tr|A0A8V8TN69|A0A8V8TN69_HUMAN,5NZV_D,3.1e-08,74.95,61.60,5.72,61.35
tr|I3L2R9|I3L2R9_HUMAN,6KZJ_C,8e-18,109.25,109.25,0.00,109.25
sp|Q8NBJ5|GT251_HUMAN,6TEC_A,6.4e-13,128.84,119.41,10.17,118.97
sp|Q9UHQ9|NB5R1_HUMAN,6MV2_A,5.2e-31,209.55,134.11,25.89,131.53
tr|C9JMN9|C9JMN9_HUMAN,5XF7_A,5.7e-47,349.84,116.30,56.57,107.54
tr|F5GYY1|F5GYY1_HUMAN,7O4J_0,4e-11,99.69,76.85,13.42,75.68
sp|Q9GZY8|MFF_HUMAN,1W8X_P,120.0,27.31,nan,nan,nan
sp|Q9Y6Z5|AFDDT_HUMAN,1N2L_A,210.0,23.84,nan,nan,nan
sp|Q9HBI1|PARVB_HUMAN,6ANU_f,1.8e-18,130.76,81.21,23.60,78.18
tr|F8WE79|F8WE79_HUMAN,5X6U_E,24.0,20.94,nan,nan,nan
sp|P08195|4F2_HUMAN,7CCS_A,1.3e-108,778.78,195.62,76.23,187.18
tr|A0A3B3ITE1|A0A3B3ITE1_HUMAN,3SHW_A,3.5e-82,626.74,175.65,127.78,145.18
sp|Q9P2B4|CT2NL_HUMAN,7DL2_D,0.021,64.94,nan,nan,nan
tr|A0A0C4DG55|A0A0C4DG55_HUMAN,5FR1_B,300.0,19.77,nan,nan,nan
tr|F8VS91|F8VS91_HUMAN,7NH5_A,9.5e-18,117.23,79.27,27.39,74.95
tr|E7EX99|E7EX99_HUMAN,6BSD_A,2.5e-09,77.86,77.86,0.00,77.86
tr|A0A7I2V2U7|A0A7I2V2U7_HUMAN,6R5K_H,4.3e-21,180.04,103.84,25.32,100.96
tr|F8WDI8|F8WDI8_HUMAN,7EGB_1,120.0,23.11,nan,nan,nan
sp|Q6SZW1|SARM1_HUMAN,7CM7_B,4.6e-115,833.54,165.06,184.47,122.38
tr|I3L4B0|I3L4B0_HUMAN,6ZYA_A,2.8e-13,95.87,83.96,16.84,82.07
tr|A0A7I2V311|A0A7I2V311_HUMAN,4WXX_B,1e-129,1057.69,131.59,150.24,105.51
sp|P04553|HSP1_HUMAN,2JA1_A,120.0,18.18,nan,nan,nan
tr|A0A075B6W3|A0A075B6W3_HUMAN,5M1H_A,32.0,21.35,nan,nan,nan
tr|E5RH53|E5RH53_HUMAN,7CC7_A,1.1e-08,68.3,68.30,0.00,68.30
tr|A0A494C1C0|A0A494C1C0_HUMAN,4RXV_A,140.0,23.23,nan,nan,nan
tr|A0A0J9YWV2|A0A0J9YWV2_HUMAN,3N44_F,8.5e-06,65.4,54.59,5.34,54.34
sp|P09486|SPRC_HUMAN,1SRA_A,6.9e-36,231.31,151.44,64.62,135.03
sp|Q9P242|NYAP2_HUMAN,6HIF_J,160.0,31.82,nan,nan,nan
sp|Q8WXD2|SCG3_HUMAN,6HLX_A,43.0,30.67,nan,nan,nan
sp|A6NFE3|EFC10_HUMAN,5CUY_D,0.37,39.69,nan,nan,nan
sp|Q8NBD8|T229B_HUMAN,6YNY_B,290.0,27.14,nan,nan,nan
tr|K7EMU4|K7EMU4_HUMAN,5LV0_A,2.3e-37,255.03,123.59,49.03,116.32
tr|H0Y5C6|H0Y5C6_HUMAN,2J3S_B,2.6e-30,187.58,83.42,34.18,77.92
sp|Q8J025|APCD1_HUMAN,2WWS_A,140.0,29.51,nan,nan,nan
tr|S4R471|S4R471_HUMAN,7V1N_K,1.2e-09,74.98,59.14,6.74,58.79
sp|Q9BVS5|TR61B_HUMAN,2B25_A,6.3e-54,376.87,75.93,27.52,73.55
tr|A0A087WW36|A0A087WW36_HUMAN,4JOD_A,7.8e-23,146.98,106.05,13.07,105.34
tr|H7C0A4|H7C0A4_HUMAN,3N89_B,6.4e-21,157.34,80.56,27.55,77.22
sp|Q8TDI8|TMC1_HUMAN,6WUD_B,1.3e-08,74.76,74.76,0.00,74.76
tr|H0YFZ8|H0YFZ8_HUMAN,6L30_A,12.0,32.12,nan,nan,nan
tr|Q5JQP4|Q5JQP4_HUMAN,4I2F_A,6.8e-51,346.73,287.20,45.80,282.81
tr|H0YAP3|H0YAP3_HUMAN,3VMN_A,55.0,30.55,nan,nan,nan
tr|H0YAC5|H0YAC5_HUMAN,6GYU_A,570.0,25.9,nan,nan,nan
tr|J3KTL0|J3KTL0_HUMAN,6GCI_A,1.5e-09,72.16,64.85,5.96,64.57
tr|A0A0J9YX61|A0A0J9YX61_HUMAN,6X48_A,3.1e-12,96.47,81.17,10.07,80.55
tr|Q5VXM9|Q5VXM9_HUMAN,7BT6_v,3.4e-06,62.23,61.08,1.62,61.06
tr|E5RJ86|E5RJ86_HUMAN,4GMO_A,0.63,41.96,nan,nan,nan
tr|H0YKL9|H0YKL9_HUMAN,5LPX_A,1.4e-18,118.05,77.56,10.24,76.92
tr|A0A0A0MSV9|A0A0A0MSV9_HUMAN,3F8U_B,5.2e-49,342.29,314.18,28.12,312.91
tr|A0A087WT80|A0A087WT80_HUMAN,4GNK_D,2.6e-177,1459.91,577.07,402.57,409.77
tr|G3V1X7|G3V1X7_HUMAN,6WWA_Y,9.4,24.95,nan,nan,nan
tr|C9JUH0|C9JUH0_HUMAN,5ZB9_A,330.0,18.47,nan,nan,nan
tr|A0A1W2PNX4|A0A1W2PNX4_HUMAN,3VH8_G,2.8e-17,119.36,85.63,16.77,83.98
tr|S4R3G4|S4R3G4_HUMAN,2YU2_A,6.2e-54,387.21,201.03,64.64,193.66
sp|P19419|ELK1_HUMAN,1HBX_H,1.7e-36,241.91,130.17,29.54,127.74
tr|A0A0D9SF26|A0A0D9SF26_HUMAN,7NVU_X,24.0,23.71,nan,nan,nan
tr|A0A0G2JQJ2|A0A0G2JQJ2_HUMAN,7KWO_V,1.3e-07,107.73,98.00,7.97,97.66
tr|F8WBC1|F8WBC1_HUMAN,6N7R_I,0.011,38.84,nan,nan,nan
tr|E5RIP0|E5RIP0_HUMAN,6LO8_B,120.0,24.64,nan,nan,nan
tr|J3KRQ9|J3KRQ9_HUMAN,6YWE_D,110.0,22.29,nan,nan,nan
tr|H0YE68|H0YE68_HUMAN,7ENC_a,1000.0,24.6,nan,nan,nan
tr|A0A1W2PRY4|A0A1W2PRY4_HUMAN,6S48_A,140.0,24.87,nan,nan,nan
tr|A0A0G2JK88|A0A0G2JK88_HUMAN,1WB9_B,8.5e-55,435.17,391.17,47.20,387.72
tr|E7EP32|E7EP32_HUMAN,7F4F_B,2.1e-41,250.7,168.79,14.88,168.18
tr|H7C474|H7C474_HUMAN,2L6M_A,110.0,25.42,nan,nan,nan
sp|Q99935|PROL1_HUMAN,7RD1_M,470.0,28.14,nan,nan,nan
tr|E9PMY4|E9PMY4_HUMAN,6MTC_v,6.5e-16,121.31,102.34,18.97,100.57
sp|Q9UBG0|MRC2_HUMAN,7JPT_A,1.4e-153,1285.66,100.96,119.09,86.28
tr|A0A494C1Q6|A0A494C1Q6_HUMAN,6JPA_C,1.1e-52,370.78,188.18,89.35,165.99
tr|A0A8V8TNW2|A0A8V8TNW2_HUMAN,5X55_B,1.1e-41,305.41,271.05,15.39,270.61
tr|A0A494BZX7|A0A494BZX7_HUMAN,2YJF_M,7.1e-18,140.76,112.87,16.90,111.65
tr|F5H024|F5H024_HUMAN,5WJC_A,0.26,30.24,nan,nan,nan
tr|A0A140T9K9|A0A140T9K9_HUMAN,3S6C_A,2.9e-14,92.22,60.87,14.83,59.14
tr|A0A8V8TNA6|A0A8V8TNA6_HUMAN,6QNX_C,1.6e-12,128.79,69.09,12.87,67.92
tr|H3BTS4|H3BTS4_HUMAN,5X8T_0,7.6,25.54,nan,nan,nan
tr|A0A8V8TQ57|A0A8V8TQ57_HUMAN,1RZH_H,66.0,27.22,nan,nan,nan
tr|A0A140T9V5|A0A140T9V5_HUMAN,5XWE_A,0.6,29.17,nan,nan,nan
tr|C9J0Z4|C9J0Z4_HUMAN,3VG9_A,6.4e-11,68.85,54.76,4.14,54.62
tr|C9JP59|C9JP59_HUMAN,4OAV_B,0.00034,48.02,nan,nan,nan
tr|E9PL15|E9PL15_HUMAN,6TNZ_D,1.2e-06,53.53,53.53,0.00,53.53
tr|A0A3B3ITH1|A0A3B3ITH1_HUMAN,7E8T_L,22.0,21.87,nan,nan,nan
sp|A6H8Y1|BDP1_HUMAN,5N9G_H,8.3e-30,262.59,221.17,29.29,219.34
sp|E9PJI5|NPIA7_HUMAN,6TF9_SP1,140.0,34.15,nan,nan,nan
sp|P22003|BMP5_HUMAN,5FFO_D,9.3e-49,330.09,161.23,53.40,155.01
tr|E7EV10|E7EV10_HUMAN,7AOA_A,2.9e-138,1036.73,149.72,214.59,107.17
tr|A0A8I5KSE2|A0A8I5KSE2_HUMAN,7KZN_A,0.0,4781.04,1511.85,1809.91,484.66
sp|Q15058|KIF14_HUMAN,5MM7_K,1.5e-54,438.37,302.01,64.23,292.30
tr|M0R096|M0R096_HUMAN,6TDV_I,270.0,23.12,nan,nan,nan
tr|A0A1B0GTH3|A0A1B0GTH3_HUMAN,6J17_A,53.0,17.25,nan,nan,nan
tr|G3V3E8|G3V3E8_HUMAN,6W5V_D,2.1e-25,152.56,119.37,11.91,118.80
tr|H0YJL1|H0YJL1_HUMAN,4IRV_F,5.5e-13,108.08,67.17,13.50,66.12
tr|B4DXW7|B4DXW7_HUMAN,6LTJ_Q,2.8e-06,80.63,59.06,8.02,58.56
tr|H0Y8T7|H0Y8T7_HUMAN,3P9Y_B,91.0,20.35,nan,nan,nan
sp|Q96GX5|GWL_HUMAN,5LOH_B,1.7e-48,326.22,159.64,22.74,158.30
sp|Q8NDL9|CBPC5_HUMAN,4A39_B,8.9e-33,257.51,133.84,79.96,113.83
tr|B5MC53|B5MC53_HUMAN,1I8N_B,14.0,30.77,nan,nan,nan
tr|A0A0A0MSI3|A0A0A0MSI3_HUMAN,3RHG_A,1.6e-30,202.97,94.03,30.98,89.51
tr|S4R429|S4R429_HUMAN,3VG9_A,0.001,32.91,nan,nan,nan
sp|Q8N0W3|FCSK_HUMAN,5YYS_B,1.8e-106,847.6,117.29,101.49,105.94
sp|O14960|LECT2_HUMAN,5B0H_A,1.4e-10,67.08,67.08,0.00,67.08
tr|A0A7P0TAY0|A0A7P0TAY0_HUMAN,5FTJ_B,2.8e-34,251.03,114.27,37.20,108.70
tr|G3V1A3|G3V1A3_HUMAN,4WJ7_A,0.00055,50.9,nan,nan,nan
tr|A0A8V8TNF0|A0A8V8TNF0_HUMAN,6XJL_A,5.7e-48,353.53,267.01,47.62,261.14
tr|F5GYB3|F5GYB3_HUMAN,6AED_A,4.2e-07,61.09,55.07,3.95,54.92
tr|Q5QPI7|Q5QPI7_HUMAN,4A57_C,6.6e-21,168.97,144.65,9.98,144.32
sp|O15212|PFD6_HUMAN,3AEI_B,6.6e-12,82.84,58.86,8.30,58.37
tr|F8WDP4|F8WDP4_HUMAN,5R97_A,5.1e-21,131.03,80.05,8.30,79.67
tr|A0A7I2YQL8|A0A7I2YQL8_HUMAN,5FFO_D,1.9e-40,273.17,161.98,67.66,148.77
tr|E9PP79|E9PP79_HUMAN,4QUV_B,5.1e-08,76.76,76.76,0.00,76.76
sp|Q8NG83|OR2M3_HUMAN,7BVQ_B,6e-26,184.57,145.71,22.00,143.56
tr|C9J091|C9J091_HUMAN,6ZXG_k,78.0,25.81,nan,nan,nan
sp|Q00978|IRF9_HUMAN,2O61_A,1.6e-19,164.99,150.35,8.02,150.13
tr|R4GMS5|R4GMS5_HUMAN,2F40_A,26.0,23.08,nan,nan,nan
tr|A0A8I5KPW2|A0A8I5KPW2_HUMAN,6GCI_A,6.2e-08,63.11,57.53,3.14,57.45
tr|F8VXK7|F8VXK7_HUMAN,6GYB_F,110.0,25.27,nan,nan,nan
sp|Q9NRS6|SNX15_HUMAN,6MBI_A,8.5e-11,75.22,70.57,4.66,70.42
tr|C9J5D1|C9J5D1_HUMAN,2OB0_C,3.9e-09,61.6,49.85,2.77,49.78
tr|A0A075B735|A0A075B735_HUMAN,3CB2_B,0.00066,47.94,nan,nan,nan
tr|B4DTF9|B4DTF9_HUMAN,6WCJ_B,2.1e-15,116.54,108.40,10.88,107.83
sp|P60709|ACTB_HUMAN,6FML_J,1.5e-57,441.58,220.71,126.05,179.20
tr|E9PKL5|E9PKL5_HUMAN,7O2W_B,920.0,24.22,nan,nan,nan
tr|J3QR00|J3QR00_HUMAN,7KMT_B,4.3e-20,167.84,167.84,0.00,167.84
sp|Q17R55|F187B_HUMAN,3OL2_A,2.4,41.32,nan,nan,nan
tr|D6REW7|D6REW7_HUMAN,7NS4_i,5.3e-28,216.91,174.94,57.73,163.16
sp|Q9P2E7|PCD10_HUMAN,6VG4_A,4.6e-47,351.13,159.39,59.25,149.41
sp|P31947|1433S_HUMAN,7NFW_A,8.3e-55,339.55,307.43,17.16,306.96
tr|E9PK16|E9PK16_HUMAN,7F9O_9,19.0,24.27,nan,nan,nan
tr|A0A7I2V5F5|A0A7I2V5F5_HUMAN,6QX9_5X,1.5e-43,334.62,174.09,50.92,164.72
tr|M0R0U7|M0R0U7_HUMAN,5LY5_A,3.9,28.7,nan,nan,nan
tr|K7EJH3|K7EJH3_HUMAN,7C06_J,0.29,29.59,nan,nan,nan
tr|F8W1H7|F8W1H7_HUMAN,1TUZ_A,4.8e-16,102.46,102.46,0.00,102.46
tr|F8VVZ1|F8VVZ1_HUMAN,1D2Z_D,9e-06,53.95,53.95,0.00,53.95
tr|F6TRA5|F6TRA5_HUMAN,7APK_h,4.6e-39,243.7,121.69,24.40,119.44
sp|Q8N5Z5|KCD17_HUMAN,3DRY_C,5.3e-46,290.72,89.75,50.52,82.00
tr|A0A6Q8PG00|A0A6Q8PG00_HUMAN,1OEY_K,6.4e-16,117.73,66.16,19.93,63.87
tr|C9JBF0|C9JBF0_HUMAN,7LHW_A,5.1e-232,1898.76,1898.76,0.00,1898.76
tr|C9JVJ0|C9JVJ0_HUMAN,3ICU_A,0.63,31.65,nan,nan,nan
tr|A0A0A0MRN1|A0A0A0MRN1_HUMAN,3HTX_D,1.5e-21,202.2,122.26,52.76,111.40
tr|M0R112|M0R112_HUMAN,7JPP_C,18.0,28.84,nan,nan,nan
tr|K7ELP0|K7ELP0_HUMAN,6OTN_C,9.4e-10,60.3,45.17,7.92,44.53
tr|A0A2R8Y526|A0A2R8Y526_HUMAN,6LTJ_I,5.6e-178,1485.6,209.43,171.46,173.76
tr|H0YH81|H0YH81_HUMAN,5D80_b,3.2e-46,349.94,301.84,39.53,298.61
tr|S4R418|S4R418_HUMAN,2FIC_B,5.2e-16,125.08,95.74,23.22,92.82
tr|H0Y300|H0Y300_HUMAN,4F4O_L,5.3e-47,302.31,124.53,31.65,120.63
sp|Q9Y6P5|SESN1_HUMAN,5CUF_D,1.1e-100,722.35,206.44,254.42,120.02
sp|Q9GZW8|MS4A7_HUMAN,6Y92_B,2.1e-15,111.4,106.14,5.27,106.00
sp|Q13641|TPBG_HUMAN,4CNM_A,8.6e-26,172.0,86.13,19.25,84.23
tr|V9GY03|V9GY03_HUMAN,7EGG_D,1.6e-17,143.7,143.70,0.00,143.70
tr|A0A994J428|A0A994J428_HUMAN,1QHA_A,3.9e-71,531.37,278.57,115.18,253.77
tr|C9K0A9|C9K0A9_HUMAN,2WAD_A,45.0,24.55,nan,nan,nan
sp|Q8N9T2|CX042_HUMAN,5INE_A,380.0,25.38,nan,nan,nan
tr|Q5FBW6|Q5FBW6_HUMAN,6UX2_A,5.6e-06,57.61,49.19,4.35,49.01
tr|Q6PJI1|Q6PJI1_HUMAN,3NWN_A,2.6e-12,85.13,73.00,12.13,71.98
tr|Q672R2|Q672R2_HUMAN,4OM3_D,0.18,27.34,nan,nan,nan
sp|Q9H0A8|COMD4_HUMAN,6BP6_B,5.3e-07,58.74,58.74,0.00,58.74
tr|C9JZA4|C9JZA4_HUMAN,6ZNL_Z,2.1e-16,126.3,51.99,16.54,50.34
tr|U3KQ77|U3KQ77_HUMAN,6ZHU_H,6.6e-20,131.63,58.15,13.55,56.93
sp|Q9UG56|PISD_HUMAN,7CNW_C,3.4e-39,271.93,271.93,0.00,271.93
tr|K7EQU1|K7EQU1_HUMAN,6FCX_A,99.0,19.61,nan,nan,nan
tr|Q5T9B7|Q5T9B7_HUMAN,3L0S_C,3e-37,229.8,96.84,25.97,93.89
sp|Q14839|CHD4_HUMAN,6RYU_W,0.0,4074.72,206.34,240.08,168.06
tr|A0A2R8Y5A1|A0A2R8Y5A1_HUMAN,5KZ5_H,7.2e-33,209.19,107.18,30.47,104.26
tr|A0A6Q8PG78|A0A6Q8PG78_HUMAN,6ZD9_B,1.1,29.68,nan,nan,nan
tr|F8WBB7|F8WBB7_HUMAN,3HQI_B,0.00015,44.47,nan,nan,nan
sp|Q9P2K5|MYEF2_HUMAN,3VF0_B,1.3e-20,159.29,87.01,26.84,83.18
tr|E9PJB9|E9PJB9_HUMAN,6OIT_B,28.0,26.64,nan,nan,nan
sp|P58557|YBEY_HUMAN,1OZ9_A,4.3e-27,165.98,157.17,5.97,157.06
sp|Q8N6R1|SERP2_HUMAN,6M17_D,54.0,26.48,nan,nan,nan
tr|A0A087WZQ0|A0A087WZQ0_HUMAN,2KG4_A,1.9e-22,145.62,133.56,9.13,133.26
tr|A0A8I5KWE3|A0A8I5KWE3_HUMAN,7ADO_A,5e-18,143.86,118.68,35.61,112.24
tr|A0A8I5KXL5|A0A8I5KXL5_HUMAN,5YZ0_C,12.0,33.12,nan,nan,nan
tr|A0A8V8TPP7|A0A8V8TPP7_HUMAN,1GXZ_A,7.8e-21,151.78,151.78,0.00,151.78
sp|P48307|TFPI2_HUMAN,7V1N_K,1e-24,152.03,83.98,36.13,77.37
tr|E7ERE6|E7ERE6_HUMAN,6QNX_A,0.038,46.34,nan,nan,nan
tr|F8WBZ6|F8WBZ6_HUMAN,4CV5_D,6.2e-14,104.26,102.73,1.53,102.72
tr|H3BT24|H3BT24_HUMAN,2MH0_A,0.56,29.69,nan,nan,nan
tr|M0R142|M0R142_HUMAN,5LKT_A,91.0,27.04,nan,nan,nan
tr|A0A3B3IU66|A0A3B3IU66_HUMAN,6J4Z_W,0.0014,74.42,nan,nan,nan
tr|C9JIY7|C9JIY7_HUMAN,7KNA_C,25.0,27.88,nan,nan,nan
tr|F8VZC2|F8VZC2_HUMAN,6D80_A,31.0,28.16,nan,nan,nan
tr|H0YNV7|H0YNV7_HUMAN,6CX6_B,14.0,19.9,nan,nan,nan
tr|E9PQC4|E9PQC4_HUMAN,2VE7_D,2.8e-24,180.47,170.75,9.72,170.48
tr|A0A2R8YF63|A0A2R8YF63_HUMAN,6Q6H_A,2.7e-34,288.24,268.10,25.69,266.81
tr|H0Y922|H0Y922_HUMAN,4XZS_A,4.5,30.65,nan,nan,nan
sp|I6L899|GOG8R_HUMAN,6K06_A,1.1e-08,73.49,71.12,2.37,71.08
tr|Q5VUY5|Q5VUY5_HUMAN,7RRO_8,8.6e-31,192.77,159.19,33.58,155.61
sp|Q5TCY1|TTBK1_HUMAN,4BTK_A,1.2e-36,262.07,148.58,16.63,147.80
tr|H0YHT0|H0YHT0_HUMAN,4K0R_A,7e-16,124.17,124.17,0.00,124.17
tr|E5RJN1|E5RJN1_HUMAN,3FAJ_A,150.0,17.13,nan,nan,nan
tr|A0A8I5KP17|A0A8I5KP17_HUMAN,6TB4_K,2.6e-26,189.58,162.08,40.16,154.90
sp|Q9NWS1|PARI_HUMAN,4P1M_B,58.0,28.13,nan,nan,nan
tr|K7EKH4|K7EKH4_HUMAN,7D3F_D,36.0,30.41,nan,nan,nan
tr|H3BUJ3|H3BUJ3_HUMAN,7D3F_D,260.0,24.48,nan,nan,nan
tr|A0A7P0TBE6|A0A7P0TBE6_HUMAN,5X89_A,7.1e-16,139.19,122.22,13.51,121.43
tr|D6R9Z3|D6R9Z3_HUMAN,5D28_A,47.0,28.33,nan,nan,nan
tr|H7C1N1|H7C1N1_HUMAN,6YGH_D,2.8,33.82,nan,nan,nan
tr|F2Z3J0|F2Z3J0_HUMAN,5N4A_A,120.0,25.77,nan,nan,nan
tr|G5E9Y3|G5E9Y3_HUMAN,3LJU_X,6.6e-17,147.51,99.29,19.50,97.43
tr|A0A3B3ITG2|A0A3B3ITG2_HUMAN,3UF1_D,4.1e-05,48.07,44.86,0.00,44.86
tr|A8MZ84|A8MZ84_HUMAN,5OR7_C,7.1e-07,65.13,56.17,6.96,55.74
tr|R4GNC0|R4GNC0_HUMAN,6DXW_C,1.3e-21,151.49,97.75,28.52,93.84
tr|A0A1X7SBT4|A0A1X7SBT4_HUMAN,6IDF_B,120.0,30.29,nan,nan,nan
sp|Q9H939|PPIP2_HUMAN,5C1F_B,8.9e-30,195.69,175.11,12.25,174.67
tr|K7EMJ2|K7EMJ2_HUMAN,4QC8_A,42.0,27.89,nan,nan,nan
tr|A0A7P0T9C1|A0A7P0T9C1_HUMAN,5DI3_B,1.4e-22,153.43,81.35,9.95,80.80
tr|M0QX01|M0QX01_HUMAN,6KN7_a,2.1e-19,132.87,119.65,10.06,119.24
tr|A0A8I5KQX3|A0A8I5KQX3_HUMAN,6FX0_A,2.2e-31,202.95,74.48,28.85,70.23
tr|A0A2R8Y8A3|A0A2R8Y8A3_HUMAN,6ZFB_h,1.7e-07,103.07,91.24,9.98,90.65
sp|Q8NG50|RDM1_HUMAN,1H2I_O,0.072,44.86,nan,nan,nan
tr|A0A0D9SEM4|A0A0D9SEM4_HUMAN,6X89_S5,3.2e-24,173.42,80.25,24.12,76.67
tr|D6RHY5|D6RHY5_HUMAN,6H0I_A,14.0,27.52,nan,nan,nan
sp|Q7Z6J9|SEN54_HUMAN,4FZ2_A,6.6e-13,124.26,86.80,20.82,84.54
tr|F8WEN9|F8WEN9_HUMAN,3D87_A,150.0,20.52,nan,nan,nan
tr|C9JQZ3|C9JQZ3_HUMAN,5WHG_A,0.018,46.86,nan,nan,nan
tr|F5H552|F5H552_HUMAN,2KSN_A,77.0,25.42,nan,nan,nan
sp|Q96E66|LRC51_HUMAN,4WWU_H,1e-07,81.73,71.11,9.07,70.47
tr|A0A7P0T9H5|A0A7P0T9H5_HUMAN,6IAK_F,1.4e-08,103.52,103.52,0.00,103.52
tr|E9PI79|E9PI79_HUMAN,1M1C_B,87.0,30.54,nan,nan,nan
tr|Q3SY61|Q3SY61_HUMAN,5U70_A,1.5e-80,613.52,207.69,123.35,186.53
tr|E9PNN5|E9PNN5_HUMAN,6DEE_A,38.0,28.98,nan,nan,nan
sp|Q8N3U1|YS014_HUMAN,1Z3V_A,120.0,27.72,nan,nan,nan
tr|K7EP88|K7EP88_HUMAN,6LK8_D,1e-18,114.98,69.31,22.12,66.38
tr|A0A140T997|A0A140T997_HUMAN,6AT5_A,3e-37,230.29,162.08,54.30,151.54
tr|H7BZ52|H7BZ52_HUMAN,5LZT_jj,86.0,36.43,nan,nan,nan
tr|D6RDB2|D6RDB2_HUMAN,1F6B_A,3.1e-16,93.33,59.85,6.98,59.46
tr|A0A8I5QJH7|A0A8I5QJH7_HUMAN,4NN2_B,3.9e-12,76.28,67.05,8.17,66.55
sp|P55289|CAD12_HUMAN,1Q5C_B,4.2e-56,423.26,143.51,47.71,136.67
tr|F5GXP0|F5GXP0_HUMAN,7LAF_B,1.4e-15,139.84,127.78,14.03,126.91
tr|C9JYH9|C9JYH9_HUMAN,6YLG_s,3.9e-18,132.06,132.06,0.00,132.06
sp|H0YKK7|GG6LS_HUMAN,6K06_A,3.5e-11,84.89,82.69,2.20,82.66
tr|H3BRD6|H3BRD6_HUMAN,6QNX_C,9e-06,78.06,54.69,9.93,53.88
sp|Q9Y426|C2CD2_HUMAN,5TOD_D,4.1e-29,221.05,221.05,0.00,221.05
tr|A0A9L9PY19|A0A9L9PY19_HUMAN,6KN7_a,1.7e-36,239.83,110.83,50.10,102.44
tr|H3BQ49|H3BQ49_HUMAN,2ID5_A,2.1e-19,127.1,73.50,14.35,72.20
tr|K7EPF5|K7EPF5_HUMAN,4NFU_B,130.0,26.05,nan,nan,nan
tr|H0YL98|H0YL98_HUMAN,7KEK_E,2.7e-12,113.34,90.24,7.43,89.93
sp|Q9ULF5|S39AA_HUMAN,5TSA_A,8.5e-18,157.27,157.27,0.00,157.27
tr|H0Y4Z1|H0Y4Z1_HUMAN,2NUN_A,41.0,29.16,nan,nan,nan
tr|Q5T5I6|Q5T5I6_HUMAN,4TU3_A,1.7e-46,330.19,287.56,66.80,277.20
tr|Q5T6L5|Q5T6L5_HUMAN,6E5Y_A,2e-31,217.07,93.43,46.61,85.59
tr|E7EWF8|E7EWF8_HUMAN,3OR1_B,3.4,35.86,nan,nan,nan
tr|A0A2U3TZI3|A0A2U3TZI3_HUMAN,6A69_A,8e-268,2209.24,456.33,359.76,307.58
tr|J3QL50|J3QL50_HUMAN,2FIY_A,160.0,22.44,nan,nan,nan
sp|P24347|MMP11_HUMAN,1GXD_A,1.9e-55,411.87,138.26,74.06,124.82
tr|A0A2R8YGH2|A0A2R8YGH2_HUMAN,6R5K_O,9.3e-15,126.19,81.00,7.66,80.66
tr|A0A6Q8PGJ3|A0A6Q8PGJ3_HUMAN,5MM7_K,9.8e-62,467.98,327.18,70.83,315.00
tr|F8W026|F8W026_HUMAN,2CG9_B,1e-06,61.27,57.29,2.39,57.24
sp|Q5VV43|K0319_HUMAN,6NZ0_Z,7.8e-17,129.25,89.64,15.08,88.55
tr|F5H875|F5H875_HUMAN,6ZH3_A,2e-12,97.5,84.49,9.50,83.93
tr|A0A8I5QKV6|A0A8I5QKV6_HUMAN,6QK7_A,4.8e-19,195.46,123.11,12.41,122.54
tr|A0A7P0T926|A0A7P0T926_HUMAN,1DEU_A,2.8e-28,173.92,91.84,17.08,90.44
sp|P27544|CERS1_HUMAN,4H3T_A,620.0,25.09,nan,nan,nan
tr|M0QYP4|M0QYP4_HUMAN,5VKJ_A,3.2e-08,60.82,60.82,0.00,60.82
sp|Q9Y6Y8|S23IP_HUMAN,6X9O_A,49.0,46.03,nan,nan,nan
tr|A0A8Q3WMD3|A0A8Q3WMD3_HUMAN,7KZT_M,4.1e-16,125.51,104.03,22.74,101.37
sp|O75509|TNR21_HUMAN,3U3S_A,3.6e-61,454.18,128.70,81.26,116.02
tr|C9J2U3|C9J2U3_HUMAN,6F1T_f,1400.0,16.13,nan,nan,nan
tr|A0A7P0Z4H0|A0A7P0Z4H0_HUMAN,5X89_A,4.1e-08,80.51,67.95,5.26,67.75
tr|A0A2R8Y523|A0A2R8Y523_HUMAN,6LTJ_I,7.8e-133,1090.01,144.49,131.53,118.45
tr|Q6Y8G5|Q6Y8G5_HUMAN,6QNX_C,5.4e-08,93.89,53.30,10.77,52.32
tr|A0A2R8Y4V9|A0A2R8Y4V9_HUMAN,5OET_B,5.1e-12,99.1,85.38,10.20,84.75
sp|Q2VY69|ZN284_HUMAN,6QNX_C,1.1e-48,397.64,96.72,50.41,87.39
tr|B3KN83|B3KN83_HUMAN,6C48_B,1.2e-25,146.06,146.06,0.00,146.06
tr|F8WCL8|F8WCL8_HUMAN,4NJH_B,53.0,20.97,nan,nan,nan
sp|O75400|PR40A_HUMAN,7ABF_A4,3.6e-62,540.5,170.05,167.22,122.04
tr|K7EMM5|K7EMM5_HUMAN,4E15_B,5.8e-12,90.44,75.48,14.95,73.99
tr|H0YDZ4|H0YDZ4_HUMAN,6PCV_A,1.9e-182,1505.35,1505.35,0.00,1505.35
tr|A0A2R8Y784|A0A2R8Y784_HUMAN,6ZNL_Z,1.8e-06,82.43,75.34,7.10,75.00
tr|A0A087X1C0|A0A087X1C0_HUMAN,6ZYW_Y,5.7e-17,147.09,81.83,34.91,75.65
sp|Q9HD23|MRS2_HUMAN,3RKG_A,3e-29,216.09,216.09,0.00,216.09
tr|J3QR05|J3QR05_HUMAN,6ELZ_w,3.0,31.3,nan,nan,nan
tr|A0A1C7CYZ0|A0A1C7CYZ0_HUMAN,6PCV_A,2.4e-17,187.44,137.84,26.93,134.79
sp|P33240|CSTF2_HUMAN,7DVQ_4,3.8e-13,132.64,66.87,15.11,65.42
tr|A0A9L9PYG2|A0A9L9PYG2_HUMAN,4DUR_A,1.1e-129,907.7,149.56,181.44,102.86
tr|H0YL94|H0YL94_HUMAN,5CK3_B,4.7e-05,50.27,41.63,1.77,41.59
tr|F8WE27|F8WE27_HUMAN,6HG4_B,6.1e-13,104.32,104.32,0.00,104.32
sp|Q14332|FZD2_HUMAN,7EVW_R,2.9e-72,519.04,176.07,121.78,147.06
tr|F8WB72|F8WB72_HUMAN,6XU8_Cf,1.7e-16,105.42,90.62,7.51,90.30
tr|D6RE08|D6RE08_HUMAN,4I0O_A,120.0,18.08,nan,nan,nan
sp|Q5VU43|MYOME_HUMAN,6X0V_H,2.9e-172,1583.59,583.64,707.07,222.98
tr|V9GY78|V9GY78_HUMAN,6QWJ_v,230.0,24.63,nan,nan,nan
tr|C9J296|C9J296_HUMAN,4AQS_A,1.3e-104,718.18,324.26,186.32,254.56
tr|E9PJG1|E9PJG1_HUMAN,3DWB_A,1.5e-18,116.75,111.05,3.10,111.01
tr|E5RGZ1|E5RGZ1_HUMAN,4K25_A,3.3e-05,60.52,nan,nan,nan
tr|A0A7P0TAG4|A0A7P0TAG4_HUMAN,6VFK_A,35.0,28.38,nan,nan,nan
sp|A0A1B0GUA7|TEX51_HUMAN,6X62_AX,27.0,35.01,nan,nan,nan
tr|A0A3B3ISG3|A0A3B3ISG3_HUMAN,2YAD_C,2.4,28.25,nan,nan,nan
tr|C9JKG9|C9JKG9_HUMAN,7BMH_A,59.0,27.94,nan,nan,nan
tr|A0A024R3B8|A0A024R3B8_HUMAN,6X5S_B,22.0,29.25,nan,nan,nan
tr|E9PRX6|E9PRX6_HUMAN,1I8N_B,48.0,23.87,nan,nan,nan
tr|A0A6Q8PGN9|A0A6Q8PGN9_HUMAN,4YKN_A,3e-87,686.96,418.19,168.77,375.35
tr|A2ABE9|A2ABE9_HUMAN,1EWR_B,2.6e-16,138.4,129.21,7.97,128.97
tr|D6RBR5|D6RBR5_HUMAN,6Y7F_B,4.5e-18,118.13,118.13,0.00,118.13
sp|P0DMS8|AA3R_HUMAN,5UEN_A,3.2e-34,217.8,174.25,24.61,172.04
tr|C9JGT0|C9JGT0_HUMAN,7SP5_B,9e-14,109.28,75.61,10.00,75.05
sp|Q5VTY9|HHAT_HUMAN,7MHZ_A,1.7e-74,519.01,238.70,140.45,210.83
tr|A0A8V8TQ76|A0A8V8TQ76_HUMAN,6QX9_5X,1.4e-110,807.54,144.49,58.92,138.81
tr|C9JE82|C9JE82_HUMAN,6JPA_F,1.4e-144,1163.15,91.78,137.48,77.06
tr|B3KVL5|B3KVL5_HUMAN,6ZYM_9,0.59,43.84,nan,nan,nan
tr|A0A804HI81|A0A804HI81_HUMAN,7NJ1_A,1.4e-06,107.63,90.68,8.60,90.27
sp|Q9BY21|GPR87_HUMAN,4PXZ_A,1.2e-32,212.81,156.50,21.87,154.54
tr|A0A7I2YQB8|A0A7I2YQB8_HUMAN,6Z0U_RA,91.0,27.91,nan,nan,nan
tr|A0A0U1RRB6|A0A0U1RRB6_HUMAN,6VKL_F,5.3e-112,899.46,678.01,221.45,640.83
tr|B7Z757|B7Z757_HUMAN,4C7N_A,5.2e-10,77.59,69.36,10.55,68.49
tr|I3L1R8|I3L1R8_HUMAN,2J3T_C,0.0012,35.85,nan,nan,nan
tr|C9J9H5|C9J9H5_HUMAN,6TDM_A,63.0,20.14,nan,nan,nan
tr|A0A8V8TKM3|A0A8V8TKM3_HUMAN,7SGL_D,1.1e-10,81.26,68.15,13.11,66.88
tr|C9J847|C9J847_HUMAN,4OGR_G,2.7e-19,116.58,100.55,16.04,99.26
tr|H7BYJ3|H7BYJ3_HUMAN,6SO3_B,5e-13,160.59,117.42,23.12,115.31
tr|Q5VUC9|Q5VUC9_HUMAN,6AHU_C,6.7e-27,184.68,127.66,57.02,114.23
tr|Q5T6P2|Q5T6P2_HUMAN,7AEJ_C,190.0,23.44,nan,nan,nan
sp|Q9UI30|TR112_HUMAN,2J6A_A,5.3e-36,211.75,195.30,13.26,194.84
tr|A0A0G2JLL1|A0A0G2JLL1_HUMAN,6HGO_C,43.0,22.88,nan,nan,nan
tr|C9J795|C9J795_HUMAN,4FOM_A,4.9e-14,89.37,52.19,7.17,51.74
tr|A0A8V8TKV2|A0A8V8TKV2_HUMAN,4L8T_A,1.1e-86,604.11,401.47,81.89,393.94
tr|Q5JPA5|Q5JPA5_HUMAN,5DV7_C,1.2e-14,114.98,97.13,17.85,95.48
tr|F8WBK6|F8WBK6_HUMAN,3HN3_E,4.7e-16,116.03,72.88,17.05,71.35
tr|A0A6I8PTV4|A0A6I8PTV4_HUMAN,1R42_A,38.0,22.74,nan,nan,nan
tr|I3L0I7|I3L0I7_HUMAN,5IM8_A,22.0,25.82,nan,nan,nan
tr|B0YIW6|B0YIW6_HUMAN,5NZV_D,1.1e-64,465.04,184.48,86.11,171.47
tr|A0A2R8YHG0|A0A2R8YHG0_HUMAN,6Z9U_D,2.3e-27,175.85,148.56,38.59,142.71
tr|A0A3B3IS97|A0A3B3IS97_HUMAN,2MF8_A,0.19,31.36,nan,nan,nan
tr|A0A5F9ZGZ4|A0A5F9ZGZ4_HUMAN,7NH5_A,8.8e-09,65.48,65.48,0.00,65.48
tr|A0A3B3IUB7|A0A3B3IUB7_HUMAN,3UA0_B,130.0,21.24,nan,nan,nan
tr|M0R148|M0R148_HUMAN,5KHQ_A,0.0029,47.71,nan,nan,nan
tr|H7C5D9|H7C5D9_HUMAN,3CVR_A,2.2e-15,145.23,93.97,14.66,92.89
tr|C9JYW3|C9JYW3_HUMAN,4V6W_CU,7.3,28.59,nan,nan,nan
sp|Q8N6N2|TTC9B_HUMAN,2IF4_A,8e-08,77.58,77.58,0.00,77.58
tr|A0A2R8YCV2|A0A2R8YCV2_HUMAN,2ML5_A,30.0,22.46,nan,nan,nan
tr|H7BZC6|H7BZC6_HUMAN,5U6Y_J,9.4e-17,121.08,72.16,14.99,70.87
tr|J3QL89|J3QL89_HUMAN,6JMU_B,7.3e-22,140.32,138.19,2.13,138.17
tr|E9PMG9|E9PMG9_HUMAN,5OJ2_B,3.6e-19,145.57,96.47,6.74,96.25
sp|Q96BF3|TMIG2_HUMAN,6X4G_A,9.5e-08,65.76,61.25,3.81,61.13
tr|D6RF15|D6RF15_HUMAN,7JZW_J,17.0,25.16,nan,nan,nan
sp|H3BQL2|GOG8T_HUMAN,6K06_A,1.1e-08,73.59,71.31,2.27,71.28
tr|D6RFE8|D6RFE8_HUMAN,5TJ3_A,2e-11,114.52,92.77,8.24,92.41
sp|Q68G75|LEMD1_HUMAN,7NDY_G,5e-06,68.45,58.10,6.58,57.73
tr|H0YKC9|H0YKC9_HUMAN,1X2M_A,4.1e-05,45.73,nan,nan,nan
tr|H0YB00|H0YB00_HUMAN,6FOA_A,5.3e-22,167.53,167.53,0.00,167.53
sp|Q15036|SNX17_HUMAN,4GXB_A,7.6e-30,209.7,79.00,28.54,75.94
tr|I3L277|I3L277_HUMAN,3OXH_A,0.13,32.42,nan,nan,nan
tr|E9PGY2|E9PGY2_HUMAN,7DVQ_1,0.0028,62.22,nan,nan,nan
tr|A0A087WVT6|A0A087WVT6_HUMAN,6TYD_A,1.9e-17,113.06,104.36,7.62,104.08
tr|Q06HB5|Q06HB5_HUMAN,6QNX_C,0.78,39.14,nan,nan,nan
tr|H0Y4D4|H0Y4D4_HUMAN,2IIK_B,4.2e-23,155.62,94.38,16.04,93.19
tr|H7BZ31|H7BZ31_HUMAN,2JU4_A,58.0,26.36,nan,nan,nan
tr|H0YF45|H0YF45_HUMAN,5NZS_P,1.3e-17,133.48,75.33,25.01,72.13
tr|A6NNM2|A6NNM2_HUMAN,1Y0K_A,38.0,27.97,nan,nan,nan
sp|Q8N3J6|CADM2_HUMAN,5ZO2_C,1.7e-28,176.5,111.03,23.09,108.73
sp|Q6IPT4|NB5R5_HUMAN,4P6V_F,5.6e-27,194.94,121.77,24.14,119.25
tr|C9J8C2|C9J8C2_HUMAN,1K8Q_A,1.6e-09,73.84,57.79,4.42,57.63
sp|Q8NFA2|NOXO1_HUMAN,2DYB_B,1e-08,81.09,76.16,6.97,75.83
sp|P01733|TVBL3_HUMAN,6HDC_A,3.1e-09,75.37,50.25,7.46,49.76
sp|Q9H0C5|BTBD1_HUMAN,6WCQ_C,1.6e-24,189.65,93.44,35.46,88.01
tr|A0A1D5RMR8|A0A1D5RMR8_HUMAN,4B0T_A,48.0,17.61,nan,nan,nan
tr|C9JW74|C9JW74_HUMAN,4CCY_A,5.1e-16,121.03,85.78,12.56,84.85
sp|Q5T036|F120S_HUMAN,6YXY_EH,110.0,33.12,nan,nan,nan
tr|A0A7P0TB88|A0A7P0TB88_HUMAN,4X83_B,1.9,27.84,nan,nan,nan
tr|A0A494C0R2|A0A494C0R2_HUMAN,5DAG_A,5.3e-27,156.34,103.09,34.99,97.18
tr|J3QRV5|J3QRV5_HUMAN,6N8S_A,4.1e-210,1657.74,162.31,338.39,94.46
sp|Q9UIV8|SPB13_HUMAN,1JMO_A,1.8e-53,381.17,313.34,27.69,312.07
tr|F5H684|F5H684_HUMAN,5ZLG_A,3.7e-05,49.1,nan,nan,nan
tr|A0A7P0T9R4|A0A7P0T9R4_HUMAN,5NUG_B,0.0,5396.96,898.84,1440.44,285.32
tr|A0A0G2JMF9|A0A0G2JMF9_HUMAN,6QNX_C,1.1e-21,187.16,76.43,27.82,71.72
sp|A0A0B4J2H0|HV69D_HUMAN,3N44_F,3.9e-13,106.66,56.31,7.61,55.84
tr|C9J6M2|C9J6M2_HUMAN,3F5F_A,1.1e-06,71.99,70.61,1.38,70.60
tr|J3QLD3|J3QLD3_HUMAN,2MGY_A,1.1e-07,57.53,54.22,1.84,54.19
tr|A0A6I8PLA6|A0A6I8PLA6_HUMAN,6LQO_L,51.0,23.97,nan,nan,nan
tr|A0A2R8YCH5|A0A2R8YCH5_HUMAN,2Z6G_A,4.1e-105,768.96,143.69,101.95,128.58
tr|M0R027|M0R027_HUMAN,6AU8_A,4.5e-08,69.17,69.17,0.00,69.17
tr|E9PAL0|E9PAL0_HUMAN,6ULC_L,3.6,29.59,nan,nan,nan
sp|Q92753|RORB_HUMAN,3E00_D,1.1e-48,321.93,128.93,54.87,118.10
tr|G3V1A9|G3V1A9_HUMAN,5ME3_A,2e-25,243.63,148.75,56.43,137.97
tr|H0Y6P3|H0Y6P3_HUMAN,5Z7D_B,3.5e-22,152.95,128.14,20.98,126.10
tr|A0A0G2JNR0|A0A0G2JNR0_HUMAN,6GRT_B,2.4e-10,82.54,61.94,10.69,60.96
sp|Q96MX0|CKLF3_HUMAN,6OCE_B,59.0,30.81,nan,nan,nan
tr|G3V4U0|G3V4U0_HUMAN,3M0C_C,6.7e-17,154.82,84.19,26.68,80.27
tr|H0YEY7|H0YEY7_HUMAN,2I9W_A,39.0,26.87,nan,nan,nan
tr|H3BN75|H3BN75_HUMAN,6OWT_A,0.0047,43.01,nan,nan,nan
tr|K7EMP5|K7EMP5_HUMAN,6ZBE_A,360.0,23.46,nan,nan,nan
tr|A0A2U3TZJ0|A0A2U3TZJ0_HUMAN,6HZN_A,4.7e-43,308.99,110.63,46.94,104.52
tr|A0A087X0Y3|A0A087X0Y3_HUMAN,5X6O_C,400.0,28.63,nan,nan,nan
tr|F8WE11|F8WE11_HUMAN,3FHC_B,0.00023,45.99,nan,nan,nan
sp|Q96C23|GALM_HUMAN,1LUR_A,6e-44,294.71,194.22,72.17,179.48
tr|H3BPY5|H3BPY5_HUMAN,3AQQ_B,1.1e-27,159.75,91.49,55.78,75.58
tr|A0A5F9ZHA5|A0A5F9ZHA5_HUMAN,1XDT_R,7.2e-08,64.39,56.37,6.13,56.02
tr|J3QLA2|J3QLA2_HUMAN,6YSN_B,87.0,23.45,nan,nan,nan
sp|Q2TAC6|KIF19_HUMAN,5MM7_K,8.6e-56,425.14,312.00,46.44,308.35
sp|P0DI82|TPC2B_HUMAN,7KMT_K,2.6e-23,146.5,119.67,17.63,118.38
tr|F8W1F4|F8W1F4_HUMAN,1YRB_B,3.8e-09,72.0,65.78,6.23,65.48
sp|Q9HAV5|TNR27_HUMAN,7RFP_A,4.3e-11,108.96,69.55,9.76,68.94
tr|K7ESB9|K7ESB9_HUMAN,7KSR_A,0.00055,51.77,nan,nan,nan
tr|M0R081|M0R081_HUMAN,7N9F_z,100.0,31.68,nan,nan,nan
sp|Q9UJX3|APC7_HUMAN,4UI9_Y,1e-40,277.57,96.51,22.05,94.70
tr|B4E1Z4|B4E1Z4_HUMAN,3HRZ_D,2.1e-79,591.26,125.85,55.74,120.17
tr|A0A2R8Y7G1|A0A2R8Y7G1_HUMAN,5NJ8_C,2.8e-29,212.55,125.58,31.97,122.15
tr|F5H8G2|F5H8G2_HUMAN,3JT0_A,1.0,28.56,nan,nan,nan
tr|A0A994J5D8|A0A994J5D8_HUMAN,3ZBQ_A,140.0,21.4,nan,nan,nan
tr|E9PI09|E9PI09_HUMAN,6W2L_A,7.2e-48,311.13,182.78,35.88,179.43
tr|H3BR89|H3BR89_HUMAN,4J8S_A,2.6e-37,241.24,214.53,26.71,212.86
sp|Q96A32|MYL11_HUMAN,5T9R_G,8.2e-13,140.1,68.50,9.46,67.91
tr|B3KYB6|B3KYB6_HUMAN,2A1L_A,6.2e-31,194.33,191.72,1.89,191.71
tr|A0A6I8PRH3|A0A6I8PRH3_HUMAN,4OHR_A,40.0,16.74,nan,nan,nan
tr|H0YBD6|H0YBD6_HUMAN,1LS4_A,2.8,27.14,nan,nan,nan
tr|A0A1B0GTV4|A0A1B0GTV4_HUMAN,7RRO_U,3.6e-15,119.15,107.34,8.35,107.03
tr|A0A994J5D1|A0A994J5D1_HUMAN,7ENA_Dc,170.0,23.75,nan,nan,nan
sp|P62906|RL10A_HUMAN,7O7Y_Bv,7.4e-33,203.51,166.57,30.30,163.28
tr|C9JRD2|C9JRD2_HUMAN,6U3S_A,1.7e-41,260.53,77.37,30.88,73.13
tr|B5MDW0|B5MDW0_HUMAN,6VGG_A,1.2e-31,203.42,114.54,28.53,111.23
tr|B7ZLE8|B7ZLE8_HUMAN,5YUD_A,1.3e-201,1659.87,148.22,176.97,127.77
sp|P30711|GSTT1_HUMAN,2C3N_C,1.2e-28,171.72,108.62,14.92,107.58
tr|F5H895|F5H895_HUMAN,6EZN_B,8.7e-08,64.54,63.69,0.85,63.68
sp|Q6ZR85|CQ107_HUMAN,6SGA_FJ,40.0,32.81,nan,nan,nan
tr|A0A8I5QJ95|A0A8I5QJ95_HUMAN,7MGP_A,8.3,22.64,nan,nan,nan
tr|H7C1Z2|H7C1Z2_HUMAN,5JHO_B,8.2e-29,201.31,190.48,18.55,189.45
tr|H0YEN4|H0YEN4_HUMAN,7VCI_F,3.7e-163,1381.59,410.28,394.81,290.28
tr|V9GYX5|V9GYX5_HUMAN,4CHD_A,120.0,23.88,nan,nan,nan
tr|U3KQM4|U3KQM4_HUMAN,7FDJ_C,74.0,25.34,nan,nan,nan
tr|K7ENY5|K7ENY5_HUMAN,5YZG_i,6.8,25.06,nan,nan,nan
tr|C9IZG1|C9IZG1_HUMAN,2R1D_H,0.0032,40.18,nan,nan,nan
tr|E9PE72|E9PE72_HUMAN,6WFJ_BcB,3.4e-80,585.72,208.46,136.55,170.28
sp|O94967|WDR47_HUMAN,7K36_G,8e-18,176.12,136.92,11.44,136.46
tr|H0Y549|H0Y549_HUMAN,6U42_7X,0.00031,50.2,nan,nan,nan
tr|H0Y486|H0Y486_HUMAN,7VOP_V,41.0,36.53,nan,nan,nan
sp|Q7Z3V4|UBE3B_HUMAN,7MOP_A,4.1e-41,414.17,240.81,88.91,217.93
sp|Q15256|PTPRR_HUMAN,1JLN_A,1.2e-53,349.36,196.04,71.85,178.19
tr|B4DTW4|B4DTW4_HUMAN,6P2R_A,9.8e-77,608.03,193.41,172.83,147.46
tr|H0Y4P9|H0Y4P9_HUMAN,5M6U_B,1.7e-18,160.0,124.67,16.19,123.64
tr|A0A8I5QJ67|A0A8I5QJ67_HUMAN,7JTK_k,0.0014,47.89,nan,nan,nan
tr|Q5JX45|Q5JX45_HUMAN,6KXU_C,1.5e-63,429.77,209.07,136.77,168.70
sp|Q8IUG1|KRA13_HUMAN,4M3O_B,360.0,21.31,nan,nan,nan
tr|C9JVC6|C9JVC6_HUMAN,4X82_B,0.014,44.54,nan,nan,nan
tr|G3V4S9|G3V4S9_HUMAN,6L4H_A,3.5e-25,168.89,68.40,13.52,67.51
tr|M0R2F9|M0R2F9_HUMAN,4NQA_I,4e-55,348.65,134.02,50.50,126.52
tr|Q5T370|Q5T370_HUMAN,2R51_A,5.4e-20,149.38,122.47,18.23,120.94
sp|Q8TE99|PXYP1_HUMAN,4JOD_A,2.7e-32,228.8,198.04,11.35,197.73
tr|D6RBE8|D6RBE8_HUMAN,5A63_B,490.0,25.03,nan,nan,nan
sp|Q6ZUM4|RHG27_HUMAN,1XA6_A,1.9e-25,208.64,160.00,24.01,158.07
tr|A0A8V8TLX8|A0A8V8TLX8_HUMAN,6XJL_A,2.2e-58,432.92,314.25,64.34,304.31
tr|H7C348|H7C348_HUMAN,3ZW5_A,7e-16,90.61,63.01,5.94,62.75
tr|A0A096LNX6|A0A096LNX6_HUMAN,7OOP_S,45.0,31.08,nan,nan,nan
tr|E5RHF9|E5RHF9_HUMAN,4WYK_C,0.015,43.97,nan,nan,nan
sp|Q9H0B8|CRLD2_HUMAN,3NT8_A,5.8e-23,172.47,142.10,22.18,140.20
tr|Q5VUC6|Q5VUC6_HUMAN,1RXT_C,1.8e-93,654.24,415.24,102.70,404.34
tr|A0A8V8TKL8|A0A8V8TKL8_HUMAN,7LHK_B,1.7e-13,104.05,104.05,0.00,104.05
sp|P38570|ITAE_HUMAN,4NEH_A,8.3e-80,660.06,139.69,120.86,111.63
tr|A0A494C0Z0|A0A494C0Z0_HUMAN,1F6F_A,5.8e-37,226.53,192.95,16.97,192.26
tr|A8K382|A8K382_HUMAN,3L01_B,1.5e-06,61.67,61.67,0.00,61.67
sp|Q96LL3|FIMP_HUMAN,1V8D_C,27.0,30.47,nan,nan,nan
tr|A0A7I2V367|A0A7I2V367_HUMAN,3PBH_A,1.1e-25,159.61,104.05,18.57,102.25
sp|O71037|ENK19_HUMAN,6MAR_D,1.2e-09,101.01,101.01,0.00,101.01
tr|F8WE36|F8WE36_HUMAN,7D3F_D,0.04,45.37,nan,nan,nan
tr|F8WC38|F8WC38_HUMAN,6AHV_A,6.4e-14,106.46,106.46,0.00,106.46
tr|A0A994J7C1|A0A994J7C1_HUMAN,3GHG_I,3.8e-35,308.51,140.38,66.26,126.62
tr|E5RI82|E5RI82_HUMAN,2BJI_A,3.5e-23,149.05,127.89,11.05,127.41
tr|M0QXE2|M0QXE2_HUMAN,3M1C_B,84.0,25.54,nan,nan,nan
tr|K7ER45|K7ER45_HUMAN,4G4S_P,9.2e-12,89.76,68.88,11.09,68.06
sp|Q9H7J1|PPR3E_HUMAN,2EEF_A,8.3e-17,125.67,109.06,18.95,107.13
sp|A8MTJ6|FOXI3_HUMAN,6FEC_w,8e-26,221.76,150.61,23.05,149.09
sp|Q16559|TAL2_HUMAN,2LFH_A,7.2e-10,69.42,54.03,11.25,52.87
tr|H0Y8W5|H0Y8W5_HUMAN,1XA6_A,1.5e-20,161.37,127.08,16.16,126.11
sp|Q96H20|SNF8_HUMAN,3CUQ_A,7.1e-52,330.41,261.75,59.26,254.71
tr|Q5TEH5|Q5TEH5_HUMAN,4DUR_A,8.4e-25,171.32,125.79,43.44,116.17
sp|P01833|PIGR_HUMAN,2OCW_A,1.4e-67,448.82,91.36,36.54,88.28
tr|E5RGT2|E5RGT2_HUMAN,1IUQ_A,0.028,43.07,nan,nan,nan
tr|A0A087WT99|A0A087WT99_HUMAN,1XCR_A,1.4e-84,557.67,557.67,0.00,557.67
tr|A0A8I5KQR8|A0A8I5KQR8_HUMAN,5V9T_B,5.5e-141,1136.64,351.59,277.07,255.00
tr|E5RFH8|E5RFH8_HUMAN,7O3E_I,4.2e-06,48.54,48.54,0.00,48.54
sp|P0C7W6|CC172_HUMAN,7DL2_C,55.0,35.15,nan,nan,nan
sp|Q86V20|SHLD2_HUMAN,6WWA_Y,9.8e-14,123.04,106.04,17.00,104.67
tr|A0A669KA36|A0A669KA36_HUMAN,3J09_A,2.1e-83,665.23,191.47,151.52,141.33
tr|G3V3W7|G3V3W7_HUMAN,6TF9_hP1,5.3e-13,92.96,78.67,11.22,77.62
tr|A0A1B0GVR1|A0A1B0GVR1_HUMAN,1JO5_A,260.0,18.58,nan,nan,nan
sp|Q9BRT9|SLD5_HUMAN,7PLO_G,2.6e-43,277.66,156.74,46.67,150.38
tr|K7ESB0|K7ESB0_HUMAN,5KZN_A,160.0,20.19,nan,nan,nan
tr|D6RJ93|D6RJ93_HUMAN,7AOI_BE,310.0,23.78,nan,nan,nan
tr|H3BVD5|H3BVD5_HUMAN,2WD9_C,6.6e-15,107.47,69.81,15.16,68.45
tr|J3KQU7|J3KQU7_HUMAN,7EIB_A,9.6e-20,158.45,131.80,13.09,131.01
tr|F5H5G1|F5H5G1_HUMAN,6U7N_A,6.4e-33,192.26,120.93,19.86,119.36
sp|Q96MV8|ZDH15_HUMAN,6BMS_D,2.9e-58,370.93,309.29,36.46,307.28
tr|C9J7Y7|C9J7Y7_HUMAN,6PA7_P,1.1e-05,67.75,56.41,7.00,55.98
sp|Q6NUJ2|CK087_HUMAN,6C13_A,0.0017,51.96,nan,nan,nan
tr|C9JQD0|C9JQD0_HUMAN,3SLK_B,4.2e-07,72.34,56.35,3.11,56.27
tr|M0R253|M0R253_HUMAN,6XXJ_B,2e-23,166.91,131.15,21.12,129.49
tr|A0A494C1C3|A0A494C1C3_HUMAN,7DSK_A,0.0064,62.5,nan,nan,nan
tr|I3L1K8|I3L1K8_HUMAN,5XPD_A,0.3,27.22,nan,nan,nan
sp|Q96C03|MID49_HUMAN,5WP9_J,1.3e-30,217.78,126.26,45.76,118.89
tr|A0A804HKI2|A0A804HKI2_HUMAN,6YXY_Ao,5.1e-13,162.06,116.06,20.54,114.24
tr|F8WDC0|F8WDC0_HUMAN,7C7Q_A,2.7e-25,184.54,91.85,50.79,80.15
tr|Q3MS88|Q3MS88_HUMAN,4XI2_A,2.8e-18,119.88,64.92,21.65,62.25
tr|H0YNS8|H0YNS8_HUMAN,6UPL_H,1.5e-06,74.68,54.61,10.01,53.77
tr|H3BV55|H3BV55_HUMAN,7O1B_B,3e-17,111.02,95.60,13.64,94.43
sp|Q96LA9|MRGX4_HUMAN,7S8O_R,2.1e-29,200.6,127.85,14.82,126.83
tr|A0A1B0GUH2|A0A1B0GUH2_HUMAN,6JP8_A,6e-48,387.98,121.87,64.56,110.62
tr|H3BQW7|H3BQW7_HUMAN,7KZT_S,1e-20,170.72,169.28,2.04,169.27
tr|A0A0A0MSA4|A0A0A0MSA4_HUMAN,6D21_A,3.2e-27,214.27,112.56,34.95,108.24
tr|K7ENR9|K7ENR9_HUMAN,1UW0_A,4.7e-22,137.11,102.29,10.26,101.85
sp|P55287|CAD11_HUMAN,1Q5C_B,6e-57,429.14,139.82,47.93,133.00
sp|Q9UPW5|CBPC1_HUMAN,3L2N_B,4.3e-40,317.39,122.98,67.90,111.95
tr|F8WAZ7|F8WAZ7_HUMAN,6QAJ_B,0.00036,43.42,nan,nan,nan
tr|M0QZL4|M0QZL4_HUMAN,5YPS_E,89.0,19.18,nan,nan,nan
tr|H7C1F3|H7C1F3_HUMAN,4KYC_A,2.5,28.26,nan,nan,nan
sp|Q8NGE9|OR9Q2_HUMAN,7BVQ_B,3.3e-26,186.17,144.47,19.26,142.90
tr|H0YJY7|H0YJY7_HUMAN,1Z5X_E,30.0,20.51,nan,nan,nan
tr|F5H6J5|F5H6J5_HUMAN,7DCO_2,4.3e-10,94.66,87.89,4.27,87.79
tr|A0A7P0TA68|A0A7P0TA68_HUMAN,4UUY_B,67.0,30.28,nan,nan,nan
tr|A0A494C178|A0A494C178_HUMAN,2EEF_A,6.3e-12,109.34,98.83,7.65,98.54
sp|Q9H158|PCDC1_HUMAN,5SZP_A,1.6e-39,294.63,138.83,49.38,130.81
tr|A0A140TA11|A0A140TA11_HUMAN,6AT5_A,2.6e-35,217.29,139.63,53.01,127.30
sp|P20290|BTF3_HUMAN,6T59_NB,1.7e-55,349.64,159.54,101.81,131.39
tr|Q5T0S4|Q5T0S4_HUMAN,3GRO_B,7.6e-28,177.18,145.61,28.67,142.40
tr|A0A2R8Y6Q2|A0A2R8Y6Q2_HUMAN,7EEB_B,3.7e-16,107.14,107.14,0.00,107.14
sp|P17643|TYRP1_HUMAN,5M8T_C,1.5e-104,732.69,201.40,121.07,186.27
tr|H0YC64|H0YC64_HUMAN,1IUQ_A,0.065,40.75,nan,nan,nan
tr|H3BSX6|H3BSX6_HUMAN,6ZJM_G,29.0,26.44,nan,nan,nan
tr|F8WF62|F8WF62_HUMAN,2GAH_A,1.1e-05,67.91,64.02,2.87,63.95
tr|X6R6F3|X6R6F3_HUMAN,5LQ7_A,82.0,28.35,nan,nan,nan
tr|A0A7P0TAZ7|A0A7P0TAZ7_HUMAN,7ASE_f,4.6e-115,1041.28,155.55,59.02,150.21
tr|E9PNX5|E9PNX5_HUMAN,5E33_A,1.1e-23,171.71,133.58,27.21,130.95
tr|C9J4Q7|C9J4Q7_HUMAN,5VBD_A,31.0,26.37,nan,nan,nan
tr|A0A0C4DGA9|A0A0C4DGA9_HUMAN,7BV9_A,8.2e-05,63.32,nan,nan,nan
sp|Q9H5Q4|TFB2M_HUMAN,6ERQ_J,1e-51,359.18,140.14,81.23,123.85
tr|H3BS69|H3BS69_HUMAN,6ZS0_BBB,24.0,25.57,nan,nan,nan
sp|Q9BZZ5|API5_HUMAN,3U0R_A,7.8e-128,920.92,869.45,51.46,867.93
tr|D6RDU3|D6RDU3_HUMAN,6DHS_B,2.4e-13,82.37,56.36,8.67,55.78
tr|A0A0U1RQL4|A0A0U1RQL4_HUMAN,3IHP_B,0.0012,59.56,nan,nan,nan
tr|H3BPT3|H3BPT3_HUMAN,4X96_C,3.1e-18,141.18,122.67,11.51,122.15
tr|K7ELQ5|K7ELQ5_HUMAN,5JXT_K,18.0,26.55,nan,nan,nan
sp|I1YAP6|TRI77_HUMAN,4CFG_B,1.3e-22,169.77,95.16,30.40,91.20
sp|Q8N8J7|F241A_HUMAN,6QP6_A,35.0,32.29,nan,nan,nan
tr|A0A6I8PRR0|A0A6I8PRR0_HUMAN,4XRU_A,0.32,37.27,nan,nan,nan
sp|Q8N144|CXD3_HUMAN,7JJP_D,2.4e-50,374.36,320.74,36.97,318.62
tr|H3BRY1|H3BRY1_HUMAN,7ASV_A,4.6e-20,148.11,119.84,27.64,116.61
tr|C9K0U5|C9K0U5_HUMAN,2WVR_B,5.6e-12,90.37,90.37,0.00,90.37
sp|Q9NRY4|RHG35_HUMAN,3FK2_C,2.5e-29,224.98,133.23,45.58,124.17
tr|Q5VXC0|Q5VXC0_HUMAN,3ODW_B,0.0023,57.01,nan,nan,nan
tr|H3BUQ8|H3BUQ8_HUMAN,6WTH_B,1.1e-45,313.14,158.11,87.80,136.40
tr|F1DAL7|F1DAL7_HUMAN,3E00_A,4.7e-53,362.36,142.03,60.50,129.51
tr|G3V488|G3V488_HUMAN,7N9F_z,320.0,24.88,nan,nan,nan
tr|E9PK37|E9PK37_HUMAN,6WVG_B,8.5e-06,59.12,55.89,3.39,55.79
tr|A0A087WZZ6|A0A087WZZ6_HUMAN,2ACM_A,2.1e-06,53.47,53.47,0.00,53.47
tr|G3V2K3|G3V2K3_HUMAN,6WCQ_C,9.3e-05,52.44,nan,nan,nan
tr|J3KRF8|J3KRF8_HUMAN,2DDU_A,46.0,26.34,nan,nan,nan
tr|E9PJ54|E9PJ54_HUMAN,4QUV_B,7.8e-09,83.54,83.54,0.00,83.54
tr|H3BQE7|H3BQE7_HUMAN,4V60_I,6.8e-08,78.78,77.97,0.57,77.97
sp|Q0PNE2|ELP6_HUMAN,4A8J_F,2.7e-30,210.65,148.64,61.14,135.47
tr|A0A7P0TBP2|A0A7P0TBP2_HUMAN,6ICI_A,5.8e-06,88.25,77.66,7.62,77.30
tr|A0A087WY02|A0A087WY02_HUMAN,7BVQ_B,2.2e-24,175.64,135.41,18.88,133.77
sp|Q69YW2|STUM_HUMAN,7P5C_B,130.0,26.54,nan,nan,nan
sp|Q16671|AMHR2_HUMAN,6SEQ_A,5.3e-21,211.95,150.70,14.37,150.08
tr|A0A494C0E7|A0A494C0E7_HUMAN,6AED_A,0.0006,38.77,nan,nan,nan
tr|I3L4K6|I3L4K6_HUMAN,5LSJ_C,2.8e-22,142.01,116.57,20.17,114.83
tr|A0A2C9F2M8|A0A2C9F2M8_HUMAN,7JOZ_R,1.7e-25,185.41,149.70,21.04,147.80
tr|H0Y5V3|H0Y5V3_HUMAN,1NIJ_A,1.5e-37,247.65,99.17,48.19,92.01
tr|H3BUD7|H3BUD7_HUMAN,6MP5_B,0.002,43.14,nan,nan,nan
tr|E9PK84|E9PK84_HUMAN,2H6H_A,1.8e-17,107.96,104.21,5.30,104.07
tr|H0YGN9|H0YGN9_HUMAN,5KGQ_A,18.0,23.09,nan,nan,nan
tr|W4VSQ5|W4VSQ5_HUMAN,6ZDX_B,0.068,36.05,nan,nan,nan
sp|Q8N162|OR8H2_HUMAN,7EIB_A,4.6e-21,164.24,130.31,17.75,128.83
tr|A0A3B3ITU3|A0A3B3ITU3_HUMAN,6S48_A,270.0,23.25,nan,nan,nan
tr|C9JWD6|C9JWD6_HUMAN,5WUA_C,1.3e-19,162.92,126.93,18.44,125.56
tr|E5RJ11|E5RJ11_HUMAN,1QQG_B,9.1e-12,90.81,78.53,13.50,77.29
tr|J3QSH7|J3QSH7_HUMAN,2L4Z_A,0.0033,39.38,nan,nan,nan
tr|J3QS17|J3QS17_HUMAN,6X9G_A,0.19,33.36,nan,nan,nan
tr|A0A8Q3WL81|A0A8Q3WL81_HUMAN,7KZT_M,5.3e-55,369.57,252.65,104.28,227.73
tr|A0A1W2PQ00|A0A1W2PQ00_HUMAN,3GNI_B,1.6e-34,215.26,126.21,10.23,125.84
tr|A0A087WT38|A0A087WT38_HUMAN,4JHN_D,2.5e-05,61.91,nan,nan,nan
tr|A0A669KAY2|A0A669KAY2_HUMAN,6FTO_C,53.0,20.62,nan,nan,nan
tr|A0A1B0GXL9|A0A1B0GXL9_HUMAN,6T9K_Q,46.0,35.88,nan,nan,nan
tr|A0A087WY77|A0A087WY77_HUMAN,6XJX_Q,68.0,23.5,nan,nan,nan
tr|A0A2R8YET2|A0A2R8YET2_HUMAN,6IGM_H,5.1,54.85,nan,nan,nan
sp|Q8NGY6|OR6N2_HUMAN,7JOZ_R,7.3e-24,175.54,136.06,18.10,134.58
tr|A0A6Q8PF64|A0A6Q8PF64_HUMAN,4ICW_A,4.9e-22,147.82,134.69,11.15,134.22
sp|O14604|TYB4Y_HUMAN,4PL7_B,1.6e-11,74.13,67.52,7.28,67.09
tr|D6RCA8|D6RCA8_HUMAN,1M9I_A,5.5e-24,162.71,134.07,15.45,132.80
sp|P54845|NRL_HUMAN,2WT7_B,1.1e-13,94.44,79.48,10.47,78.80
tr|Q14899|Q14899_HUMAN,6QDV_c,62.0,29.89,nan,nan,nan
tr|G3V2F2|G3V2F2_HUMAN,1R6T_A,2.3e-06,60.21,59.44,0.78,59.43
tr|A0A2R8YDL0|A0A2R8YDL0_HUMAN,7KWO_V,1.1e-116,1021.99,359.05,325.05,250.74
tr|A0A994J5E9|A0A994J5E9_HUMAN,2D68_B,5.2e-13,94.11,94.11,0.00,94.11
tr|C9JI11|C9JI11_HUMAN,6WCQ_C,0.0065,39.07,nan,nan,nan
tr|H3BV83|H3BV83_HUMAN,2P0G_D,1.2,21.99,nan,nan,nan
tr|A0A8V8TKV9|A0A8V8TKV9_HUMAN,3HUF_C,0.0014,42.12,nan,nan,nan
tr|H7C5T6|H7C5T6_HUMAN,5X7Q_B,84.0,20.78,nan,nan,nan
tr|A0A0S2Z3I2|A0A0S2Z3I2_HUMAN,5LGD_A,4.9e-42,288.04,256.57,19.08,255.89
tr|H7C2W2|H7C2W2_HUMAN,6L8O_A,8.9e-18,162.39,94.58,19.73,93.05
tr|C9JVP0|C9JVP0_HUMAN,6FEC_w,3.8e-23,200.87,142.97,17.05,142.12
tr|I3L407|I3L407_HUMAN,2ORY_B,0.066,35.91,nan,nan,nan
sp|P07585|PGS2_HUMAN,1XKU_A,2e-38,234.84,104.75,23.97,102.39
sp|Q6IFH4|OR6B2_HUMAN,7JOZ_R,1.8e-23,172.88,134.56,15.33,133.50
tr|H0Y7Q3|H0Y7Q3_HUMAN,7D3F_D,0.089,47.74,nan,nan,nan
sp|O75084|FZD7_HUMAN,7EVW_R,6.4e-80,570.89,172.15,122.90,142.89
tr|A0A494C1R6|A0A494C1R6_HUMAN,6RAX_4,850.0,21.32,nan,nan,nan
tr|H3BR34|H3BR34_HUMAN,4MT2_A,1.1e-13,86.31,84.29,2.02,84.27
tr|A0A0D9SFZ4|A0A0D9SFZ4_HUMAN,7MN6_A,4.7e-11,108.18,67.56,8.39,67.11
tr|A0A087WWN2|A0A087WWN2_HUMAN,2HYE_C,1.1e-30,214.95,100.66,31.97,97.01
sp|A0A0B4J248|TVA11_HUMAN,6HDC_A,2.6e-09,74.98,47.91,5.68,47.60
sp|Q6NT04|TIGD7_HUMAN,1IUF_A,4.4e-11,83.49,76.86,6.63,76.57
tr|M0QZ02|M0QZ02_HUMAN,2YB0_E,8.6,31.01,nan,nan,nan
sp|P11169|GTR3_HUMAN,4ZW9_A,1e-46,303.63,120.25,40.70,115.74
sp|P82933|RT09_HUMAN,6ZM6_AG,2.7e-132,924.39,263.01,170.92,233.06
tr|E9PIJ1|E9PIJ1_HUMAN,7A4Y_D,9.7,23.35,nan,nan,nan
tr|F2Z3J3|F2Z3J3_HUMAN,7BLX_L,15.0,27.38,nan,nan,nan
tr|A0A7P0TAM6|A0A7P0TAM6_HUMAN,1EG4_A,1e-29,208.11,208.11,0.00,208.11
sp|P03905|NU4M_HUMAN,5XTH_r,1.5e-53,376.42,225.05,34.93,222.61
tr|F8WCN6|F8WCN6_HUMAN,5M33_A,0.066,35.21,nan,nan,nan
tr|A0A5F9ZI08|A0A5F9ZI08_HUMAN,4RLV_A,1.9e-111,854.14,290.54,125.40,272.42
tr|H0YMW1|H0YMW1_HUMAN,5RAG_A,54.0,25.24,nan,nan,nan
tr|Q5FC02|Q5FC02_HUMAN,7NKG_C,65.0,26.0,nan,nan,nan
tr|G3V412|G3V412_HUMAN,6TBU_A,83.0,29.07,nan,nan,nan
tr|D6R9M7|D6R9M7_HUMAN,7DVQ_4,5.4e-10,95.05,57.71,11.76,56.58
tr|A0A804F6T5|A0A804F6T5_HUMAN,6DU6_C,5.6e-113,818.2,587.60,182.48,519.59
tr|E9PIB8|E9PIB8_HUMAN,4HD5_A,15.0,27.09,nan,nan,nan
tr|Q5TBW1|Q5TBW1_HUMAN,5YP4_B,1.1e-09,84.12,67.42,5.19,67.22
sp|Q5BJD5|TM41B_HUMAN,2PFD_B,120.0,30.75,nan,nan,nan
sp|Q9H6R3|ACSS3_HUMAN,7MMZ_A,1.4e-70,495.88,246.39,62.06,238.63
sp|Q8WUH6|TM263_HUMAN,2VO1_A,100.0,24.18,nan,nan,nan
tr|F8WDY2|F8WDY2_HUMAN,7NSC_D,62.0,25.56,nan,nan,nan
tr|D6RIV8|D6RIV8_HUMAN,3BRD_A,8.7e-15,106.75,101.30,4.49,101.20
sp|Q9BZ76|CNTP3_HUMAN,3POY_A,4.5e-42,342.32,107.54,56.28,97.37
tr|A0A1W2PQM1|A0A1W2PQM1_HUMAN,1NKR_A,4.4e-17,105.48,78.71,12.70,77.69
sp|Q7Z6E9|RBBP6_HUMAN,6I1D_B,4.4e-23,198.03,116.78,46.64,107.72
tr|C9J184|C9J184_HUMAN,5KYM_B,0.58,30.97,nan,nan,nan
tr|R4GMQ4|R4GMQ4_HUMAN,1N3H_A,0.00066,45.55,nan,nan,nan
tr|J3QLG1|J3QLG1_HUMAN,7T7C_H,0.57,36.05,nan,nan,nan
sp|Q8TBZ5|ZN502_HUMAN,6QNX_C,6.8e-54,431.75,99.49,54.91,88.77
tr|A0A1B0GTQ5|A0A1B0GTQ5_HUMAN,5C8J_L,35.0,27.74,nan,nan,nan
tr|H0YKR7|H0YKR7_HUMAN,5B86_A,2.2e-21,166.77,113.19,31.18,109.54
tr|A6PVH4|A6PVH4_HUMAN,3BXD_A,7.7e-84,558.76,522.61,25.56,522.00
tr|E9PQE2|E9PQE2_HUMAN,2XSN_C,34.0,24.96,nan,nan,nan
tr|C9JWG1|C9JWG1_HUMAN,6VK0_D,470.0,22.37,nan,nan,nan
tr|F5H2F7|F5H2F7_HUMAN,5GUH_A,1.6e-13,120.63,97.88,22.74,95.21
tr|A0A8I5KU67|A0A8I5KU67_HUMAN,7ADO_C,2.1e-46,299.09,277.55,30.46,275.78
sp|Q13469|NFAC2_HUMAN,1P7H_N,1.8e-47,357.99,183.72,64.98,172.80
tr|A0A7P0T870|A0A7P0T870_HUMAN,2HYE_A,3.1e-121,939.77,690.04,168.69,660.93
tr|J3KRQ6|J3KRQ6_HUMAN,6ELZ_n,130.0,27.45,nan,nan,nan
tr|E9PIH0|E9PIH0_HUMAN,6RKW_B,100.0,25.21,nan,nan,nan
sp|P0CG38|POTEI_HUMAN,6HTS_H,3.8e-50,425.36,160.53,65.32,151.22
tr|Q5JYW6|Q5JYW6_HUMAN,7DL2_D,2.9,48.81,nan,nan,nan
tr|F5GWK2|F5GWK2_HUMAN,6QJA_B,9.5e-09,65.55,65.55,0.00,65.55
tr|A0A9L9PX96|A0A9L9PX96_HUMAN,7NRC_A,160.0,33.38,nan,nan,nan
tr|A0A1B0GU12|A0A1B0GU12_HUMAN,6VQH_p,2.6e-53,354.05,349.42,4.63,349.39
sp|Q86SH2|ZAR1_HUMAN,2FIY_A,3.1,39.34,nan,nan,nan
tr|E7EUV9|E7EUV9_HUMAN,4QOZ_C,7.7e-33,216.83,158.06,48.23,148.13
tr|E9PKD5|E9PKD5_HUMAN,6FVT_M,3.9e-40,269.55,98.37,27.23,95.25
tr|A0A6Q8PHR1|A0A6Q8PHR1_HUMAN,4RWN_A,1.7e-33,233.17,121.20,52.21,112.33
sp|Q12974|TP4A2_HUMAN,1R6H_A,1.7e-25,153.55,68.87,15.22,67.62
sp|Q5TBK1|N42L1_HUMAN,2IA5_H,6.1e-12,92.7,65.60,9.11,65.03
sp|Q9NYQ8|FAT2_HUMAN,4AK1_A,2.5e-37,347.19,163.43,50.47,156.19
sp|P47901|V1BR_HUMAN,7BR3_A,4.3e-34,250.9,178.66,28.27,175.68
tr|U3KPV9|U3KPV9_HUMAN,2QSB_A,49.0,18.72,nan,nan,nan
tr|A0A0G2JPW3|A0A0G2JPW3_HUMAN,4BNE_B,2.6e-10,97.51,73.66,15.50,72.02
tr|H0YA69|H0YA69_HUMAN,5B5O_B,130.0,19.76,nan,nan,nan
sp|Q9Y6F9|WNT6_HUMAN,7DRT_A,9.3e-73,491.43,441.77,61.80,436.61
sp|Q96RT1|ERBIN_HUMAN,6NZW_D,6.2e-26,250.6,171.95,30.25,169.23
sp|Q5HYR2|DMRTC_HUMAN,6PBY_A,270.0,25.27,nan,nan,nan
